2025-05-04 11:00:06,903	INFO	Start main routine for show ENS04May25
2025-05-04 11:00:06,903	INFO	Removing old working directory /srv/mm/3rrr/work27Apr
2025-05-04 11:00:06,921	INFO	Removing old show directory /srv/mm/3rrr/show27Apr
2025-05-04 11:00:07,049	INFO	mplayer cmd: mplayer -endpos 01:02:00 -quiet -nocache -vo null -vc dummy -ao pcm:waveheader:file=/srv/mm/3rrr/work04May/ENS04May25.wav_1.wav http://realtime.rrr.org.au/p1h
2025-05-04 11:00:07,115	INFO	waiting for mplayer to create the wav file, count:0
2025-05-04 11:00:08,116	INFO	waiting for mplayer to create the wav file, count:1
2025-05-04 11:00:09,118	INFO	waiting for the wav file to grow, size:0
2025-05-04 11:00:10,119	INFO	waiting for the wav file to grow, size:1703936
2025-05-04 11:00:11,141	INFO	sampling rate is 44100
2025-05-04 11:00:11,141	INFO	Status info: rc is 1  runtime is 0  remtime is 3720   fsize is 2031616
2025-05-04 12:02:14,835	INFO	Show ENS remaining time: 0
2025-05-04 12:02:19,843	INFO	sox cmd: sox /srv/mm/3rrr/work04May/ENS04May25.wav_1.wav /srv/mm/3rrr/work04May/ENS04May25.wav
2025-05-04 12:03:07,414	INFO	sox cmd: sox /srv/mm/3rrr/work04May/ENS04May25.wav -c1 -b16 /srv/mm/3rrr/work04May/Einstein-A-Go-Go-20250504.wav_mon.wav
2025-05-04 12:03:41,091	INFO	sox cmd: sox /srv/mm/3rrr/work04May/Einstein-A-Go-Go-20250504.wav /srv/mm/3rrr/work04May/Einstein-A-Go-Go-20250504.wav_loud.wav compand 0.01,1 -90,-90,-70,-70,-60,-20,0,0 -5
2025-05-04 12:04:08,101	INFO	lame cmd: lame --quiet -b 320 --add-id3v2 --ty 2025 --tt Einstein A Go Go - 04 May 2025 --tc Einstein A Go Go can be heard every Sunday at 11.00am on 3RRR FM 102.7 MHz in Melbourne, Australia (http://www.rrr.org.au). Visit our website for more information (http://www.rrr.org.au/program/einstein-a-go-go/). --tg Podcast --ta Einstein A Go Go --tl Triple R FM /srv/mm/3rrr/work04May/ENS04May25.wav /srv/mm/3rrr/work04May/ENS04May25.mp3
2025-05-04 12:08:13,213	INFO	lame cmd: lame --quiet --preset 64 --add-id3v2 --ty 2025 --tt Einstein A Go Go - 04 May 2025 --tc Einstein A Go Go can be heard every Sunday at 11.00am on 3RRR FM 102.7 MHz in Melbourne, Australia (http://www.rrr.org.au). Visit our website for more information (http://www.rrr.org.au/program/einstein-a-go-go/). --tg Speech --ta Triple R --tl Triple R /srv/mm/3rrr/work04May/Einstein-A-Go-Go-20250504.wav /srv/mm/3rrr/work04May/Einstein-A-Go-Go-20250504.mp3
2025-05-04 12:10:23,605	INFO	Removing stale latest directory /srv/mm/3rrr/latest/ENS/
2025-05-04 12:10:23,614	INFO	Copy the ENS show files to show and latest folders
2025-05-04 12:10:32,275	INFO	Local web server publishing of files started
2025-05-04 12:10:33,507	INFO	Removing old file /var/www/eagg/files/Einstein-A-Go-Go-20250420.mp3
2025-05-04 12:10:33,507	INFO	Removing old file /var/www/eagg/files/ENS20Apr25.log
2025-05-04 12:10:33,507	INFO	Delete local web server archive file /var/www/eagg/files/archive/Einstein-A-Go-Go-20250309.mp3
2025-05-04 12:10:33,507	INFO	Removing old file /var/www/eagg/files/archive/Einstein-A-Go-Go-20250309.mp3
2025-05-04 12:10:33,507	INFO	Github publishing of files started
