2025-02-02 11:00:26,863	INFO	Start main routine for show ENS02Feb25
2025-02-02 11:00:26,863	INFO	Removing old working directory /srv/mm/3rrr/work26Jan
2025-02-02 11:00:26,886	INFO	Removing old show directory /srv/mm/3rrr/show26Jan
2025-02-02 11:00:27,082	INFO	mplayer cmd: mplayer -endpos 01:02:00 -quiet -nocache -vo null -vc dummy -ao pcm:waveheader:file=/srv/mm/3rrr/work02Feb/ENS02Feb25.wav_1.wav http://realtime.rrr.org.au/p1h
2025-02-02 11:00:27,148	INFO	waiting for mplayer to start, count:0
2025-02-02 11:00:28,158	INFO	waiting for mplayer to create the wav file, count:0
2025-02-02 11:00:29,159	INFO	waiting for the wav file to grow, size:0
2025-02-02 11:00:30,161	INFO	waiting for the wav file to grow, size:1703936
2025-02-02 11:00:31,183	INFO	sampling rate is 44100
2025-02-02 11:00:31,183	INFO	Status info: rc is 1  runtime is 0  remtime is 3720   fsize is 2162688
2025-02-02 12:02:34,982	INFO	Show ENS remaining time: 0
2025-02-02 12:02:39,992	INFO	sox cmd: sox /srv/mm/3rrr/work02Feb/ENS02Feb25.wav_1.wav /srv/mm/3rrr/work02Feb/ENS02Feb25.wav
2025-02-02 12:03:27,933	INFO	sox cmd: sox /srv/mm/3rrr/work02Feb/ENS02Feb25.wav -c1 -b16 /srv/mm/3rrr/work02Feb/Einstein-A-Go-Go-20250202.wav_mon.wav
2025-02-02 12:04:01,660	INFO	sox cmd: sox /srv/mm/3rrr/work02Feb/Einstein-A-Go-Go-20250202.wav /srv/mm/3rrr/work02Feb/Einstein-A-Go-Go-20250202.wav_loud.wav compand 0.01,1 -90,-90,-70,-70,-60,-20,0,0 -5
2025-02-02 12:04:23,958	INFO	lame cmd: lame --quiet -b 320 --add-id3v2 --ty 2025 --tt Einstein A Go Go - 02 February 2025 --tc Einstein A Go Go can be heard every Sunday at 11.00am on 3RRR FM 102.7 MHz in Melbourne, Australia (http://www.rrr.org.au). Visit our website for more information (http://www.rrr.org.au/program/einstein-a-go-go/). --tg Podcast --ta Einstein A Go Go --tl Triple R FM /srv/mm/3rrr/work02Feb/ENS02Feb25.wav /srv/mm/3rrr/work02Feb/ENS02Feb25.mp3
2025-02-02 12:08:04,060	INFO	lame cmd: lame --quiet --preset 64 --add-id3v2 --ty 2025 --tt Einstein A Go Go - 02 February 2025 --tc Einstein A Go Go can be heard every Sunday at 11.00am on 3RRR FM 102.7 MHz in Melbourne, Australia (http://www.rrr.org.au). Visit our website for more information (http://www.rrr.org.au/program/einstein-a-go-go/). --tg Speech --ta Triple R --tl Triple R /srv/mm/3rrr/work02Feb/Einstein-A-Go-Go-20250202.wav /srv/mm/3rrr/work02Feb/Einstein-A-Go-Go-20250202.mp3
2025-02-02 12:09:53,787	INFO	Removing stale latest directory /srv/mm/3rrr/latest/ENS/
2025-02-02 12:09:53,798	INFO	Copy the ENS show files to show and latest folders
2025-02-02 12:10:00,308	INFO	Local web server publishing of files started
2025-02-02 12:10:01,154	INFO	Removing old file /var/www/eagg/files/Einstein-A-Go-Go-20250119.mp3
2025-02-02 12:10:01,155	INFO	Removing old file /var/www/eagg/files/ENS19Jan25.log
2025-02-02 12:10:01,156	INFO	Delete local web server archive file /var/www/eagg/files/archive/Einstein-A-Go-Go-20241208.mp3
2025-02-02 12:10:01,156	INFO	Removing old file /var/www/eagg/files/archive/Einstein-A-Go-Go-20241208.mp3
2025-02-02 12:10:01,157	INFO	Github publishing of files started
