2026-05-03 11:00:07,025	INFO	Start main routine for show ENS03May26
2026-05-03 11:00:07,026	INFO	Removing old working directory /srv/mm/3rrr/work26Apr
2026-05-03 11:00:07,055	INFO	Removing old show directory /srv/mm/3rrr/show26Apr
2026-05-03 11:00:07,207	INFO	mplayer cmd: mplayer -endpos 01:02:00 -quiet -nocache -vo null -vc dummy -ao pcm:waveheader:file=/srv/mm/3rrr/work03May/ENS03May26.wav_1.wav http://realtime.rrr.org.au/p1h
2026-05-03 11:00:07,222	INFO	waiting for mplayer to start, count:0
2026-05-03 11:00:08,233	INFO	waiting for mplayer to create the wav file, count:0
2026-05-03 11:00:09,234	INFO	waiting for the wav file to grow, size:0
2026-05-03 11:00:10,236	INFO	waiting for the wav file to grow, size:1703936
2026-05-03 11:00:11,258	INFO	sampling rate is 44100
2026-05-03 11:00:11,259	INFO	Status info: rc is 1  runtime is 0  remtime is 3720   fsize is 2097152
2026-05-03 12:02:14,972	INFO	Show ENS remaining time: 0
2026-05-03 12:02:19,981	INFO	sox cmd: sox /srv/mm/3rrr/work03May/ENS03May26.wav_1.wav /srv/mm/3rrr/work03May/ENS03May26.wav
2026-05-03 12:03:07,934	INFO	sox cmd: sox /srv/mm/3rrr/work03May/ENS03May26.wav -c1 -b16 /srv/mm/3rrr/work03May/Einstein-A-Go-Go-20260503.wav_mon.wav
2026-05-03 12:03:40,555	INFO	sox cmd: sox /srv/mm/3rrr/work03May/Einstein-A-Go-Go-20260503.wav /srv/mm/3rrr/work03May/Einstein-A-Go-Go-20260503.wav_loud.wav compand 0.01,1 -90,-90,-70,-70,-60,-20,0,0 -5
2026-05-03 12:04:08,003	INFO	lame cmd: lame --quiet -b 320 --add-id3v2 --ty 2026 --tt Einstein A Go Go - 03 May 2026 --tc Einstein A Go Go can be heard every Sunday at 11.00am on 3RRR FM 102.7 MHz in Melbourne, Australia (http://www.rrr.org.au). Visit our website for more information (http://www.rrr.org.au/program/einstein-a-go-go/). --tg Podcast --ta Einstein A Go Go --tl Triple R FM /srv/mm/3rrr/work03May/ENS03May26.wav /srv/mm/3rrr/work03May/ENS03May26.mp3
2026-05-03 12:08:11,160	INFO	lame cmd: lame --quiet --preset 64 --add-id3v2 --ty 2026 --tt Einstein A Go Go - 03 May 2026 --tc Einstein A Go Go can be heard every Sunday at 11.00am on 3RRR FM 102.7 MHz in Melbourne, Australia (http://www.rrr.org.au). Visit our website for more information (http://www.rrr.org.au/program/einstein-a-go-go/). --tg Speech --ta Triple R --tl Triple R /srv/mm/3rrr/work03May/Einstein-A-Go-Go-20260503.wav /srv/mm/3rrr/work03May/Einstein-A-Go-Go-20260503.mp3
2026-05-03 12:10:23,217	INFO	Removing stale latest directory /srv/mm/3rrr/latest/ENS/
2026-05-03 12:10:23,227	INFO	Copy the ENS show files to show and latest folders
2026-05-03 12:10:32,617	INFO	Local web server publishing of files started
2026-05-03 12:10:34,003	INFO	Removing old file /var/www/eagg/files/Einstein-A-Go-Go-20260419.mp3
2026-05-03 12:10:34,004	INFO	Removing old file /var/www/eagg/files/ENS19Apr26.log
2026-05-03 12:10:34,047	INFO	Delete local web server archive file /var/www/eagg/files/archive/Einstein-A-Go-Go-20260308.mp3
2026-05-03 12:10:34,047	INFO	Removing old file /var/www/eagg/files/archive/Einstein-A-Go-Go-20260308.mp3
2026-05-03 12:10:34,089	INFO	Github publishing of files started
