2023-10-01 11:00:03,863	INFO	Start main routine for show ENS01Oct23
2023-10-01 11:00:03,863	INFO	Removing old working directory /srv/mm/3rrr/work24Sep
2023-10-01 11:00:03,876	INFO	Removing old show directory /srv/mm/3rrr/show24Sep
2023-10-01 11:00:03,953	INFO	mplayer cmd: mplayer -endpos 01:02:00 -quiet -nocache -vo null -vc dummy -ao pcm:waveheader:file=/srv/mm/3rrr/work01Oct/ENS01Oct23.wav_1.wav http://realtime.rrr.org.au/p1h
2023-10-01 11:00:03,960	INFO	waiting for mplayer to start, count:0
2023-10-01 11:00:04,970	INFO	waiting for mplayer to create the wav file, count:0
2023-10-01 11:00:05,971	INFO	waiting for the wav file to grow, size:0
2023-10-01 11:00:06,973	INFO	waiting for the wav file to grow, size:1900544
2023-10-01 11:00:08,003	INFO	sampling rate is 44100
2023-10-01 11:00:08,003	INFO	Status info: rc is 1  runtime is 0  remtime is 3720   fsize is 2359296
2023-10-01 12:02:11,399	INFO	Show ENS remaining time: 0
2023-10-01 12:02:16,408	INFO	sox cmd: sox /srv/mm/3rrr/work01Oct/ENS01Oct23.wav_1.wav /srv/mm/3rrr/work01Oct/ENS01Oct23.wav
2023-10-01 12:02:24,644	INFO	sox cmd: sox /srv/mm/3rrr/work01Oct/ENS01Oct23.wav -c1 -b16 /srv/mm/3rrr/work01Oct/Einstein-A-Go-Go-20231001.wav_mon.wav
2023-10-01 12:02:32,857	INFO	sox cmd: sox /srv/mm/3rrr/work01Oct/Einstein-A-Go-Go-20231001.wav /srv/mm/3rrr/work01Oct/Einstein-A-Go-Go-20231001.wav_loud.wav compand 0.01,1 -90,-90,-70,-70,-60,-20,0,0 -5
2023-10-01 12:02:42,211	INFO	lame cmd: lame --quiet -b 320 --add-id3v2 --ty 2023 --tt Einstein A Go Go - 1 October 2023 --tc Einstein A Go Go can be heard every Sunday at 11.00am on 3RRR FM 102.7 MHz in Melbourne, Australia (http://www.rrr.org.au). Visit our website for more information (http://www.rrr.org.au/program/einstein-a-go-go/). --tg Podcast --ta Einstein A Go Go --tl Triple R FM /srv/mm/3rrr/work01Oct/ENS01Oct23.wav /srv/mm/3rrr/work01Oct/ENS01Oct23.mp3
2023-10-01 12:03:59,451	INFO	lame cmd: lame --quiet --preset 64 --add-id3v2 --ty 2023 --tt Einstein A Go Go - 1 October 2023 --tc Einstein A Go Go can be heard every Sunday at 11.00am on 3RRR FM 102.7 MHz in Melbourne, Australia (http://www.rrr.org.au). Visit our website for more information (http://www.rrr.org.au/program/einstein-a-go-go/). --tg Speech --ta Triple R --tl Triple R /srv/mm/3rrr/work01Oct/Einstein-A-Go-Go-20231001.wav /srv/mm/3rrr/work01Oct/Einstein-A-Go-Go-20231001.mp3
2023-10-01 12:05:11,912	INFO	Removing stale latest directory /srv/mm/3rrr/latest/ENS/
2023-10-01 12:05:11,918	INFO	Copy the ENS show files to show and latest folders
2023-10-01 12:05:13,148	INFO	Local web server publishing of files started
2023-10-01 12:05:13,453	INFO	Removing old file /var/www/eagg/files/Einstein-A-Go-Go-20230917.mp3
2023-10-01 12:05:13,539	INFO	Removing old file /var/www/eagg/files/ENS17Sep23.log
2023-10-01 12:05:13,540	INFO	Github publishing of files started
