2024-01-07 11:00:10,662	INFO	Start main routine for show ENS07Jan24
2024-01-07 11:00:10,662	INFO	Removing old working directory /srv/mm/3rrr/work31Dec
2024-01-07 11:00:10,707	INFO	Removing old show directory /srv/mm/3rrr/show31Dec
2024-01-07 11:00:10,803	INFO	mplayer cmd: mplayer -endpos 01:02:00 -quiet -nocache -vo null -vc dummy -ao pcm:waveheader:file=/srv/mm/3rrr/work07Jan/ENS07Jan24.wav_1.wav http://realtime.rrr.org.au/p1h
2024-01-07 11:00:10,807	INFO	waiting for mplayer to start, count:0
2024-01-07 11:00:11,815	INFO	waiting for mplayer to create the wav file, count:0
2024-01-07 11:00:12,816	INFO	waiting for the wav file to grow, size:0
2024-01-07 11:00:13,818	INFO	waiting for the wav file to grow, size:1769472
2024-01-07 11:00:14,848	INFO	sampling rate is 44100
2024-01-07 11:00:14,849	INFO	Status info: rc is 1  runtime is 0  remtime is 3720   fsize is 1966080
2024-01-07 12:02:18,335	INFO	Show ENS remaining time: 0
2024-01-07 12:02:23,347	INFO	sox cmd: sox /srv/mm/3rrr/work07Jan/ENS07Jan24.wav_1.wav /srv/mm/3rrr/work07Jan/ENS07Jan24.wav
2024-01-07 12:02:38,801	INFO	sox cmd: sox /srv/mm/3rrr/work07Jan/ENS07Jan24.wav -c1 -b16 /srv/mm/3rrr/work07Jan/Einstein-A-Go-Go-20240107.wav_mon.wav
2024-01-07 12:02:54,170	INFO	sox cmd: sox /srv/mm/3rrr/work07Jan/Einstein-A-Go-Go-20240107.wav /srv/mm/3rrr/work07Jan/Einstein-A-Go-Go-20240107.wav_loud.wav compand 0.01,1 -90,-90,-70,-70,-60,-20,0,0 -5
2024-01-07 12:03:04,530	INFO	lame cmd: lame --quiet -b 320 --add-id3v2 --ty 2024 --tt Einstein A Go Go - 7 January 2024 --tc Einstein A Go Go can be heard every Sunday at 11.00am on 3RRR FM 102.7 MHz in Melbourne, Australia (http://www.rrr.org.au). Visit our website for more information (http://www.rrr.org.au/program/einstein-a-go-go/). --tg Podcast --ta Einstein A Go Go --tl Triple R FM /srv/mm/3rrr/work07Jan/ENS07Jan24.wav /srv/mm/3rrr/work07Jan/ENS07Jan24.mp3
2024-01-07 12:04:54,222	INFO	lame cmd: lame --quiet --preset 64 --add-id3v2 --ty 2024 --tt Einstein A Go Go - 7 January 2024 --tc Einstein A Go Go can be heard every Sunday at 11.00am on 3RRR FM 102.7 MHz in Melbourne, Australia (http://www.rrr.org.au). Visit our website for more information (http://www.rrr.org.au/program/einstein-a-go-go/). --tg Speech --ta Triple R --tl Triple R /srv/mm/3rrr/work07Jan/Einstein-A-Go-Go-20240107.wav /srv/mm/3rrr/work07Jan/Einstein-A-Go-Go-20240107.mp3
2024-01-07 12:06:02,042	INFO	Removing stale latest directory /srv/mm/3rrr/latest/ENS/
2024-01-07 12:06:02,049	INFO	Copy the ENS show files to show and latest folders
2024-01-07 12:06:03,442	INFO	Local web server publishing of files started
2024-01-07 12:06:03,709	INFO	Removing old file /var/www/eagg/files/Einstein-A-Go-Go-20231224.mp3
2024-01-07 12:06:03,736	INFO	Removing old file /var/www/eagg/files/ENS24Dec23.log
2024-01-07 12:06:03,760	INFO	Github publishing of files started
