2024-09-01 11:00:17,079	INFO	Start main routine for show ENS01Sep24
2024-09-01 11:00:17,079	INFO	Removing old working directory /srv/mm/3rrr/work25Aug
2024-09-01 11:00:17,100	INFO	Removing old show directory /srv/mm/3rrr/show25Aug
2024-09-01 11:00:17,292	INFO	mplayer cmd: mplayer -endpos 01:02:00 -quiet -nocache -vo null -vc dummy -ao pcm:waveheader:file=/srv/mm/3rrr/work01Sep/ENS01Sep24.wav_1.wav http://realtime.rrr.org.au/p1h
2024-09-01 11:00:17,358	INFO	waiting for mplayer to start, count:0
2024-09-01 11:00:18,369	INFO	waiting for mplayer to create the wav file, count:0
2024-09-01 11:00:19,370	INFO	waiting for the wav file to grow, size:0
2024-09-01 11:00:20,372	INFO	waiting for the wav file to grow, size:1703936
2024-09-01 11:00:21,394	INFO	sampling rate is 44100
2024-09-01 11:00:21,394	INFO	Status info: rc is 1  runtime is 0  remtime is 3720   fsize is 2097152
2024-09-01 12:02:25,125	INFO	Show ENS remaining time: 0
2024-09-01 12:02:30,133	INFO	sox cmd: sox /srv/mm/3rrr/work01Sep/ENS01Sep24.wav_1.wav /srv/mm/3rrr/work01Sep/ENS01Sep24.wav
2024-09-01 12:03:17,703	INFO	sox cmd: sox /srv/mm/3rrr/work01Sep/ENS01Sep24.wav -c1 -b16 /srv/mm/3rrr/work01Sep/Einstein-A-Go-Go-20240901.wav_mon.wav
2024-09-01 12:03:51,324	INFO	sox cmd: sox /srv/mm/3rrr/work01Sep/Einstein-A-Go-Go-20240901.wav /srv/mm/3rrr/work01Sep/Einstein-A-Go-Go-20240901.wav_loud.wav compand 0.01,1 -90,-90,-70,-70,-60,-20,0,0 -5
2024-09-01 12:04:13,550	INFO	lame cmd: lame --quiet -b 320 --add-id3v2 --ty 2024 --tt Einstein A Go Go - 01 September 2024 --tc Einstein A Go Go can be heard every Sunday at 11.00am on 3RRR FM 102.7 MHz in Melbourne, Australia (http://www.rrr.org.au). Visit our website for more information (http://www.rrr.org.au/program/einstein-a-go-go/). --tg Podcast --ta Einstein A Go Go --tl Triple R FM /srv/mm/3rrr/work01Sep/ENS01Sep24.wav /srv/mm/3rrr/work01Sep/ENS01Sep24.mp3
2024-09-01 12:07:48,784	INFO	lame cmd: lame --quiet --preset 64 --add-id3v2 --ty 2024 --tt Einstein A Go Go - 01 September 2024 --tc Einstein A Go Go can be heard every Sunday at 11.00am on 3RRR FM 102.7 MHz in Melbourne, Australia (http://www.rrr.org.au). Visit our website for more information (http://www.rrr.org.au/program/einstein-a-go-go/). --tg Speech --ta Triple R --tl Triple R /srv/mm/3rrr/work01Sep/Einstein-A-Go-Go-20240901.wav /srv/mm/3rrr/work01Sep/Einstein-A-Go-Go-20240901.mp3
2024-09-01 12:09:35,563	INFO	Removing stale latest directory /srv/mm/3rrr/latest/ENS/
2024-09-01 12:09:35,568	INFO	Copy the ENS show files to show and latest folders
2024-09-01 12:09:41,361	INFO	Local web server publishing of files started
2024-09-01 12:09:42,557	INFO	Removing old file /var/www/eagg/files/Einstein-A-Go-Go-20240818.mp3
2024-09-01 12:09:42,563	INFO	Removing old file /var/www/eagg/files/ENS18Aug24.log
2024-09-01 12:09:42,563	INFO	Delete local web server archive file /var/www/eagg/files/archive/Einstein-A-Go-Go-20240707.mp3
2024-09-01 12:09:42,563	INFO	Removing old file /var/www/eagg/files/archive/Einstein-A-Go-Go-20240707.mp3
2024-09-01 12:09:42,563	INFO	Github publishing of files started
