2023-06-04 11:00:03,078	INFO	Start main routine for show ENS04Jun23
2023-06-04 11:00:03,078	INFO	Removing old working directory /srv/mm/3rrr/work28May
2023-06-04 11:00:03,083	INFO	Removing old show directory /srv/mm/3rrr/show28May
2023-06-04 11:00:03,163	INFO	mplayer cmd: mplayer -endpos 01:02:00 -quiet -nocache -vo null -vc dummy -ao pcm:waveheader:file=/srv/mm/3rrr/work04Jun/ENS04Jun23.wav_1.wav http://realtime.rrr.org.au/p1h
2023-06-04 11:00:03,167	INFO	waiting for mplayer to start, count:0
2023-06-04 11:00:04,175	INFO	waiting for the wav file to grow, size:0
2023-06-04 11:00:05,176	INFO	waiting for the wav file to grow, size:1638400
2023-06-04 11:00:06,207	INFO	sampling rate is 44100
2023-06-04 11:00:06,207	INFO	Status info: rc is 1  runtime is 0  remtime is 3720   fsize is 1966080
2023-06-04 12:02:09,667	INFO	Show ENS remaining time: 0
2023-06-04 12:02:14,672	INFO	sox cmd: sox /srv/mm/3rrr/work04Jun/ENS04Jun23.wav_1.wav /srv/mm/3rrr/work04Jun/ENS04Jun23.wav
2023-06-04 12:02:20,416	INFO	sox cmd: sox /srv/mm/3rrr/work04Jun/ENS04Jun23.wav -c1 -b16 /srv/mm/3rrr/work04Jun/Einstein-A-Go-Go-20230604.wav_mon.wav
2023-06-04 12:02:49,386	INFO	sox cmd: sox /srv/mm/3rrr/work04Jun/Einstein-A-Go-Go-20230604.wav /srv/mm/3rrr/work04Jun/Einstein-A-Go-Go-20230604.wav_loud.wav compand 0.01,1 -90,-90,-70,-70,-60,-20,0,0 -5
2023-06-04 12:02:59,048	INFO	lame cmd: lame --quiet -b 320 --add-id3v2 --ty 2023 --tt Einstein A Go Go - 4 June 2023 --tc Einstein A Go Go can be heard every Sunday at 11.00am on 3RRR FM 102.7 MHz in Melbourne, Australia (http://www.rrr.org.au). Visit our website for more information (http://www.rrr.org.au/program/einstein-a-go-go/). --tg Podcast --ta Einstein A Go Go --tl Triple R FM /srv/mm/3rrr/work04Jun/ENS04Jun23.wav /srv/mm/3rrr/work04Jun/ENS04Jun23.mp3
2023-06-04 12:04:20,834	INFO	lame cmd: lame --quiet --preset 64 --add-id3v2 --ty 2023 --tt Einstein A Go Go - 4 June 2023 --tc Einstein A Go Go can be heard every Sunday at 11.00am on 3RRR FM 102.7 MHz in Melbourne, Australia (http://www.rrr.org.au). Visit our website for more information (http://www.rrr.org.au/program/einstein-a-go-go/). --tg Speech --ta Triple R --tl Triple R /srv/mm/3rrr/work04Jun/Einstein-A-Go-Go-20230604.wav /srv/mm/3rrr/work04Jun/Einstein-A-Go-Go-20230604.mp3
2023-06-04 12:05:26,612	INFO	Removing stale latest directory /srv/mm/3rrr/latest/ENS/
2023-06-04 12:05:26,615	INFO	Copy the ENS show files to show and latest folders
2023-06-04 12:05:27,519	INFO	Removing old file /var/www/eagg/files/Einstein-A-Go-Go-20230528.mp3
2023-06-04 12:05:27,545	INFO	Removing old file /var/www/eagg/files/ENS28May23.log
2023-06-04 12:05:27,546	INFO	Github publishing of files started
