2025-08-03 11:00:06,999	INFO	Start main routine for show ENS03Aug25
2025-08-03 11:00:07,009	INFO	Removing old working directory /srv/mm/3rrr/work27Jul
2025-08-03 11:00:07,039	INFO	Removing old show directory /srv/mm/3rrr/show27Jul
2025-08-03 11:00:07,204	INFO	mplayer cmd: mplayer -endpos 01:02:00 -quiet -nocache -vo null -vc dummy -ao pcm:waveheader:file=/srv/mm/3rrr/work03Aug/ENS03Aug25.wav_1.wav http://realtime.rrr.org.au/p1h
2025-08-03 11:00:07,217	INFO	waiting for mplayer to start, count:0
2025-08-03 11:00:08,240	INFO	waiting for mplayer to create the wav file, count:0
2025-08-03 11:00:09,241	INFO	waiting for mplayer to create the wav file, count:1
2025-08-03 11:00:10,242	INFO	waiting for the wav file to grow, size:0
2025-08-03 11:00:11,268	INFO	sampling rate is 44100
2025-08-03 11:00:11,268	INFO	Status info: rc is 1  runtime is 0  remtime is 3720   fsize is 1966080
2025-08-03 12:02:14,991	INFO	Show ENS remaining time: 0
2025-08-03 12:02:20,047	INFO	sox cmd: sox /srv/mm/3rrr/work03Aug/ENS03Aug25.wav_1.wav /srv/mm/3rrr/work03Aug/ENS03Aug25.wav
2025-08-03 12:03:07,230	INFO	sox cmd: sox /srv/mm/3rrr/work03Aug/ENS03Aug25.wav -c1 -b16 /srv/mm/3rrr/work03Aug/Einstein-A-Go-Go-20250803.wav_mon.wav
2025-08-03 12:03:41,058	INFO	sox cmd: sox /srv/mm/3rrr/work03Aug/Einstein-A-Go-Go-20250803.wav /srv/mm/3rrr/work03Aug/Einstein-A-Go-Go-20250803.wav_loud.wav compand 0.01,1 -90,-90,-70,-70,-60,-20,0,0 -5
2025-08-03 12:04:08,387	INFO	lame cmd: lame --quiet -b 320 --add-id3v2 --ty 2025 --tt Einstein A Go Go - 03 August 2025 --tc Einstein A Go Go can be heard every Sunday at 11.00am on 3RRR FM 102.7 MHz in Melbourne, Australia (http://www.rrr.org.au). Visit our website for more information (http://www.rrr.org.au/program/einstein-a-go-go/). --tg Podcast --ta Einstein A Go Go --tl Triple R FM /srv/mm/3rrr/work03Aug/ENS03Aug25.wav /srv/mm/3rrr/work03Aug/ENS03Aug25.mp3
2025-08-03 12:08:12,951	INFO	lame cmd: lame --quiet --preset 64 --add-id3v2 --ty 2025 --tt Einstein A Go Go - 03 August 2025 --tc Einstein A Go Go can be heard every Sunday at 11.00am on 3RRR FM 102.7 MHz in Melbourne, Australia (http://www.rrr.org.au). Visit our website for more information (http://www.rrr.org.au/program/einstein-a-go-go/). --tg Speech --ta Triple R --tl Triple R /srv/mm/3rrr/work03Aug/Einstein-A-Go-Go-20250803.wav /srv/mm/3rrr/work03Aug/Einstein-A-Go-Go-20250803.mp3
2025-08-03 12:10:23,320	INFO	Removing stale latest directory /srv/mm/3rrr/latest/ENS/
2025-08-03 12:10:23,327	INFO	Copy the ENS show files to show and latest folders
2025-08-03 12:10:31,717	INFO	Local web server publishing of files started
2025-08-03 12:10:33,302	INFO	Removing old file /var/www/eagg/files/Einstein-A-Go-Go-20250720.mp3
2025-08-03 12:10:33,729	INFO	Removing old file /var/www/eagg/files/ENS20Jul25.log
2025-08-03 12:10:33,795	INFO	Delete local web server archive file /var/www/eagg/files/archive/Einstein-A-Go-Go-20250608.mp3
2025-08-03 12:10:34,084	INFO	Removing old file /var/www/eagg/files/archive/Einstein-A-Go-Go-20250608.mp3
2025-08-03 12:10:34,084	INFO	Github publishing of files started
