2026-06-07 11:00:03,121	INFO	Start main routine for show ENS07Jun26
2026-06-07 11:00:03,121	INFO	Removing old working directory /srv/mm/3rrr/work31May
2026-06-07 11:00:03,164	INFO	Removing old show directory /srv/mm/3rrr/show31May
2026-06-07 11:00:03,326	INFO	mplayer cmd: mplayer -endpos 01:02:00 -quiet -nocache -vo null -vc dummy -ao pcm:waveheader:file=/srv/mm/3rrr/work07Jun/ENS07Jun26.wav_1.wav http://realtime.rrr.org.au/p1h
2026-06-07 11:00:03,413	INFO	waiting for mplayer to start, count:0
2026-06-07 11:00:04,426	INFO	waiting for mplayer to create the wav file, count:0
2026-06-07 11:00:05,427	INFO	waiting for the wav file to grow, size:0
2026-06-07 11:00:06,428	INFO	waiting for the wav file to grow, size:1703936
2026-06-07 11:00:07,460	INFO	sampling rate is 44100
2026-06-07 11:00:07,461	INFO	Status info: rc is 1  runtime is 0  remtime is 3720   fsize is 2097152
2026-06-07 12:02:11,185	INFO	Show ENS remaining time: 0
2026-06-07 12:02:16,191	INFO	sox cmd: sox /srv/mm/3rrr/work07Jun/ENS07Jun26.wav_1.wav /srv/mm/3rrr/work07Jun/ENS07Jun26.wav
2026-06-07 12:03:03,556	INFO	sox cmd: sox /srv/mm/3rrr/work07Jun/ENS07Jun26.wav -c1 -b16 /srv/mm/3rrr/work07Jun/Einstein-A-Go-Go-20260607.wav_mon.wav
2026-06-07 12:03:37,243	INFO	sox cmd: sox /srv/mm/3rrr/work07Jun/Einstein-A-Go-Go-20260607.wav /srv/mm/3rrr/work07Jun/Einstein-A-Go-Go-20260607.wav_loud.wav compand 0.01,1 -90,-90,-70,-70,-60,-20,0,0 -5
2026-06-07 12:04:04,800	INFO	lame cmd: lame --quiet -b 320 --add-id3v2 --ty 2026 --tt Einstein A Go Go - 07 June 2026 --tc Einstein A Go Go can be heard every Sunday at 11.00am on 3RRR FM 102.7 MHz in Melbourne, Australia (http://www.rrr.org.au). Visit our website for more information (http://www.rrr.org.au/program/einstein-a-go-go/). --tg Podcast --ta Einstein A Go Go --tl Triple R FM /srv/mm/3rrr/work07Jun/ENS07Jun26.wav /srv/mm/3rrr/work07Jun/ENS07Jun26.mp3
2026-06-07 12:08:27,346	INFO	lame cmd: lame --quiet --preset 64 --add-id3v2 --ty 2026 --tt Einstein A Go Go - 07 June 2026 --tc Einstein A Go Go can be heard every Sunday at 11.00am on 3RRR FM 102.7 MHz in Melbourne, Australia (http://www.rrr.org.au). Visit our website for more information (http://www.rrr.org.au/program/einstein-a-go-go/). --tg Speech --ta Triple R --tl Triple R /srv/mm/3rrr/work07Jun/Einstein-A-Go-Go-20260607.wav /srv/mm/3rrr/work07Jun/Einstein-A-Go-Go-20260607.mp3
2026-06-07 12:10:36,514	INFO	Removing stale latest directory /srv/mm/3rrr/latest/ENS/
2026-06-07 12:10:36,521	INFO	Copy the ENS show files to show and latest folders
2026-06-07 12:10:45,339	INFO	Local web server publishing of files started
2026-06-07 12:10:46,506	INFO	Removing old file /var/www/eagg/files/Einstein-A-Go-Go-20260524.mp3
2026-06-07 12:10:46,512	INFO	Removing old file /var/www/eagg/files/ENS24May26.log
2026-06-07 12:10:46,513	INFO	Delete local web server archive file /var/www/eagg/files/archive/Einstein-A-Go-Go-20260412.mp3
2026-06-07 12:10:46,513	INFO	Removing old file /var/www/eagg/files/archive/Einstein-A-Go-Go-20260412.mp3
2026-06-07 12:10:46,516	INFO	Github publishing of files started
