2024-09-08 11:00:07,956	INFO	Start main routine for show ENS08Sep24
2024-09-08 11:00:07,957	INFO	Removing old working directory /srv/mm/3rrr/work01Sep
2024-09-08 11:00:07,979	INFO	Removing old show directory /srv/mm/3rrr/show01Sep
2024-09-08 11:00:08,164	INFO	mplayer cmd: mplayer -endpos 01:02:00 -quiet -nocache -vo null -vc dummy -ao pcm:waveheader:file=/srv/mm/3rrr/work08Sep/ENS08Sep24.wav_1.wav http://realtime.rrr.org.au/p1h
2024-09-08 11:00:08,176	INFO	waiting for mplayer to start, count:0
2024-09-08 11:00:09,250	INFO	waiting for mplayer to create the wav file, count:0
2024-09-08 11:00:10,251	INFO	waiting for the wav file to grow, size:0
2024-09-08 11:00:11,253	INFO	waiting for the wav file to grow, size:1703936
2024-09-08 11:00:12,274	INFO	sampling rate is 44100
2024-09-08 11:00:12,274	INFO	Status info: rc is 1  runtime is 0  remtime is 3720   fsize is 2031616
2024-09-08 12:02:16,025	INFO	Show ENS remaining time: 0
2024-09-08 12:02:21,033	INFO	sox cmd: sox /srv/mm/3rrr/work08Sep/ENS08Sep24.wav_1.wav /srv/mm/3rrr/work08Sep/ENS08Sep24.wav
2024-09-08 12:03:08,117	INFO	sox cmd: sox /srv/mm/3rrr/work08Sep/ENS08Sep24.wav -c1 -b16 /srv/mm/3rrr/work08Sep/Einstein-A-Go-Go-20240908.wav_mon.wav
2024-09-08 12:03:41,722	INFO	sox cmd: sox /srv/mm/3rrr/work08Sep/Einstein-A-Go-Go-20240908.wav /srv/mm/3rrr/work08Sep/Einstein-A-Go-Go-20240908.wav_loud.wav compand 0.01,1 -90,-90,-70,-70,-60,-20,0,0 -5
2024-09-08 12:04:04,112	INFO	lame cmd: lame --quiet -b 320 --add-id3v2 --ty 2024 --tt Einstein A Go Go - 08 September 2024 --tc Einstein A Go Go can be heard every Sunday at 11.00am on 3RRR FM 102.7 MHz in Melbourne, Australia (http://www.rrr.org.au). Visit our website for more information (http://www.rrr.org.au/program/einstein-a-go-go/). --tg Podcast --ta Einstein A Go Go --tl Triple R FM /srv/mm/3rrr/work08Sep/ENS08Sep24.wav /srv/mm/3rrr/work08Sep/ENS08Sep24.mp3
2024-09-08 12:07:41,583	INFO	lame cmd: lame --quiet --preset 64 --add-id3v2 --ty 2024 --tt Einstein A Go Go - 08 September 2024 --tc Einstein A Go Go can be heard every Sunday at 11.00am on 3RRR FM 102.7 MHz in Melbourne, Australia (http://www.rrr.org.au). Visit our website for more information (http://www.rrr.org.au/program/einstein-a-go-go/). --tg Speech --ta Triple R --tl Triple R /srv/mm/3rrr/work08Sep/Einstein-A-Go-Go-20240908.wav /srv/mm/3rrr/work08Sep/Einstein-A-Go-Go-20240908.mp3
2024-09-08 12:09:29,186	INFO	Removing stale latest directory /srv/mm/3rrr/latest/ENS/
2024-09-08 12:09:29,190	INFO	Copy the ENS show files to show and latest folders
2024-09-08 12:09:35,534	INFO	Local web server publishing of files started
2024-09-08 12:09:36,964	INFO	Removing old file /var/www/eagg/files/Einstein-A-Go-Go-20240825.mp3
2024-09-08 12:09:37,002	INFO	Removing old file /var/www/eagg/files/ENS25Aug24.log
2024-09-08 12:09:37,027	INFO	Delete local web server archive file /var/www/eagg/files/archive/Einstein-A-Go-Go-20240714.mp3
2024-09-08 12:09:37,028	INFO	Removing old file /var/www/eagg/files/archive/Einstein-A-Go-Go-20240714.mp3
2024-09-08 12:09:37,028	INFO	Github publishing of files started
