2025-10-05 11:00:06,918	INFO	Start main routine for show ENS05Oct25
2025-10-05 11:00:06,918	INFO	Removing old working directory /srv/mm/3rrr/work28Sep
2025-10-05 11:00:06,952	INFO	Removing old show directory /srv/mm/3rrr/show28Sep
2025-10-05 11:00:07,152	INFO	mplayer cmd: mplayer -endpos 01:02:00 -quiet -nocache -vo null -vc dummy -ao pcm:waveheader:file=/srv/mm/3rrr/work05Oct/ENS05Oct25.wav_1.wav http://realtime.rrr.org.au/p1h
2025-10-05 11:00:07,178	INFO	waiting for mplayer to create the wav file, count:0
2025-10-05 11:00:08,203	INFO	waiting for mplayer to create the wav file, count:1
2025-10-05 11:00:09,204	INFO	waiting for mplayer to create the wav file, count:2
2025-10-05 11:00:10,205	INFO	waiting for mplayer to create the wav file, count:3
2025-10-05 11:00:11,207	INFO	waiting for mplayer to create the wav file, count:4
2025-10-05 11:00:12,208	INFO	waiting for mplayer to create the wav file, count:5
2025-10-05 11:00:13,209	INFO	waiting for the wav file to grow, size:0
2025-10-05 11:00:14,230	INFO	sampling rate is 44100
2025-10-05 11:00:14,230	INFO	Status info: rc is 1  runtime is 0  remtime is 3720   fsize is 2359296
2025-10-05 12:02:17,950	INFO	Show ENS remaining time: 0
2025-10-05 12:02:22,959	INFO	sox cmd: sox /srv/mm/3rrr/work05Oct/ENS05Oct25.wav_1.wav /srv/mm/3rrr/work05Oct/ENS05Oct25.wav
2025-10-05 12:03:10,368	INFO	sox cmd: sox /srv/mm/3rrr/work05Oct/ENS05Oct25.wav -c1 -b16 /srv/mm/3rrr/work05Oct/Einstein-A-Go-Go-20251005.wav_mon.wav
2025-10-05 12:03:44,113	INFO	sox cmd: sox /srv/mm/3rrr/work05Oct/Einstein-A-Go-Go-20251005.wav /srv/mm/3rrr/work05Oct/Einstein-A-Go-Go-20251005.wav_loud.wav compand 0.01,1 -90,-90,-70,-70,-60,-20,0,0 -5
2025-10-05 12:04:11,991	INFO	lame cmd: lame --quiet -b 320 --add-id3v2 --ty 2025 --tt Einstein A Go Go - 05 October 2025 --tc Einstein A Go Go can be heard every Sunday at 11.00am on 3RRR FM 102.7 MHz in Melbourne, Australia (http://www.rrr.org.au). Visit our website for more information (http://www.rrr.org.au/program/einstein-a-go-go/). --tg Podcast --ta Einstein A Go Go --tl Triple R FM /srv/mm/3rrr/work05Oct/ENS05Oct25.wav /srv/mm/3rrr/work05Oct/ENS05Oct25.mp3
2025-10-05 12:08:15,175	INFO	lame cmd: lame --quiet --preset 64 --add-id3v2 --ty 2025 --tt Einstein A Go Go - 05 October 2025 --tc Einstein A Go Go can be heard every Sunday at 11.00am on 3RRR FM 102.7 MHz in Melbourne, Australia (http://www.rrr.org.au). Visit our website for more information (http://www.rrr.org.au/program/einstein-a-go-go/). --tg Speech --ta Triple R --tl Triple R /srv/mm/3rrr/work05Oct/Einstein-A-Go-Go-20251005.wav /srv/mm/3rrr/work05Oct/Einstein-A-Go-Go-20251005.mp3
2025-10-05 12:10:25,841	INFO	Removing stale latest directory /srv/mm/3rrr/latest/ENS/
2025-10-05 12:10:25,847	INFO	Copy the ENS show files to show and latest folders
2025-10-05 12:10:31,429	INFO	Local web server publishing of files started
2025-10-05 12:10:32,618	INFO	Removing old file /var/www/eagg/files/Einstein-A-Go-Go-20250921.mp3
2025-10-05 12:10:32,622	INFO	Removing old file /var/www/eagg/files/ENS21Sep25.log
2025-10-05 12:10:32,629	INFO	Delete local web server archive file /var/www/eagg/files/archive/Einstein-A-Go-Go-20250810.mp3
2025-10-05 12:10:32,629	INFO	Removing old file /var/www/eagg/files/archive/Einstein-A-Go-Go-20250810.mp3
2025-10-05 12:10:32,629	INFO	Github publishing of files started
