2023-06-18 11:00:05,359	INFO	Start main routine for show ENS18Jun23
2023-06-18 11:00:05,359	INFO	Removing old working directory /srv/mm/3rrr/work11Jun
2023-06-18 11:00:05,369	INFO	Removing old show directory /srv/mm/3rrr/show11Jun
2023-06-18 11:00:05,454	INFO	mplayer cmd: mplayer -endpos 01:02:00 -quiet -nocache -vo null -vc dummy -ao pcm:waveheader:file=/srv/mm/3rrr/work18Jun/ENS18Jun23.wav_1.wav http://realtime.rrr.org.au/p1h
2023-06-18 11:00:05,458	INFO	waiting for mplayer to start, count:0
2023-06-18 11:00:06,468	INFO	waiting for mplayer to create the wav file, count:0
2023-06-18 11:00:07,469	INFO	waiting for the wav file to grow, size:0
2023-06-18 11:00:08,498	INFO	sampling rate is 44100
2023-06-18 11:00:08,499	INFO	Status info: rc is 1  runtime is 0  remtime is 3720   fsize is 1966080
2023-06-18 12:02:12,062	INFO	Show ENS remaining time: 0
2023-06-18 12:02:17,070	INFO	sox cmd: sox /srv/mm/3rrr/work18Jun/ENS18Jun23.wav_1.wav /srv/mm/3rrr/work18Jun/ENS18Jun23.wav
2023-06-18 12:02:44,566	INFO	sox cmd: sox /srv/mm/3rrr/work18Jun/ENS18Jun23.wav -c1 -b16 /srv/mm/3rrr/work18Jun/Einstein-A-Go-Go-20230618.wav_mon.wav
2023-06-18 12:02:52,208	INFO	sox cmd: sox /srv/mm/3rrr/work18Jun/Einstein-A-Go-Go-20230618.wav /srv/mm/3rrr/work18Jun/Einstein-A-Go-Go-20230618.wav_loud.wav compand 0.01,1 -90,-90,-70,-70,-60,-20,0,0 -5
2023-06-18 12:03:03,426	INFO	lame cmd: lame --quiet -b 320 --add-id3v2 --ty 2023 --tt Einstein A Go Go - 18 June 2023 --tc Einstein A Go Go can be heard every Sunday at 11.00am on 3RRR FM 102.7 MHz in Melbourne, Australia (http://www.rrr.org.au). Visit our website for more information (http://www.rrr.org.au/program/einstein-a-go-go/). --tg Podcast --ta Einstein A Go Go --tl Triple R FM /srv/mm/3rrr/work18Jun/ENS18Jun23.wav /srv/mm/3rrr/work18Jun/ENS18Jun23.mp3
2023-06-18 12:04:28,437	INFO	lame cmd: lame --quiet --preset 64 --add-id3v2 --ty 2023 --tt Einstein A Go Go - 18 June 2023 --tc Einstein A Go Go can be heard every Sunday at 11.00am on 3RRR FM 102.7 MHz in Melbourne, Australia (http://www.rrr.org.au). Visit our website for more information (http://www.rrr.org.au/program/einstein-a-go-go/). --tg Speech --ta Triple R --tl Triple R /srv/mm/3rrr/work18Jun/Einstein-A-Go-Go-20230618.wav /srv/mm/3rrr/work18Jun/Einstein-A-Go-Go-20230618.mp3
2023-06-18 12:05:36,261	INFO	Removing stale latest directory /srv/mm/3rrr/latest/ENS/
2023-06-18 12:05:36,273	INFO	Copy the ENS show files to show and latest folders
2023-06-18 12:05:37,029	INFO	Removing old file /var/www/eagg/files/Einstein-A-Go-Go-20230611.mp3
2023-06-18 12:05:37,072	INFO	Removing old file /var/www/eagg/files/ENS11Jun23.log
2023-06-18 12:05:37,072	INFO	Github publishing of files started
