2025-03-02 11:00:10,691	INFO	Start main routine for show ENS02Mar25
2025-03-02 11:00:10,692	INFO	Removing old working directory /srv/mm/3rrr/work23Feb
2025-03-02 11:00:10,746	INFO	Removing old show directory /srv/mm/3rrr/show23Feb
2025-03-02 11:00:10,892	INFO	mplayer cmd: mplayer -endpos 01:02:00 -quiet -nocache -vo null -vc dummy -ao pcm:waveheader:file=/srv/mm/3rrr/work02Mar/ENS02Mar25.wav_1.wav http://realtime.rrr.org.au/p1h
2025-03-02 11:00:10,965	INFO	waiting for mplayer to start, count:0
2025-03-02 11:00:11,976	INFO	waiting for mplayer to create the wav file, count:0
2025-03-02 11:00:12,978	INFO	waiting for the wav file to grow, size:0
2025-03-02 11:00:13,979	INFO	waiting for the wav file to grow, size:1769472
2025-03-02 11:00:15,001	INFO	sampling rate is 44100
2025-03-02 11:00:15,001	INFO	Status info: rc is 1  runtime is 0  remtime is 3720   fsize is 2162688
2025-03-02 12:02:18,718	INFO	Show ENS remaining time: 0
2025-03-02 12:02:23,726	INFO	sox cmd: sox /srv/mm/3rrr/work02Mar/ENS02Mar25.wav_1.wav /srv/mm/3rrr/work02Mar/ENS02Mar25.wav
2025-03-02 12:03:10,926	INFO	sox cmd: sox /srv/mm/3rrr/work02Mar/ENS02Mar25.wav -c1 -b16 /srv/mm/3rrr/work02Mar/Einstein-A-Go-Go-20250302.wav_mon.wav
2025-03-02 12:03:45,084	INFO	sox cmd: sox /srv/mm/3rrr/work02Mar/Einstein-A-Go-Go-20250302.wav /srv/mm/3rrr/work02Mar/Einstein-A-Go-Go-20250302.wav_loud.wav compand 0.01,1 -90,-90,-70,-70,-60,-20,0,0 -5
2025-03-02 12:04:07,250	INFO	lame cmd: lame --quiet -b 320 --add-id3v2 --ty 2025 --tt Einstein A Go Go - 02 March 2025 --tc Einstein A Go Go can be heard every Sunday at 11.00am on 3RRR FM 102.7 MHz in Melbourne, Australia (http://www.rrr.org.au). Visit our website for more information (http://www.rrr.org.au/program/einstein-a-go-go/). --tg Podcast --ta Einstein A Go Go --tl Triple R FM /srv/mm/3rrr/work02Mar/ENS02Mar25.wav /srv/mm/3rrr/work02Mar/ENS02Mar25.mp3
2025-03-02 12:07:48,662	INFO	lame cmd: lame --quiet --preset 64 --add-id3v2 --ty 2025 --tt Einstein A Go Go - 02 March 2025 --tc Einstein A Go Go can be heard every Sunday at 11.00am on 3RRR FM 102.7 MHz in Melbourne, Australia (http://www.rrr.org.au). Visit our website for more information (http://www.rrr.org.au/program/einstein-a-go-go/). --tg Speech --ta Triple R --tl Triple R /srv/mm/3rrr/work02Mar/Einstein-A-Go-Go-20250302.wav /srv/mm/3rrr/work02Mar/Einstein-A-Go-Go-20250302.mp3
2025-03-02 12:09:39,351	INFO	Removing stale latest directory /srv/mm/3rrr/latest/ENS/
2025-03-02 12:09:39,360	INFO	Copy the ENS show files to show and latest folders
2025-03-02 12:09:46,095	INFO	Local web server publishing of files started
2025-03-02 12:09:47,077	INFO	Removing old file /var/www/eagg/files/Einstein-A-Go-Go-20250216.mp3
2025-03-02 12:09:47,079	INFO	Removing old file /var/www/eagg/files/ENS16Feb25.log
2025-03-02 12:09:47,079	INFO	Delete local web server archive file /var/www/eagg/files/archive/Einstein-A-Go-Go-20250105.mp3
2025-03-02 12:09:47,079	INFO	Removing old file /var/www/eagg/files/archive/Einstein-A-Go-Go-20250105.mp3
2025-03-02 12:09:47,080	INFO	Github publishing of files started
