2025-07-06 11:00:02,312	INFO	Start main routine for show ENS06Jul25
2025-07-06 11:00:02,313	INFO	Removing old working directory /srv/mm/3rrr/work29Jun
2025-07-06 11:00:02,333	INFO	Removing old show directory /srv/mm/3rrr/show29Jun
2025-07-06 11:00:02,469	INFO	mplayer cmd: mplayer -endpos 01:02:00 -quiet -nocache -vo null -vc dummy -ao pcm:waveheader:file=/srv/mm/3rrr/work06Jul/ENS06Jul25.wav_1.wav http://realtime.rrr.org.au/p1h
2025-07-06 11:00:02,528	INFO	waiting for mplayer to start, count:0
2025-07-06 11:00:03,538	INFO	waiting for mplayer to create the wav file, count:0
2025-07-06 11:00:04,539	INFO	waiting for mplayer to create the wav file, count:1
2025-07-06 11:00:05,541	INFO	waiting for the wav file to grow, size:0
2025-07-06 11:00:06,542	INFO	waiting for the wav file to grow, size:1900544
2025-07-06 11:00:07,564	INFO	sampling rate is 44100
2025-07-06 11:00:07,564	INFO	Status info: rc is 1  runtime is 0  remtime is 3720   fsize is 2228224
2025-07-06 12:02:11,333	INFO	Show ENS remaining time: 0
2025-07-06 12:02:16,341	INFO	sox cmd: sox /srv/mm/3rrr/work06Jul/ENS06Jul25.wav_1.wav /srv/mm/3rrr/work06Jul/ENS06Jul25.wav
2025-07-06 12:03:03,983	INFO	sox cmd: sox /srv/mm/3rrr/work06Jul/ENS06Jul25.wav -c1 -b16 /srv/mm/3rrr/work06Jul/Einstein-A-Go-Go-20250706.wav_mon.wav
2025-07-06 12:03:38,006	INFO	sox cmd: sox /srv/mm/3rrr/work06Jul/Einstein-A-Go-Go-20250706.wav /srv/mm/3rrr/work06Jul/Einstein-A-Go-Go-20250706.wav_loud.wav compand 0.01,1 -90,-90,-70,-70,-60,-20,0,0 -5
2025-07-06 12:04:05,034	INFO	lame cmd: lame --quiet -b 320 --add-id3v2 --ty 2025 --tt Einstein A Go Go - 06 July 2025 --tc Einstein A Go Go can be heard every Sunday at 11.00am on 3RRR FM 102.7 MHz in Melbourne, Australia (http://www.rrr.org.au). Visit our website for more information (http://www.rrr.org.au/program/einstein-a-go-go/). --tg Podcast --ta Einstein A Go Go --tl Triple R FM /srv/mm/3rrr/work06Jul/ENS06Jul25.wav /srv/mm/3rrr/work06Jul/ENS06Jul25.mp3
2025-07-06 12:08:09,017	INFO	lame cmd: lame --quiet --preset 64 --add-id3v2 --ty 2025 --tt Einstein A Go Go - 06 July 2025 --tc Einstein A Go Go can be heard every Sunday at 11.00am on 3RRR FM 102.7 MHz in Melbourne, Australia (http://www.rrr.org.au). Visit our website for more information (http://www.rrr.org.au/program/einstein-a-go-go/). --tg Speech --ta Triple R --tl Triple R /srv/mm/3rrr/work06Jul/Einstein-A-Go-Go-20250706.wav /srv/mm/3rrr/work06Jul/Einstein-A-Go-Go-20250706.mp3
2025-07-06 12:10:15,911	INFO	Removing stale latest directory /srv/mm/3rrr/latest/ENS/
2025-07-06 12:10:15,916	INFO	Copy the ENS show files to show and latest folders
2025-07-06 12:10:24,551	INFO	Local web server publishing of files started
2025-07-06 12:10:25,875	INFO	Removing old file /var/www/eagg/files/Einstein-A-Go-Go-20250622.mp3
2025-07-06 12:10:25,914	INFO	Removing old file /var/www/eagg/files/ENS22Jun25.log
2025-07-06 12:10:25,915	INFO	Delete local web server archive file /var/www/eagg/files/archive/Einstein-A-Go-Go-20250511.mp3
2025-07-06 12:10:25,915	INFO	Removing old file /var/www/eagg/files/archive/Einstein-A-Go-Go-20250511.mp3
2025-07-06 12:10:25,996	INFO	Github publishing of files started
