2024-03-03 11:00:08,143	INFO	Start main routine for show ENS03Mar24
2024-03-03 11:00:08,143	INFO	Removing old working directory /srv/mm/3rrr/work25Feb
2024-03-03 11:00:08,198	INFO	Removing old show directory /srv/mm/3rrr/show25Feb
2024-03-03 11:00:08,289	INFO	mplayer cmd: mplayer -endpos 01:02:00 -quiet -nocache -vo null -vc dummy -ao pcm:waveheader:file=/srv/mm/3rrr/work03Mar/ENS03Mar24.wav_1.wav http://realtime.rrr.org.au/p1h
2024-03-03 11:00:08,292	INFO	waiting for mplayer to start, count:0
2024-03-03 11:00:09,299	INFO	waiting for mplayer to create the wav file, count:0
2024-03-03 11:00:10,300	INFO	waiting for the wav file to grow, size:0
2024-03-03 11:00:11,302	INFO	waiting for the wav file to grow, size:1900544
2024-03-03 11:00:12,333	INFO	sampling rate is 44100
2024-03-03 11:00:12,333	INFO	Status info: rc is 1  runtime is 0  remtime is 3720   fsize is 2228224
2024-03-03 12:02:15,838	INFO	Show ENS remaining time: 0
2024-03-03 12:02:20,850	INFO	sox cmd: sox /srv/mm/3rrr/work03Mar/ENS03Mar24.wav_1.wav /srv/mm/3rrr/work03Mar/ENS03Mar24.wav
2024-03-03 12:02:26,169	INFO	sox cmd: sox /srv/mm/3rrr/work03Mar/ENS03Mar24.wav -c1 -b16 /srv/mm/3rrr/work03Mar/Einstein-A-Go-Go-20240303.wav_mon.wav
2024-03-03 12:02:32,363	INFO	sox cmd: sox /srv/mm/3rrr/work03Mar/Einstein-A-Go-Go-20240303.wav /srv/mm/3rrr/work03Mar/Einstein-A-Go-Go-20240303.wav_loud.wav compand 0.01,1 -90,-90,-70,-70,-60,-20,0,0 -5
2024-03-03 12:02:41,798	INFO	lame cmd: lame --quiet -b 320 --add-id3v2 --ty 2024 --tt Einstein A Go Go - 3 March 2024 --tc Einstein A Go Go can be heard every Sunday at 11.00am on 3RRR FM 102.7 MHz in Melbourne, Australia (http://www.rrr.org.au). Visit our website for more information (http://www.rrr.org.au/program/einstein-a-go-go/). --tg Podcast --ta Einstein A Go Go --tl Triple R FM /srv/mm/3rrr/work03Mar/ENS03Mar24.wav /srv/mm/3rrr/work03Mar/ENS03Mar24.mp3
2024-03-03 12:04:09,374	INFO	lame cmd: lame --quiet --preset 64 --add-id3v2 --ty 2024 --tt Einstein A Go Go - 3 March 2024 --tc Einstein A Go Go can be heard every Sunday at 11.00am on 3RRR FM 102.7 MHz in Melbourne, Australia (http://www.rrr.org.au). Visit our website for more information (http://www.rrr.org.au/program/einstein-a-go-go/). --tg Speech --ta Triple R --tl Triple R /srv/mm/3rrr/work03Mar/Einstein-A-Go-Go-20240303.wav /srv/mm/3rrr/work03Mar/Einstein-A-Go-Go-20240303.mp3
2024-03-03 12:05:14,397	INFO	Removing stale latest directory /srv/mm/3rrr/latest/ENS/
2024-03-03 12:05:14,407	INFO	Copy the ENS show files to show and latest folders
2024-03-03 12:05:15,058	INFO	Local web server publishing of files started
2024-03-03 12:05:15,136	INFO	Removing old file /var/www/eagg/files/Einstein-A-Go-Go-20240218.mp3
2024-03-03 12:05:15,137	INFO	Removing old file /var/www/eagg/files/ENS18Feb24.log
2024-03-03 12:05:15,137	INFO	Github publishing of files started
