2024-04-07 11:00:07,495	INFO	Start main routine for show ENS07Apr24
2024-04-07 11:00:07,496	INFO	Removing old working directory /srv/mm/3rrr/work31Mar
2024-04-07 11:00:07,540	INFO	Removing old show directory /srv/mm/3rrr/show31Mar
2024-04-07 11:00:07,629	INFO	mplayer cmd: mplayer -endpos 01:02:00 -quiet -nocache -vo null -vc dummy -ao pcm:waveheader:file=/srv/mm/3rrr/work07Apr/ENS07Apr24.wav_1.wav http://realtime.rrr.org.au/p1h
2024-04-07 11:00:07,632	INFO	waiting for mplayer to start, count:0
2024-04-07 11:00:08,638	INFO	waiting for the wav file to grow, size:0
2024-04-07 11:00:09,639	INFO	waiting for the wav file to grow, size:1703936
2024-04-07 11:00:10,670	INFO	sampling rate is 44100
2024-04-07 11:00:10,671	INFO	Status info: rc is 1  runtime is 0  remtime is 3720   fsize is 2031616
2024-04-07 12:02:14,162	INFO	Show ENS remaining time: 0
2024-04-07 12:02:19,171	INFO	sox cmd: sox /srv/mm/3rrr/work07Apr/ENS07Apr24.wav_1.wav /srv/mm/3rrr/work07Apr/ENS07Apr24.wav
2024-04-07 12:02:29,058	INFO	sox cmd: sox /srv/mm/3rrr/work07Apr/ENS07Apr24.wav -c1 -b16 /srv/mm/3rrr/work07Apr/Einstein-A-Go-Go-20240407.wav_mon.wav
2024-04-07 12:02:40,428	INFO	sox cmd: sox /srv/mm/3rrr/work07Apr/Einstein-A-Go-Go-20240407.wav /srv/mm/3rrr/work07Apr/Einstein-A-Go-Go-20240407.wav_loud.wav compand 0.01,1 -90,-90,-70,-70,-60,-20,0,0 -5
2024-04-07 12:02:49,659	INFO	lame cmd: lame --quiet -b 320 --add-id3v2 --ty 2024 --tt Einstein A Go Go - 7 April 2024 --tc Einstein A Go Go can be heard every Sunday at 11.00am on 3RRR FM 102.7 MHz in Melbourne, Australia (http://www.rrr.org.au). Visit our website for more information (http://www.rrr.org.au/program/einstein-a-go-go/). --tg Podcast --ta Einstein A Go Go --tl Triple R FM /srv/mm/3rrr/work07Apr/ENS07Apr24.wav /srv/mm/3rrr/work07Apr/ENS07Apr24.mp3
2024-04-07 12:04:25,735	INFO	lame cmd: lame --quiet --preset 64 --add-id3v2 --ty 2024 --tt Einstein A Go Go - 7 April 2024 --tc Einstein A Go Go can be heard every Sunday at 11.00am on 3RRR FM 102.7 MHz in Melbourne, Australia (http://www.rrr.org.au). Visit our website for more information (http://www.rrr.org.au/program/einstein-a-go-go/). --tg Speech --ta Triple R --tl Triple R /srv/mm/3rrr/work07Apr/Einstein-A-Go-Go-20240407.wav /srv/mm/3rrr/work07Apr/Einstein-A-Go-Go-20240407.mp3
2024-04-07 12:05:28,059	INFO	Removing stale latest directory /srv/mm/3rrr/latest/ENS/
2024-04-07 12:05:28,065	INFO	Copy the ENS show files to show and latest folders
2024-04-07 12:05:28,685	INFO	Local web server publishing of files started
2024-04-07 12:05:28,749	INFO	Removing old file /var/www/eagg/files/Einstein-A-Go-Go-20240324.mp3
2024-04-07 12:05:28,750	INFO	Removing old file /var/www/eagg/files/ENS24Mar24.log
2024-04-07 12:05:28,750	INFO	Github publishing of files started
