2024-06-09 11:00:14,948	INFO	Start main routine for show ENS09Jun24
2024-06-09 11:00:14,949	INFO	Removing old working directory /srv/mm/3rrr/work02Jun
2024-06-09 11:00:14,966	INFO	Removing old show directory /srv/mm/3rrr/show02Jun
2024-06-09 11:00:15,086	INFO	mplayer cmd: mplayer -endpos 01:02:00 -quiet -nocache -vo null -vc dummy -ao pcm:waveheader:file=/srv/mm/3rrr/work09Jun/ENS09Jun24.wav_1.wav http://realtime.rrr.org.au/p1h
2024-06-09 11:00:15,157	INFO	waiting for mplayer to start, count:0
2024-06-09 11:00:16,170	INFO	waiting for mplayer to create the wav file, count:0
2024-06-09 11:00:17,171	INFO	waiting for the wav file to grow, size:0
2024-06-09 11:00:18,173	INFO	waiting for the wav file to grow, size:1769472
2024-06-09 11:00:19,192	INFO	sampling rate is 44100
2024-06-09 11:00:19,192	INFO	Status info: rc is 1  runtime is 0  remtime is 3720   fsize is 2031616
2024-06-09 12:02:22,954	INFO	Show ENS remaining time: 0
2024-06-09 12:02:27,962	INFO	sox cmd: sox /srv/mm/3rrr/work09Jun/ENS09Jun24.wav_1.wav /srv/mm/3rrr/work09Jun/ENS09Jun24.wav
2024-06-09 12:03:15,477	INFO	sox cmd: sox /srv/mm/3rrr/work09Jun/ENS09Jun24.wav -c1 -b16 /srv/mm/3rrr/work09Jun/Einstein-A-Go-Go-20240609.wav_mon.wav
2024-06-09 12:03:49,528	INFO	sox cmd: sox /srv/mm/3rrr/work09Jun/Einstein-A-Go-Go-20240609.wav /srv/mm/3rrr/work09Jun/Einstein-A-Go-Go-20240609.wav_loud.wav compand 0.01,1 -90,-90,-70,-70,-60,-20,0,0 -5
2024-06-09 12:04:11,179	INFO	lame cmd: lame --quiet -b 320 --add-id3v2 --ty 2024 --tt Einstein A Go Go - 09 June 2024 --tc Einstein A Go Go can be heard every Sunday at 11.00am on 3RRR FM 102.7 MHz in Melbourne, Australia (http://www.rrr.org.au). Visit our website for more information (http://www.rrr.org.au/program/einstein-a-go-go/). --tg Podcast --ta Einstein A Go Go --tl Triple R FM /srv/mm/3rrr/work09Jun/ENS09Jun24.wav /srv/mm/3rrr/work09Jun/ENS09Jun24.mp3
2024-06-09 12:07:46,993	INFO	lame cmd: lame --quiet --preset 64 --add-id3v2 --ty 2024 --tt Einstein A Go Go - 09 June 2024 --tc Einstein A Go Go can be heard every Sunday at 11.00am on 3RRR FM 102.7 MHz in Melbourne, Australia (http://www.rrr.org.au). Visit our website for more information (http://www.rrr.org.au/program/einstein-a-go-go/). --tg Speech --ta Triple R --tl Triple R /srv/mm/3rrr/work09Jun/Einstein-A-Go-Go-20240609.wav /srv/mm/3rrr/work09Jun/Einstein-A-Go-Go-20240609.mp3
2024-06-09 12:09:40,276	INFO	Removing stale latest directory /srv/mm/3rrr/latest/ENS/
2024-06-09 12:09:40,281	INFO	Copy the ENS show files to show and latest folders
2024-06-09 12:09:48,719	INFO	Local web server publishing of files started
2024-06-09 12:09:50,217	INFO	Removing old file /var/www/eagg/files/Einstein-A-Go-Go-20240526.mp3
2024-06-09 12:09:50,219	INFO	Removing old file /var/www/eagg/files/ENS26May24.log
2024-06-09 12:09:50,219	INFO	Delete local web server archive file /var/www/eagg/files/archive/Einstein-A-Go-Go-20240414.mp3
2024-06-09 12:09:50,219	INFO	Github publishing of files started
