2025-02-09 11:00:03,907	INFO	Start main routine for show ENS09Feb25
2025-02-09 11:00:03,908	INFO	Removing old working directory /srv/mm/3rrr/work02Feb
2025-02-09 11:00:03,928	INFO	Removing old show directory /srv/mm/3rrr/show02Feb
2025-02-09 11:00:04,147	INFO	mplayer cmd: mplayer -endpos 01:02:00 -quiet -nocache -vo null -vc dummy -ao pcm:waveheader:file=/srv/mm/3rrr/work09Feb/ENS09Feb25.wav_1.wav http://realtime.rrr.org.au/p1h
2025-02-09 11:00:04,181	INFO	waiting for mplayer to start, count:0
2025-02-09 11:00:05,195	INFO	waiting for mplayer to create the wav file, count:0
2025-02-09 11:00:06,196	INFO	waiting for mplayer to create the wav file, count:1
2025-02-09 11:00:07,197	INFO	waiting for the wav file to grow, size:0
2025-02-09 11:00:08,221	INFO	sampling rate is 44100
2025-02-09 11:00:08,221	INFO	Status info: rc is 1  runtime is 0  remtime is 3720   fsize is 1966080
2025-02-09 12:02:11,954	INFO	Show ENS remaining time: 0
2025-02-09 12:02:16,960	INFO	sox cmd: sox /srv/mm/3rrr/work09Feb/ENS09Feb25.wav_1.wav /srv/mm/3rrr/work09Feb/ENS09Feb25.wav
2025-02-09 12:03:04,639	INFO	sox cmd: sox /srv/mm/3rrr/work09Feb/ENS09Feb25.wav -c1 -b16 /srv/mm/3rrr/work09Feb/Einstein-A-Go-Go-20250209.wav_mon.wav
2025-02-09 12:03:38,503	INFO	sox cmd: sox /srv/mm/3rrr/work09Feb/Einstein-A-Go-Go-20250209.wav /srv/mm/3rrr/work09Feb/Einstein-A-Go-Go-20250209.wav_loud.wav compand 0.01,1 -90,-90,-70,-70,-60,-20,0,0 -5
2025-02-09 12:04:00,050	INFO	lame cmd: lame --quiet -b 320 --add-id3v2 --ty 2025 --tt Einstein A Go Go - 09 February 2025 --tc Einstein A Go Go can be heard every Sunday at 11.00am on 3RRR FM 102.7 MHz in Melbourne, Australia (http://www.rrr.org.au). Visit our website for more information (http://www.rrr.org.au/program/einstein-a-go-go/). --tg Podcast --ta Einstein A Go Go --tl Triple R FM /srv/mm/3rrr/work09Feb/ENS09Feb25.wav /srv/mm/3rrr/work09Feb/ENS09Feb25.mp3
2025-02-09 12:07:41,389	INFO	lame cmd: lame --quiet --preset 64 --add-id3v2 --ty 2025 --tt Einstein A Go Go - 09 February 2025 --tc Einstein A Go Go can be heard every Sunday at 11.00am on 3RRR FM 102.7 MHz in Melbourne, Australia (http://www.rrr.org.au). Visit our website for more information (http://www.rrr.org.au/program/einstein-a-go-go/). --tg Speech --ta Triple R --tl Triple R /srv/mm/3rrr/work09Feb/Einstein-A-Go-Go-20250209.wav /srv/mm/3rrr/work09Feb/Einstein-A-Go-Go-20250209.mp3
2025-02-09 12:09:32,062	INFO	Removing stale latest directory /srv/mm/3rrr/latest/ENS/
2025-02-09 12:09:32,069	INFO	Copy the ENS show files to show and latest folders
2025-02-09 12:09:38,814	INFO	Local web server publishing of files started
2025-02-09 12:09:39,480	INFO	Removing old file /var/www/eagg/files/Einstein-A-Go-Go-20250126.mp3
2025-02-09 12:09:39,481	INFO	Removing old file /var/www/eagg/files/ENS26Jan25.log
2025-02-09 12:09:39,482	INFO	Delete local web server archive file /var/www/eagg/files/archive/Einstein-A-Go-Go-20241215.mp3
2025-02-09 12:09:39,482	INFO	Removing old file /var/www/eagg/files/archive/Einstein-A-Go-Go-20241215.mp3
2025-02-09 12:09:39,484	INFO	Github publishing of files started
