2024-05-05 11:00:02,978	INFO	Start main routine for show ENS05May24
2024-05-05 11:00:02,978	INFO	Removing old working directory /srv/mm/3rrr/work28Apr
2024-05-05 11:00:03,028	INFO	Removing old show directory /srv/mm/3rrr/show28Apr
2024-05-05 11:00:03,112	INFO	mplayer cmd: mplayer -endpos 01:02:00 -quiet -nocache -vo null -vc dummy -ao pcm:waveheader:file=/srv/mm/3rrr/work05May/ENS05May24.wav_1.wav http://realtime.rrr.org.au/p1h
2024-05-05 11:00:03,116	INFO	waiting for mplayer to start, count:0
2024-05-05 11:00:04,123	INFO	waiting for the wav file to grow, size:0
2024-05-05 11:00:05,124	INFO	waiting for the wav file to grow, size:1703936
2024-05-05 11:00:06,154	INFO	sampling rate is 44100
2024-05-05 11:00:06,154	INFO	Status info: rc is 1  runtime is 0  remtime is 3720   fsize is 2097152
2024-05-05 12:02:09,612	INFO	Show ENS remaining time: 0
2024-05-05 12:02:14,618	INFO	sox cmd: sox /srv/mm/3rrr/work05May/ENS05May24.wav_1.wav /srv/mm/3rrr/work05May/ENS05May24.wav
2024-05-05 12:02:17,250	INFO	sox cmd: sox /srv/mm/3rrr/work05May/ENS05May24.wav -c1 -b16 /srv/mm/3rrr/work05May/Einstein-A-Go-Go-20240505.wav_mon.wav
2024-05-05 12:02:21,443	INFO	sox cmd: sox /srv/mm/3rrr/work05May/Einstein-A-Go-Go-20240505.wav /srv/mm/3rrr/work05May/Einstein-A-Go-Go-20240505.wav_loud.wav compand 0.01,1 -90,-90,-70,-70,-60,-20,0,0 -5
2024-05-05 12:02:30,503	INFO	lame cmd: lame --quiet -b 320 --add-id3v2 --ty 2024 --tt Einstein A Go Go - 5 May 2024 --tc Einstein A Go Go can be heard every Sunday at 11.00am on 3RRR FM 102.7 MHz in Melbourne, Australia (http://www.rrr.org.au). Visit our website for more information (http://www.rrr.org.au/program/einstein-a-go-go/). --tg Podcast --ta Einstein A Go Go --tl Triple R FM /srv/mm/3rrr/work05May/ENS05May24.wav /srv/mm/3rrr/work05May/ENS05May24.mp3
2024-05-05 12:03:50,684	INFO	lame cmd: lame --quiet --preset 64 --add-id3v2 --ty 2024 --tt Einstein A Go Go - 5 May 2024 --tc Einstein A Go Go can be heard every Sunday at 11.00am on 3RRR FM 102.7 MHz in Melbourne, Australia (http://www.rrr.org.au). Visit our website for more information (http://www.rrr.org.au/program/einstein-a-go-go/). --tg Speech --ta Triple R --tl Triple R /srv/mm/3rrr/work05May/Einstein-A-Go-Go-20240505.wav /srv/mm/3rrr/work05May/Einstein-A-Go-Go-20240505.mp3
2024-05-05 12:05:00,373	INFO	Removing stale latest directory /srv/mm/3rrr/latest/ENS/
2024-05-05 12:05:00,385	INFO	Copy the ENS show files to show and latest folders
2024-05-05 12:05:00,688	INFO	Local web server publishing of files started
2024-05-05 12:05:00,720	INFO	Removing old file /var/www/eagg/files/Einstein-A-Go-Go-20240421.mp3
2024-05-05 12:05:00,722	INFO	Removing old file /var/www/eagg/files/ENS21Apr24.log
2024-05-05 12:05:00,722	INFO	Github publishing of files started
