2026-02-01 11:00:06,942	INFO	Start main routine for show ENS01Feb26
2026-02-01 11:00:06,942	INFO	Removing old working directory /srv/mm/3rrr/work25Jan
2026-02-01 11:00:06,960	INFO	Removing old show directory /srv/mm/3rrr/show25Jan
2026-02-01 11:00:07,143	INFO	mplayer cmd: mplayer -endpos 01:02:00 -quiet -nocache -vo null -vc dummy -ao pcm:waveheader:file=/srv/mm/3rrr/work01Feb/ENS01Feb26.wav_1.wav http://realtime.rrr.org.au/p1h
2026-02-01 11:00:07,209	INFO	waiting for mplayer to start, count:0
2026-02-01 11:00:08,234	INFO	waiting for mplayer to create the wav file, count:0
2026-02-01 11:00:09,236	INFO	waiting for mplayer to create the wav file, count:1
2026-02-01 11:00:10,237	INFO	waiting for the wav file to grow, size:0
2026-02-01 11:00:11,238	INFO	waiting for the wav file to grow, size:1769472
2026-02-01 11:00:12,256	INFO	sampling rate is 44100
2026-02-01 11:00:12,257	INFO	Status info: rc is 1  runtime is 0  remtime is 3720   fsize is 2162688
2026-02-01 12:02:15,934	INFO	Show ENS remaining time: 0
2026-02-01 12:02:20,943	INFO	sox cmd: sox /srv/mm/3rrr/work01Feb/ENS01Feb26.wav_1.wav /srv/mm/3rrr/work01Feb/ENS01Feb26.wav
2026-02-01 12:03:09,092	INFO	sox cmd: sox /srv/mm/3rrr/work01Feb/ENS01Feb26.wav -c1 -b16 /srv/mm/3rrr/work01Feb/Einstein-A-Go-Go-20260201.wav_mon.wav
2026-02-01 12:03:42,128	INFO	sox cmd: sox /srv/mm/3rrr/work01Feb/Einstein-A-Go-Go-20260201.wav /srv/mm/3rrr/work01Feb/Einstein-A-Go-Go-20260201.wav_loud.wav compand 0.01,1 -90,-90,-70,-70,-60,-20,0,0 -5
2026-02-01 12:04:10,045	INFO	lame cmd: lame --quiet -b 320 --add-id3v2 --ty 2026 --tt Einstein A Go Go - 01 February 2026 --tc Einstein A Go Go can be heard every Sunday at 11.00am on 3RRR FM 102.7 MHz in Melbourne, Australia (http://www.rrr.org.au). Visit our website for more information (http://www.rrr.org.au/program/einstein-a-go-go/). --tg Podcast --ta Einstein A Go Go --tl Triple R FM /srv/mm/3rrr/work01Feb/ENS01Feb26.wav /srv/mm/3rrr/work01Feb/ENS01Feb26.mp3
2026-02-01 12:08:23,136	INFO	lame cmd: lame --quiet --preset 64 --add-id3v2 --ty 2026 --tt Einstein A Go Go - 01 February 2026 --tc Einstein A Go Go can be heard every Sunday at 11.00am on 3RRR FM 102.7 MHz in Melbourne, Australia (http://www.rrr.org.au). Visit our website for more information (http://www.rrr.org.au/program/einstein-a-go-go/). --tg Speech --ta Triple R --tl Triple R /srv/mm/3rrr/work01Feb/Einstein-A-Go-Go-20260201.wav /srv/mm/3rrr/work01Feb/Einstein-A-Go-Go-20260201.mp3
2026-02-01 12:10:32,345	INFO	Removing stale latest directory /srv/mm/3rrr/latest/ENS/
2026-02-01 12:10:32,360	INFO	Copy the ENS show files to show and latest folders
2026-02-01 12:10:37,630	INFO	Local web server publishing of files started
2026-02-01 12:10:39,307	INFO	Removing old file /var/www/eagg/files/Einstein-A-Go-Go-20260118.mp3
2026-02-01 12:10:39,369	INFO	Removing old file /var/www/eagg/files/ENS18Jan26.log
2026-02-01 12:10:39,369	INFO	Delete local web server archive file /var/www/eagg/files/archive/Einstein-A-Go-Go-20251207.mp3
2026-02-01 12:10:39,369	INFO	Removing old file /var/www/eagg/files/archive/Einstein-A-Go-Go-20251207.mp3
2026-02-01 12:10:39,484	INFO	Github publishing of files started
