2025-12-07 11:00:05,871	INFO	Start main routine for show ENS07Dec25
2025-12-07 11:00:05,871	INFO	Removing old working directory /srv/mm/3rrr/work30Nov
2025-12-07 11:00:05,889	INFO	Removing old show directory /srv/mm/3rrr/show30Nov
2025-12-07 11:00:06,048	INFO	mplayer cmd: mplayer -endpos 01:02:00 -quiet -nocache -vo null -vc dummy -ao pcm:waveheader:file=/srv/mm/3rrr/work07Dec/ENS07Dec25.wav_1.wav http://realtime.rrr.org.au/p1h
2025-12-07 11:00:06,119	INFO	waiting for mplayer to start, count:0
2025-12-07 11:00:07,130	INFO	waiting for mplayer to create the wav file, count:0
2025-12-07 11:00:08,131	INFO	waiting for mplayer to create the wav file, count:1
2025-12-07 11:00:09,132	INFO	waiting for mplayer to create the wav file, count:2
2025-12-07 11:00:10,134	INFO	waiting for the wav file to grow, size:0
2025-12-07 11:00:11,135	INFO	waiting for the wav file to grow, size:1835008
2025-12-07 11:00:12,158	INFO	sampling rate is 44100
2025-12-07 11:00:12,158	INFO	Status info: rc is 1  runtime is 0  remtime is 3720   fsize is 2162688
2025-12-07 12:02:15,885	INFO	Show ENS remaining time: 0
2025-12-07 12:02:20,892	INFO	sox cmd: sox /srv/mm/3rrr/work07Dec/ENS07Dec25.wav_1.wav /srv/mm/3rrr/work07Dec/ENS07Dec25.wav
2025-12-07 12:03:08,868	INFO	sox cmd: sox /srv/mm/3rrr/work07Dec/ENS07Dec25.wav -c1 -b16 /srv/mm/3rrr/work07Dec/Einstein-A-Go-Go-20251207.wav_mon.wav
2025-12-07 12:03:41,651	INFO	sox cmd: sox /srv/mm/3rrr/work07Dec/Einstein-A-Go-Go-20251207.wav /srv/mm/3rrr/work07Dec/Einstein-A-Go-Go-20251207.wav_loud.wav compand 0.01,1 -90,-90,-70,-70,-60,-20,0,0 -5
2025-12-07 12:04:09,329	INFO	lame cmd: lame --quiet -b 320 --add-id3v2 --ty 2025 --tt Einstein A Go Go - 07 December 2025 --tc Einstein A Go Go can be heard every Sunday at 11.00am on 3RRR FM 102.7 MHz in Melbourne, Australia (http://www.rrr.org.au). Visit our website for more information (http://www.rrr.org.au/program/einstein-a-go-go/). --tg Podcast --ta Einstein A Go Go --tl Triple R FM /srv/mm/3rrr/work07Dec/ENS07Dec25.wav /srv/mm/3rrr/work07Dec/ENS07Dec25.mp3
2025-12-07 12:08:14,513	INFO	lame cmd: lame --quiet --preset 64 --add-id3v2 --ty 2025 --tt Einstein A Go Go - 07 December 2025 --tc Einstein A Go Go can be heard every Sunday at 11.00am on 3RRR FM 102.7 MHz in Melbourne, Australia (http://www.rrr.org.au). Visit our website for more information (http://www.rrr.org.au/program/einstein-a-go-go/). --tg Speech --ta Triple R --tl Triple R /srv/mm/3rrr/work07Dec/Einstein-A-Go-Go-20251207.wav /srv/mm/3rrr/work07Dec/Einstein-A-Go-Go-20251207.mp3
2025-12-07 12:10:23,334	INFO	Removing stale latest directory /srv/mm/3rrr/latest/ENS/
2025-12-07 12:10:23,343	INFO	Copy the ENS show files to show and latest folders
2025-12-07 12:10:28,985	INFO	Local web server publishing of files started
2025-12-07 12:10:30,064	INFO	Removing old file /var/www/eagg/files/Einstein-A-Go-Go-20251123.mp3
2025-12-07 12:10:30,076	INFO	Removing old file /var/www/eagg/files/ENS23Nov25.log
2025-12-07 12:10:30,076	INFO	Delete local web server archive file /var/www/eagg/files/archive/Einstein-A-Go-Go-20251012.mp3
2025-12-07 12:10:30,085	INFO	Removing old file /var/www/eagg/files/archive/Einstein-A-Go-Go-20251012.mp3
2025-12-07 12:10:30,101	INFO	Github publishing of files started
