2026-01-04 11:00:05,331	INFO	Start main routine for show ENS04Jan26
2026-01-04 11:00:05,332	INFO	Removing old working directory /srv/mm/3rrr/work28Dec
2026-01-04 11:00:05,356	INFO	Removing old show directory /srv/mm/3rrr/show28Dec
2026-01-04 11:00:05,526	INFO	mplayer cmd: mplayer -endpos 01:02:00 -quiet -nocache -vo null -vc dummy -ao pcm:waveheader:file=/srv/mm/3rrr/work04Jan/ENS04Jan26.wav_1.wav http://realtime.rrr.org.au/p1h
2026-01-04 11:00:05,539	INFO	waiting for mplayer to start, count:0
2026-01-04 11:00:06,550	INFO	waiting for mplayer to create the wav file, count:0
2026-01-04 11:00:07,551	INFO	waiting for mplayer to create the wav file, count:1
2026-01-04 11:00:08,552	INFO	waiting for the wav file to grow, size:0
2026-01-04 11:00:09,554	INFO	waiting for the wav file to grow, size:1835008
2026-01-04 11:00:10,577	INFO	sampling rate is 44100
2026-01-04 11:00:10,577	INFO	Status info: rc is 1  runtime is 0  remtime is 3720   fsize is 2162688
2026-01-04 12:02:14,292	INFO	Show ENS remaining time: 0
2026-01-04 12:02:19,305	INFO	sox cmd: sox /srv/mm/3rrr/work04Jan/ENS04Jan26.wav_1.wav /srv/mm/3rrr/work04Jan/ENS04Jan26.wav
2026-01-04 12:03:07,478	INFO	sox cmd: sox /srv/mm/3rrr/work04Jan/ENS04Jan26.wav -c1 -b16 /srv/mm/3rrr/work04Jan/Einstein-A-Go-Go-20260104.wav_mon.wav
2026-01-04 12:03:41,048	INFO	sox cmd: sox /srv/mm/3rrr/work04Jan/Einstein-A-Go-Go-20260104.wav /srv/mm/3rrr/work04Jan/Einstein-A-Go-Go-20260104.wav_loud.wav compand 0.01,1 -90,-90,-70,-70,-60,-20,0,0 -5
2026-01-04 12:04:09,204	INFO	lame cmd: lame --quiet -b 320 --add-id3v2 --ty 2026 --tt Einstein A Go Go - 04 January 2026 --tc Einstein A Go Go can be heard every Sunday at 11.00am on 3RRR FM 102.7 MHz in Melbourne, Australia (http://www.rrr.org.au). Visit our website for more information (http://www.rrr.org.au/program/einstein-a-go-go/). --tg Podcast --ta Einstein A Go Go --tl Triple R FM /srv/mm/3rrr/work04Jan/ENS04Jan26.wav /srv/mm/3rrr/work04Jan/ENS04Jan26.mp3
2026-01-04 12:08:23,647	INFO	lame cmd: lame --quiet --preset 64 --add-id3v2 --ty 2026 --tt Einstein A Go Go - 04 January 2026 --tc Einstein A Go Go can be heard every Sunday at 11.00am on 3RRR FM 102.7 MHz in Melbourne, Australia (http://www.rrr.org.au). Visit our website for more information (http://www.rrr.org.au/program/einstein-a-go-go/). --tg Speech --ta Triple R --tl Triple R /srv/mm/3rrr/work04Jan/Einstein-A-Go-Go-20260104.wav /srv/mm/3rrr/work04Jan/Einstein-A-Go-Go-20260104.mp3
2026-01-04 12:10:37,257	INFO	Removing stale latest directory /srv/mm/3rrr/latest/ENS/
2026-01-04 12:10:37,316	INFO	Copy the ENS show files to show and latest folders
2026-01-04 12:10:43,231	INFO	Local web server publishing of files started
2026-01-04 12:10:44,357	INFO	Removing old file /var/www/eagg/files/Einstein-A-Go-Go-20251221.mp3
2026-01-04 12:10:44,417	INFO	Removing old file /var/www/eagg/files/ENS21Dec25.log
2026-01-04 12:10:44,417	INFO	Delete local web server archive file /var/www/eagg/files/archive/Einstein-A-Go-Go-20251109.mp3
2026-01-04 12:10:44,417	INFO	Removing old file /var/www/eagg/files/archive/Einstein-A-Go-Go-20251109.mp3
2026-01-04 12:10:44,461	INFO	Github publishing of files started
