2023-09-03 11:00:01,819	INFO	Start main routine for show ENS03Sep23
2023-09-03 11:00:01,819	INFO	Removing old working directory /srv/mm/3rrr/work27Aug
2023-09-03 11:00:01,825	INFO	Removing old show directory /srv/mm/3rrr/show27Aug
2023-09-03 11:00:01,900	INFO	mplayer cmd: mplayer -endpos 01:02:00 -quiet -nocache -vo null -vc dummy -ao pcm:waveheader:file=/srv/mm/3rrr/work03Sep/ENS03Sep23.wav_1.wav http://realtime.rrr.org.au/p1h
2023-09-03 11:00:01,906	INFO	waiting for mplayer to start, count:0
2023-09-03 11:00:02,916	INFO	waiting for the wav file to grow, size:0
2023-09-03 11:00:03,918	INFO	waiting for the wav file to grow, size:1769472
2023-09-03 11:00:04,949	INFO	sampling rate is 44100
2023-09-03 11:00:04,949	INFO	Status info: rc is 1  runtime is 0  remtime is 3720   fsize is 2097152
2023-09-03 12:02:08,383	INFO	Show ENS remaining time: 0
2023-09-03 12:02:13,389	INFO	sox cmd: sox /srv/mm/3rrr/work03Sep/ENS03Sep23.wav_1.wav /srv/mm/3rrr/work03Sep/ENS03Sep23.wav
2023-09-03 12:02:18,283	INFO	sox cmd: sox /srv/mm/3rrr/work03Sep/ENS03Sep23.wav -c1 -b16 /srv/mm/3rrr/work03Sep/Einstein-A-Go-Go-20230903.wav_mon.wav
2023-09-03 12:02:28,484	INFO	sox cmd: sox /srv/mm/3rrr/work03Sep/Einstein-A-Go-Go-20230903.wav /srv/mm/3rrr/work03Sep/Einstein-A-Go-Go-20230903.wav_loud.wav compand 0.01,1 -90,-90,-70,-70,-60,-20,0,0 -5
2023-09-03 12:02:53,984	INFO	lame cmd: lame --quiet -b 320 --add-id3v2 --ty 2023 --tt Einstein A Go Go - 3 September 2023 --tc Einstein A Go Go can be heard every Sunday at 11.00am on 3RRR FM 102.7 MHz in Melbourne, Australia (http://www.rrr.org.au). Visit our website for more information (http://www.rrr.org.au/program/einstein-a-go-go/). --tg Podcast --ta Einstein A Go Go --tl Triple R FM /srv/mm/3rrr/work03Sep/ENS03Sep23.wav /srv/mm/3rrr/work03Sep/ENS03Sep23.mp3
2023-09-03 12:04:13,909	INFO	lame cmd: lame --quiet --preset 64 --add-id3v2 --ty 2023 --tt Einstein A Go Go - 3 September 2023 --tc Einstein A Go Go can be heard every Sunday at 11.00am on 3RRR FM 102.7 MHz in Melbourne, Australia (http://www.rrr.org.au). Visit our website for more information (http://www.rrr.org.au/program/einstein-a-go-go/). --tg Speech --ta Triple R --tl Triple R /srv/mm/3rrr/work03Sep/Einstein-A-Go-Go-20230903.wav /srv/mm/3rrr/work03Sep/Einstein-A-Go-Go-20230903.mp3
2023-09-03 12:05:24,219	INFO	Removing stale latest directory /srv/mm/3rrr/latest/ENS/
2023-09-03 12:05:24,222	INFO	Copy the ENS show files to show and latest folders
2023-09-03 12:05:24,948	INFO	Local web server publishing of files started
2023-09-03 12:05:25,066	INFO	Removing old file /var/www/eagg/files/Einstein-A-Go-Go-20230820.mp3
2023-09-03 12:05:25,098	INFO	Removing old file /var/www/eagg/files/ENS20Aug23.log
2023-09-03 12:05:25,112	INFO	Github publishing of files started
