2024-12-01 11:00:12,187	INFO	Start main routine for show ENS01Dec24
2024-12-01 11:00:12,187	INFO	Removing old working directory /srv/mm/3rrr/work24Nov
2024-12-01 11:00:12,211	INFO	Removing old show directory /srv/mm/3rrr/show24Nov
2024-12-01 11:00:12,399	INFO	mplayer cmd: mplayer -endpos 01:02:00 -quiet -nocache -vo null -vc dummy -ao pcm:waveheader:file=/srv/mm/3rrr/work01Dec/ENS01Dec24.wav_1.wav http://realtime.rrr.org.au/p1h
2024-12-01 11:00:12,472	INFO	waiting for mplayer to start, count:0
2024-12-01 11:00:13,507	INFO	waiting for mplayer to create the wav file, count:0
2024-12-01 11:00:14,509	INFO	waiting for mplayer to create the wav file, count:1
2024-12-01 11:00:15,510	INFO	waiting for the wav file to grow, size:0
2024-12-01 11:00:16,512	INFO	waiting for the wav file to grow, size:1900544
2024-12-01 11:00:17,534	INFO	sampling rate is 44100
2024-12-01 11:00:17,534	INFO	Status info: rc is 1  runtime is 0  remtime is 3720   fsize is 2359296
2024-12-01 12:02:21,262	INFO	Show ENS remaining time: 0
2024-12-01 12:02:26,268	INFO	sox cmd: sox /srv/mm/3rrr/work01Dec/ENS01Dec24.wav_1.wav /srv/mm/3rrr/work01Dec/ENS01Dec24.wav
2024-12-01 12:03:13,857	INFO	sox cmd: sox /srv/mm/3rrr/work01Dec/ENS01Dec24.wav -c1 -b16 /srv/mm/3rrr/work01Dec/Einstein-A-Go-Go-20241201.wav_mon.wav
2024-12-01 12:03:47,300	INFO	sox cmd: sox /srv/mm/3rrr/work01Dec/Einstein-A-Go-Go-20241201.wav /srv/mm/3rrr/work01Dec/Einstein-A-Go-Go-20241201.wav_loud.wav compand 0.01,1 -90,-90,-70,-70,-60,-20,0,0 -5
2024-12-01 12:04:09,708	INFO	lame cmd: lame --quiet -b 320 --add-id3v2 --ty 2024 --tt Einstein A Go Go - 01 December 2024 --tc Einstein A Go Go can be heard every Sunday at 11.00am on 3RRR FM 102.7 MHz in Melbourne, Australia (http://www.rrr.org.au). Visit our website for more information (http://www.rrr.org.au/program/einstein-a-go-go/). --tg Podcast --ta Einstein A Go Go --tl Triple R FM /srv/mm/3rrr/work01Dec/ENS01Dec24.wav /srv/mm/3rrr/work01Dec/ENS01Dec24.mp3
2024-12-01 12:07:47,393	INFO	lame cmd: lame --quiet --preset 64 --add-id3v2 --ty 2024 --tt Einstein A Go Go - 01 December 2024 --tc Einstein A Go Go can be heard every Sunday at 11.00am on 3RRR FM 102.7 MHz in Melbourne, Australia (http://www.rrr.org.au). Visit our website for more information (http://www.rrr.org.au/program/einstein-a-go-go/). --tg Speech --ta Triple R --tl Triple R /srv/mm/3rrr/work01Dec/Einstein-A-Go-Go-20241201.wav /srv/mm/3rrr/work01Dec/Einstein-A-Go-Go-20241201.mp3
2024-12-01 12:09:40,074	INFO	Removing stale latest directory /srv/mm/3rrr/latest/ENS/
2024-12-01 12:09:40,089	INFO	Copy the ENS show files to show and latest folders
2024-12-01 12:09:48,782	INFO	Local web server publishing of files started
2024-12-01 12:09:49,891	INFO	Removing old file /var/www/eagg/files/Einstein-A-Go-Go-20241117.mp3
2024-12-01 12:09:49,892	INFO	Removing old file /var/www/eagg/files/ENS17Nov24.log
2024-12-01 12:09:49,896	INFO	Delete local web server archive file /var/www/eagg/files/archive/Einstein-A-Go-Go-20241006.mp3
2024-12-01 12:09:49,896	INFO	Removing old file /var/www/eagg/files/archive/Einstein-A-Go-Go-20241006.mp3
2024-12-01 12:09:49,896	INFO	Github publishing of files started
