2023-10-08 11:00:01,237	INFO	Start main routine for show ENS08Oct23
2023-10-08 11:00:01,237	INFO	Removing old working directory /srv/mm/3rrr/work01Oct
2023-10-08 11:00:01,246	INFO	Removing old show directory /srv/mm/3rrr/show01Oct
2023-10-08 11:00:01,327	INFO	mplayer cmd: mplayer -endpos 01:02:00 -quiet -nocache -vo null -vc dummy -ao pcm:waveheader:file=/srv/mm/3rrr/work08Oct/ENS08Oct23.wav_1.wav http://realtime.rrr.org.au/p1h
2023-10-08 11:00:01,333	INFO	waiting for mplayer to start, count:0
2023-10-08 11:00:02,345	INFO	waiting for mplayer to create the wav file, count:0
2023-10-08 11:00:03,347	INFO	waiting for the wav file to grow, size:0
2023-10-08 11:00:04,371	INFO	sampling rate is 44100
2023-10-08 11:00:04,371	INFO	Status info: rc is 1  runtime is 0  remtime is 3720   fsize is 1966080
2023-10-08 12:02:07,872	INFO	Show ENS remaining time: 0
2023-10-08 12:02:12,878	INFO	sox cmd: sox /srv/mm/3rrr/work08Oct/ENS08Oct23.wav_1.wav /srv/mm/3rrr/work08Oct/ENS08Oct23.wav
2023-10-08 12:02:17,521	INFO	sox cmd: sox /srv/mm/3rrr/work08Oct/ENS08Oct23.wav -c1 -b16 /srv/mm/3rrr/work08Oct/Einstein-A-Go-Go-20231008.wav_mon.wav
2023-10-08 12:02:41,913	INFO	sox cmd: sox /srv/mm/3rrr/work08Oct/Einstein-A-Go-Go-20231008.wav /srv/mm/3rrr/work08Oct/Einstein-A-Go-Go-20231008.wav_loud.wav compand 0.01,1 -90,-90,-70,-70,-60,-20,0,0 -5
2023-10-08 12:02:52,226	INFO	lame cmd: lame --quiet -b 320 --add-id3v2 --ty 2023 --tt Einstein A Go Go - 8 October 2023 --tc Einstein A Go Go can be heard every Sunday at 11.00am on 3RRR FM 102.7 MHz in Melbourne, Australia (http://www.rrr.org.au). Visit our website for more information (http://www.rrr.org.au/program/einstein-a-go-go/). --tg Podcast --ta Einstein A Go Go --tl Triple R FM /srv/mm/3rrr/work08Oct/ENS08Oct23.wav /srv/mm/3rrr/work08Oct/ENS08Oct23.mp3
2023-10-08 12:04:09,113	INFO	lame cmd: lame --quiet --preset 64 --add-id3v2 --ty 2023 --tt Einstein A Go Go - 8 October 2023 --tc Einstein A Go Go can be heard every Sunday at 11.00am on 3RRR FM 102.7 MHz in Melbourne, Australia (http://www.rrr.org.au). Visit our website for more information (http://www.rrr.org.au/program/einstein-a-go-go/). --tg Speech --ta Triple R --tl Triple R /srv/mm/3rrr/work08Oct/Einstein-A-Go-Go-20231008.wav /srv/mm/3rrr/work08Oct/Einstein-A-Go-Go-20231008.mp3
2023-10-08 12:05:19,795	INFO	Removing stale latest directory /srv/mm/3rrr/latest/ENS/
2023-10-08 12:05:19,858	INFO	Copy the ENS show files to show and latest folders
2023-10-08 12:05:20,931	INFO	Local web server publishing of files started
2023-10-08 12:05:21,102	INFO	Removing old file /var/www/eagg/files/Einstein-A-Go-Go-20230924.mp3
2023-10-08 12:05:21,102	INFO	Removing old file /var/www/eagg/files/ENS24Sep23.log
2023-10-08 12:05:21,103	INFO	Github publishing of files started
