2024-11-03 11:00:04,396	INFO	Start main routine for show ENS03Nov24
2024-11-03 11:00:04,396	INFO	Removing old working directory /srv/mm/3rrr/work27Oct
2024-11-03 11:00:04,452	INFO	Removing old show directory /srv/mm/3rrr/show27Oct
2024-11-03 11:00:04,653	INFO	mplayer cmd: mplayer -endpos 01:02:00 -quiet -nocache -vo null -vc dummy -ao pcm:waveheader:file=/srv/mm/3rrr/work03Nov/ENS03Nov24.wav_1.wav http://realtime.rrr.org.au/p1h
2024-11-03 11:00:04,670	INFO	waiting for mplayer to start, count:0
2024-11-03 11:00:05,682	INFO	waiting for mplayer to create the wav file, count:0
2024-11-03 11:00:06,684	INFO	waiting for mplayer to create the wav file, count:1
2024-11-03 11:00:07,685	INFO	waiting for the wav file to grow, size:0
2024-11-03 11:00:08,706	INFO	sampling rate is 44100
2024-11-03 11:00:08,707	INFO	Status info: rc is 1  runtime is 0  remtime is 3720   fsize is 1966080
2024-11-03 12:02:12,428	INFO	Show ENS remaining time: 0
2024-11-03 12:02:17,435	INFO	sox cmd: sox /srv/mm/3rrr/work03Nov/ENS03Nov24.wav_1.wav /srv/mm/3rrr/work03Nov/ENS03Nov24.wav
2024-11-03 12:03:04,626	INFO	sox cmd: sox /srv/mm/3rrr/work03Nov/ENS03Nov24.wav -c1 -b16 /srv/mm/3rrr/work03Nov/Einstein-A-Go-Go-20241103.wav_mon.wav
2024-11-03 12:03:38,652	INFO	sox cmd: sox /srv/mm/3rrr/work03Nov/Einstein-A-Go-Go-20241103.wav /srv/mm/3rrr/work03Nov/Einstein-A-Go-Go-20241103.wav_loud.wav compand 0.01,1 -90,-90,-70,-70,-60,-20,0,0 -5
2024-11-03 12:04:00,606	INFO	lame cmd: lame --quiet -b 320 --add-id3v2 --ty 2024 --tt Einstein A Go Go - 03 November 2024 --tc Einstein A Go Go can be heard every Sunday at 11.00am on 3RRR FM 102.7 MHz in Melbourne, Australia (http://www.rrr.org.au). Visit our website for more information (http://www.rrr.org.au/program/einstein-a-go-go/). --tg Podcast --ta Einstein A Go Go --tl Triple R FM /srv/mm/3rrr/work03Nov/ENS03Nov24.wav /srv/mm/3rrr/work03Nov/ENS03Nov24.mp3
2024-11-03 12:07:37,192	INFO	lame cmd: lame --quiet --preset 64 --add-id3v2 --ty 2024 --tt Einstein A Go Go - 03 November 2024 --tc Einstein A Go Go can be heard every Sunday at 11.00am on 3RRR FM 102.7 MHz in Melbourne, Australia (http://www.rrr.org.au). Visit our website for more information (http://www.rrr.org.au/program/einstein-a-go-go/). --tg Speech --ta Triple R --tl Triple R /srv/mm/3rrr/work03Nov/Einstein-A-Go-Go-20241103.wav /srv/mm/3rrr/work03Nov/Einstein-A-Go-Go-20241103.mp3
2024-11-03 12:09:27,951	INFO	Removing stale latest directory /srv/mm/3rrr/latest/ENS/
2024-11-03 12:09:27,961	INFO	Copy the ENS show files to show and latest folders
2024-11-03 12:09:36,405	INFO	Local web server publishing of files started
2024-11-03 12:09:37,447	INFO	Removing old file /var/www/eagg/files/Einstein-A-Go-Go-20241020.mp3
2024-11-03 12:09:37,455	INFO	Removing old file /var/www/eagg/files/ENS20Oct24.log
2024-11-03 12:09:37,506	INFO	Delete local web server archive file /var/www/eagg/files/archive/Einstein-A-Go-Go-20240908.mp3
2024-11-03 12:09:37,506	INFO	Removing old file /var/www/eagg/files/archive/Einstein-A-Go-Go-20240908.mp3
2024-11-03 12:09:37,532	INFO	Github publishing of files started
