2024-03-10 11:00:03,195	INFO	Start main routine for show ENS10Mar24
2024-03-10 11:00:03,195	INFO	Removing old working directory /srv/mm/3rrr/work03Mar
2024-03-10 11:00:03,237	INFO	Removing old show directory /srv/mm/3rrr/show03Mar
2024-03-10 11:00:03,323	INFO	mplayer cmd: mplayer -endpos 01:02:00 -quiet -nocache -vo null -vc dummy -ao pcm:waveheader:file=/srv/mm/3rrr/work10Mar/ENS10Mar24.wav_1.wav http://realtime.rrr.org.au/p1h
2024-03-10 11:00:03,326	INFO	waiting for mplayer to start, count:0
2024-03-10 11:00:04,331	INFO	waiting for mplayer to create the wav file, count:0
2024-03-10 11:00:05,333	INFO	waiting for the wav file to grow, size:0
2024-03-10 11:00:06,364	INFO	sampling rate is 44100
2024-03-10 11:00:06,364	INFO	Status info: rc is 1  runtime is 0  remtime is 3720   fsize is 1966080
2024-03-10 12:02:09,860	INFO	Show ENS remaining time: 0
2024-03-10 12:02:14,869	INFO	sox cmd: sox /srv/mm/3rrr/work10Mar/ENS10Mar24.wav_1.wav /srv/mm/3rrr/work10Mar/ENS10Mar24.wav
2024-03-10 12:02:23,349	INFO	sox cmd: sox /srv/mm/3rrr/work10Mar/ENS10Mar24.wav -c1 -b16 /srv/mm/3rrr/work10Mar/Einstein-A-Go-Go-20240310.wav_mon.wav
2024-03-10 12:02:31,632	INFO	sox cmd: sox /srv/mm/3rrr/work10Mar/Einstein-A-Go-Go-20240310.wav /srv/mm/3rrr/work10Mar/Einstein-A-Go-Go-20240310.wav_loud.wav compand 0.01,1 -90,-90,-70,-70,-60,-20,0,0 -5
2024-03-10 12:02:40,859	INFO	lame cmd: lame --quiet -b 320 --add-id3v2 --ty 2024 --tt Einstein A Go Go - 10 March 2024 --tc Einstein A Go Go can be heard every Sunday at 11.00am on 3RRR FM 102.7 MHz in Melbourne, Australia (http://www.rrr.org.au). Visit our website for more information (http://www.rrr.org.au/program/einstein-a-go-go/). --tg Podcast --ta Einstein A Go Go --tl Triple R FM /srv/mm/3rrr/work10Mar/ENS10Mar24.wav /srv/mm/3rrr/work10Mar/ENS10Mar24.mp3
2024-03-10 12:04:02,299	INFO	lame cmd: lame --quiet --preset 64 --add-id3v2 --ty 2024 --tt Einstein A Go Go - 10 March 2024 --tc Einstein A Go Go can be heard every Sunday at 11.00am on 3RRR FM 102.7 MHz in Melbourne, Australia (http://www.rrr.org.au). Visit our website for more information (http://www.rrr.org.au/program/einstein-a-go-go/). --tg Speech --ta Triple R --tl Triple R /srv/mm/3rrr/work10Mar/Einstein-A-Go-Go-20240310.wav /srv/mm/3rrr/work10Mar/Einstein-A-Go-Go-20240310.mp3
2024-03-10 12:06:24,404	INFO	Removing stale latest directory /srv/mm/3rrr/latest/ENS/
2024-03-10 12:06:24,433	INFO	Copy the ENS show files to show and latest folders
2024-03-10 12:06:25,649	INFO	Local web server publishing of files started
2024-03-10 12:06:25,758	INFO	Removing old file /var/www/eagg/files/Einstein-A-Go-Go-20240225.mp3
2024-03-10 12:06:25,767	INFO	Removing old file /var/www/eagg/files/ENS25Feb24.log
2024-03-10 12:06:25,768	INFO	Github publishing of files started
