2025-10-12 11:00:06,954	INFO	Start main routine for show ENS12Oct25
2025-10-12 11:00:06,954	INFO	Removing old working directory /srv/mm/3rrr/work05Oct
2025-10-12 11:00:07,023	INFO	Removing old show directory /srv/mm/3rrr/show05Oct
2025-10-12 11:00:07,141	INFO	mplayer cmd: mplayer -endpos 01:02:00 -quiet -nocache -vo null -vc dummy -ao pcm:waveheader:file=/srv/mm/3rrr/work12Oct/ENS12Oct25.wav_1.wav http://realtime.rrr.org.au/p1h
2025-10-12 11:00:07,211	INFO	waiting for mplayer to start, count:0
2025-10-12 11:00:08,314	INFO	waiting for mplayer to create the wav file, count:0
2025-10-12 11:00:09,315	INFO	waiting for mplayer to create the wav file, count:1
2025-10-12 11:00:10,316	INFO	waiting for the wav file to grow, size:0
2025-10-12 11:00:11,338	INFO	sampling rate is 44100
2025-10-12 11:00:11,338	INFO	Status info: rc is 1  runtime is 0  remtime is 3720   fsize is 1966080
2025-10-12 12:02:15,018	INFO	Show ENS remaining time: 0
2025-10-12 12:02:20,028	INFO	sox cmd: sox /srv/mm/3rrr/work12Oct/ENS12Oct25.wav_1.wav /srv/mm/3rrr/work12Oct/ENS12Oct25.wav
2025-10-12 12:03:07,802	INFO	sox cmd: sox /srv/mm/3rrr/work12Oct/ENS12Oct25.wav -c1 -b16 /srv/mm/3rrr/work12Oct/Einstein-A-Go-Go-20251012.wav_mon.wav
2025-10-12 12:03:41,492	INFO	sox cmd: sox /srv/mm/3rrr/work12Oct/Einstein-A-Go-Go-20251012.wav /srv/mm/3rrr/work12Oct/Einstein-A-Go-Go-20251012.wav_loud.wav compand 0.01,1 -90,-90,-70,-70,-60,-20,0,0 -5
2025-10-12 12:04:08,778	INFO	lame cmd: lame --quiet -b 320 --add-id3v2 --ty 2025 --tt Einstein A Go Go - 12 October 2025 --tc Einstein A Go Go can be heard every Sunday at 11.00am on 3RRR FM 102.7 MHz in Melbourne, Australia (http://www.rrr.org.au). Visit our website for more information (http://www.rrr.org.au/program/einstein-a-go-go/). --tg Podcast --ta Einstein A Go Go --tl Triple R FM /srv/mm/3rrr/work12Oct/ENS12Oct25.wav /srv/mm/3rrr/work12Oct/ENS12Oct25.mp3
2025-10-12 12:08:11,305	INFO	lame cmd: lame --quiet --preset 64 --add-id3v2 --ty 2025 --tt Einstein A Go Go - 12 October 2025 --tc Einstein A Go Go can be heard every Sunday at 11.00am on 3RRR FM 102.7 MHz in Melbourne, Australia (http://www.rrr.org.au). Visit our website for more information (http://www.rrr.org.au/program/einstein-a-go-go/). --tg Speech --ta Triple R --tl Triple R /srv/mm/3rrr/work12Oct/Einstein-A-Go-Go-20251012.wav /srv/mm/3rrr/work12Oct/Einstein-A-Go-Go-20251012.mp3
2025-10-12 12:10:21,033	INFO	Removing stale latest directory /srv/mm/3rrr/latest/ENS/
2025-10-12 12:10:21,041	INFO	Copy the ENS show files to show and latest folders
2025-10-12 12:10:26,914	INFO	Local web server publishing of files started
2025-10-12 12:10:28,126	INFO	Removing old file /var/www/eagg/files/Einstein-A-Go-Go-20250928.mp3
2025-10-12 12:10:28,176	INFO	Removing old file /var/www/eagg/files/ENS28Sep25.log
2025-10-12 12:10:28,177	INFO	Delete local web server archive file /var/www/eagg/files/archive/Einstein-A-Go-Go-20250817.mp3
2025-10-12 12:10:28,177	INFO	Removing old file /var/www/eagg/files/archive/Einstein-A-Go-Go-20250817.mp3
2025-10-12 12:10:28,189	INFO	Github publishing of files started
