2024-07-14 11:00:05,847	INFO	Start main routine for show ENS14Jul24
2024-07-14 11:00:05,847	INFO	Removing old working directory /srv/mm/3rrr/work07Jul
2024-07-14 11:00:05,860	INFO	Removing old show directory /srv/mm/3rrr/show07Jul
2024-07-14 11:00:05,990	INFO	mplayer cmd: mplayer -endpos 01:02:00 -quiet -nocache -vo null -vc dummy -ao pcm:waveheader:file=/srv/mm/3rrr/work14Jul/ENS14Jul24.wav_1.wav http://realtime.rrr.org.au/p1h
2024-07-14 11:00:06,057	INFO	waiting for mplayer to start, count:0
2024-07-14 11:00:07,158	INFO	waiting for mplayer to create the wav file, count:0
2024-07-14 11:00:08,160	INFO	waiting for the wav file to grow, size:0
2024-07-14 11:00:09,161	INFO	waiting for the wav file to grow, size:1703936
2024-07-14 11:00:10,183	INFO	sampling rate is 44100
2024-07-14 11:00:10,183	INFO	Status info: rc is 1  runtime is 0  remtime is 3720   fsize is 2097152
2024-07-14 12:02:13,920	INFO	Show ENS remaining time: 0
2024-07-14 12:02:18,924	INFO	sox cmd: sox /srv/mm/3rrr/work14Jul/ENS14Jul24.wav_1.wav /srv/mm/3rrr/work14Jul/ENS14Jul24.wav
2024-07-14 12:03:06,273	INFO	sox cmd: sox /srv/mm/3rrr/work14Jul/ENS14Jul24.wav -c1 -b16 /srv/mm/3rrr/work14Jul/Einstein-A-Go-Go-20240714.wav_mon.wav
2024-07-14 12:03:40,387	INFO	sox cmd: sox /srv/mm/3rrr/work14Jul/Einstein-A-Go-Go-20240714.wav /srv/mm/3rrr/work14Jul/Einstein-A-Go-Go-20240714.wav_loud.wav compand 0.01,1 -90,-90,-70,-70,-60,-20,0,0 -5
2024-07-14 12:04:02,450	INFO	lame cmd: lame --quiet -b 320 --add-id3v2 --ty 2024 --tt Einstein A Go Go - 14 July 2024 --tc Einstein A Go Go can be heard every Sunday at 11.00am on 3RRR FM 102.7 MHz in Melbourne, Australia (http://www.rrr.org.au). Visit our website for more information (http://www.rrr.org.au/program/einstein-a-go-go/). --tg Podcast --ta Einstein A Go Go --tl Triple R FM /srv/mm/3rrr/work14Jul/ENS14Jul24.wav /srv/mm/3rrr/work14Jul/ENS14Jul24.mp3
2024-07-14 12:07:41,348	INFO	lame cmd: lame --quiet --preset 64 --add-id3v2 --ty 2024 --tt Einstein A Go Go - 14 July 2024 --tc Einstein A Go Go can be heard every Sunday at 11.00am on 3RRR FM 102.7 MHz in Melbourne, Australia (http://www.rrr.org.au). Visit our website for more information (http://www.rrr.org.au/program/einstein-a-go-go/). --tg Speech --ta Triple R --tl Triple R /srv/mm/3rrr/work14Jul/Einstein-A-Go-Go-20240714.wav /srv/mm/3rrr/work14Jul/Einstein-A-Go-Go-20240714.mp3
2024-07-14 12:09:30,755	INFO	Removing stale latest directory /srv/mm/3rrr/latest/ENS/
2024-07-14 12:09:30,761	INFO	Copy the ENS show files to show and latest folders
2024-07-14 12:09:38,682	INFO	Local web server publishing of files started
2024-07-14 12:09:39,889	INFO	Removing old file /var/www/eagg/files/Einstein-A-Go-Go-20240630.mp3
2024-07-14 12:09:39,890	INFO	Removing old file /var/www/eagg/files/ENS30Jun24.log
2024-07-14 12:09:39,894	INFO	Delete local web server archive file /var/www/eagg/files/archive/Einstein-A-Go-Go-20240519.mp3
2024-07-14 12:09:39,894	INFO	Removing old file /var/www/eagg/files/archive/Einstein-A-Go-Go-20240519.mp3
2024-07-14 12:09:39,894	INFO	Github publishing of files started
