2023-08-19 13:24:40,590	INFO	Start main routine for show ENS19Aug23
2023-08-19 13:24:40,656	INFO	mplayer cmd: mplayer -endpos 00:02:00 -quiet -nocache -vo null -vc dummy -ao pcm:waveheader:file=/srv/mm/3rrr/work19Aug/ENS19Aug23.wav_1.wav http://realtime.rrr.org.au/p1h
2023-08-19 13:24:40,665	INFO	waiting for mplayer to create the wav file, count:0
2023-08-19 13:24:41,666	INFO	waiting for the wav file to grow, size:0
2023-08-19 13:24:42,668	INFO	waiting for the wav file to grow, size:1835008
2023-08-19 13:24:43,679	INFO	sampling rate is 44100
2023-08-19 13:24:43,679	INFO	Status info: rc is 1  runtime is 0  remtime is 120   fsize is 2097152
2023-08-19 13:24:58,692	CRITICAL	ALERT: Wave file is not increasing in size
2023-08-19 13:24:58,708	INFO	Show ENS remaining time: 102
2023-08-19 13:25:03,730	INFO	mplayer cmd: mplayer -endpos 00:01:42 -quiet -nocache -vo null -vc dummy -ao pcm:waveheader:file=/srv/mm/3rrr/work19Aug/ENS19Aug23.wav_2.wav http://realtime.rrr.org.au/p1h
2023-08-19 13:25:03,738	INFO	waiting for mplayer to create the wav file, count:0
2023-08-19 13:25:04,740	INFO	waiting for the wav file to grow, size:0
2023-08-19 13:25:05,741	INFO	waiting for the wav file to grow, size:1835008
2023-08-19 13:25:06,754	INFO	sampling rate is 44100
2023-08-19 13:25:06,754	INFO	Status info: rc is 1  runtime is 0  remtime is 102   fsize is 2162688
2023-08-19 13:26:51,850	INFO	Show ENS remaining time: 0
2023-08-19 13:26:56,852	INFO	sox cmd: sox /srv/mm/3rrr/work19Aug/ENS19Aug23.wav_1.wav /srv/mm/3rrr/work19Aug/ENS19Aug23.wav_2.wav /srv/mm/3rrr/work19Aug/ENS19Aug23.wav
2023-08-19 13:26:57,011	INFO	sox cmd: sox /srv/mm/3rrr/work19Aug/ENS19Aug23.wav -c1 -b16 /srv/mm/3rrr/work19Aug/Einstein-A-Go-Go-20230819.wav_mon.wav
2023-08-19 13:26:57,147	INFO	sox cmd: sox /srv/mm/3rrr/work19Aug/Einstein-A-Go-Go-20230819.wav /srv/mm/3rrr/work19Aug/Einstein-A-Go-Go-20230819.wav_loud.wav compand 0.01,1 -90,-90,-70,-70,-60,-20,0,0 -5
2023-08-19 13:26:57,432	INFO	lame cmd: lame --quiet -b 320 --add-id3v2 --ty 2023 --tt Einstein A Go Go - 19 August 2023 --tc Einstein A Go Go can be heard every Sunday at 11.00am on 3RRR FM 102.7 MHz in Melbourne, Australia (http://www.rrr.org.au). Visit our website for more information (http://www.rrr.org.au/program/einstein-a-go-go/). --tg Podcast --ta Einstein A Go Go --tl Triple R FM /srv/mm/3rrr/work19Aug/ENS19Aug23.wav /srv/mm/3rrr/work19Aug/ENS19Aug23.mp3
2023-08-19 13:26:59,831	INFO	lame cmd: lame --quiet --preset 64 --add-id3v2 --ty 2023 --tt Einstein A Go Go - 19 August 2023 --tc Einstein A Go Go can be heard every Sunday at 11.00am on 3RRR FM 102.7 MHz in Melbourne, Australia (http://www.rrr.org.au). Visit our website for more information (http://www.rrr.org.au/program/einstein-a-go-go/). --tg Speech --ta Triple R --tl Triple R /srv/mm/3rrr/work19Aug/Einstein-A-Go-Go-20230819.wav /srv/mm/3rrr/work19Aug/Einstein-A-Go-Go-20230819.mp3
2023-08-19 13:27:01,165	INFO	Removing stale latest directory /srv/mm/3rrr/latest/ENS/
2023-08-19 13:27:01,166	INFO	Copy the ENS show files to show and latest folders
2023-08-19 13:27:01,183	INFO	Local web server publishing of files started
2023-08-19 13:27:01,184	INFO	Github publishing of files started
