2024-11-10 11:00:09,214	INFO	Start main routine for show ENS10Nov24
2024-11-10 11:00:09,246	INFO	Removing old working directory /srv/mm/3rrr/work03Nov
2024-11-10 11:00:09,276	INFO	Removing old show directory /srv/mm/3rrr/show03Nov
2024-11-10 11:00:09,450	INFO	mplayer cmd: mplayer -endpos 01:02:00 -quiet -nocache -vo null -vc dummy -ao pcm:waveheader:file=/srv/mm/3rrr/work10Nov/ENS10Nov24.wav_1.wav http://realtime.rrr.org.au/p1h
2024-11-10 11:00:09,468	INFO	waiting for mplayer to start, count:0
2024-11-10 11:00:10,480	INFO	waiting for mplayer to create the wav file, count:0
2024-11-10 11:00:11,481	INFO	waiting for the wav file to grow, size:0
2024-11-10 11:00:12,483	INFO	waiting for the wav file to grow, size:1703936
2024-11-10 11:00:13,502	INFO	sampling rate is 44100
2024-11-10 11:00:13,503	INFO	Status info: rc is 1  runtime is 0  remtime is 3720   fsize is 2031616
2024-11-10 12:02:17,207	INFO	Show ENS remaining time: 0
2024-11-10 12:02:22,215	INFO	sox cmd: sox /srv/mm/3rrr/work10Nov/ENS10Nov24.wav_1.wav /srv/mm/3rrr/work10Nov/ENS10Nov24.wav
2024-11-10 12:03:09,489	INFO	sox cmd: sox /srv/mm/3rrr/work10Nov/ENS10Nov24.wav -c1 -b16 /srv/mm/3rrr/work10Nov/Einstein-A-Go-Go-20241110.wav_mon.wav
2024-11-10 12:03:43,462	INFO	sox cmd: sox /srv/mm/3rrr/work10Nov/Einstein-A-Go-Go-20241110.wav /srv/mm/3rrr/work10Nov/Einstein-A-Go-Go-20241110.wav_loud.wav compand 0.01,1 -90,-90,-70,-70,-60,-20,0,0 -5
2024-11-10 12:04:05,358	INFO	lame cmd: lame --quiet -b 320 --add-id3v2 --ty 2024 --tt Einstein A Go Go - 10 November 2024 --tc Einstein A Go Go can be heard every Sunday at 11.00am on 3RRR FM 102.7 MHz in Melbourne, Australia (http://www.rrr.org.au). Visit our website for more information (http://www.rrr.org.au/program/einstein-a-go-go/). --tg Podcast --ta Einstein A Go Go --tl Triple R FM /srv/mm/3rrr/work10Nov/ENS10Nov24.wav /srv/mm/3rrr/work10Nov/ENS10Nov24.mp3
2024-11-10 12:07:41,359	INFO	lame cmd: lame --quiet --preset 64 --add-id3v2 --ty 2024 --tt Einstein A Go Go - 10 November 2024 --tc Einstein A Go Go can be heard every Sunday at 11.00am on 3RRR FM 102.7 MHz in Melbourne, Australia (http://www.rrr.org.au). Visit our website for more information (http://www.rrr.org.au/program/einstein-a-go-go/). --tg Speech --ta Triple R --tl Triple R /srv/mm/3rrr/work10Nov/Einstein-A-Go-Go-20241110.wav /srv/mm/3rrr/work10Nov/Einstein-A-Go-Go-20241110.mp3
2024-11-10 12:09:30,549	INFO	Removing stale latest directory /srv/mm/3rrr/latest/ENS/
2024-11-10 12:09:30,554	INFO	Copy the ENS show files to show and latest folders
2024-11-10 12:09:38,606	INFO	Local web server publishing of files started
2024-11-10 12:09:40,267	INFO	Removing old file /var/www/eagg/files/Einstein-A-Go-Go-20241027.mp3
2024-11-10 12:09:40,411	INFO	Removing old file /var/www/eagg/files/ENS27Oct24.log
2024-11-10 12:09:40,411	INFO	Delete local web server archive file /var/www/eagg/files/archive/Einstein-A-Go-Go-20240915.mp3
2024-11-10 12:09:40,411	INFO	Removing old file /var/www/eagg/files/archive/Einstein-A-Go-Go-20240915.mp3
2024-11-10 12:09:40,411	INFO	Github publishing of files started
