2026-01-18 11:00:01,611	INFO	Start main routine for show ENS18Jan26
2026-01-18 11:00:01,612	INFO	Removing old working directory /srv/mm/3rrr/work11Jan
2026-01-18 11:00:01,629	INFO	Removing old show directory /srv/mm/3rrr/show11Jan
2026-01-18 11:00:01,817	INFO	mplayer cmd: mplayer -endpos 01:02:00 -quiet -nocache -vo null -vc dummy -ao pcm:waveheader:file=/srv/mm/3rrr/work18Jan/ENS18Jan26.wav_1.wav http://realtime.rrr.org.au/p1h
2026-01-18 11:00:01,844	INFO	waiting for mplayer to start, count:0
2026-01-18 11:00:02,859	INFO	waiting for mplayer to create the wav file, count:0
2026-01-18 11:00:03,860	INFO	waiting for mplayer to create the wav file, count:1
2026-01-18 11:00:04,862	INFO	waiting for the wav file to grow, size:0
2026-01-18 11:00:05,863	INFO	waiting for the wav file to grow, size:1835008
2026-01-18 11:00:06,881	INFO	sampling rate is 44100
2026-01-18 11:00:06,882	INFO	Status info: rc is 1  runtime is 0  remtime is 3720   fsize is 2162688
2026-01-18 12:02:10,559	INFO	Show ENS remaining time: 0
2026-01-18 12:02:15,577	INFO	sox cmd: sox /srv/mm/3rrr/work18Jan/ENS18Jan26.wav_1.wav /srv/mm/3rrr/work18Jan/ENS18Jan26.wav
2026-01-18 12:03:03,688	INFO	sox cmd: sox /srv/mm/3rrr/work18Jan/ENS18Jan26.wav -c1 -b16 /srv/mm/3rrr/work18Jan/Einstein-A-Go-Go-20260118.wav_mon.wav
2026-01-18 12:03:36,315	INFO	sox cmd: sox /srv/mm/3rrr/work18Jan/Einstein-A-Go-Go-20260118.wav /srv/mm/3rrr/work18Jan/Einstein-A-Go-Go-20260118.wav_loud.wav compand 0.01,1 -90,-90,-70,-70,-60,-20,0,0 -5
2026-01-18 12:04:03,958	INFO	lame cmd: lame --quiet -b 320 --add-id3v2 --ty 2026 --tt Einstein A Go Go - 18 January 2026 --tc Einstein A Go Go can be heard every Sunday at 11.00am on 3RRR FM 102.7 MHz in Melbourne, Australia (http://www.rrr.org.au). Visit our website for more information (http://www.rrr.org.au/program/einstein-a-go-go/). --tg Podcast --ta Einstein A Go Go --tl Triple R FM /srv/mm/3rrr/work18Jan/ENS18Jan26.wav /srv/mm/3rrr/work18Jan/ENS18Jan26.mp3
2026-01-18 12:08:13,828	INFO	lame cmd: lame --quiet --preset 64 --add-id3v2 --ty 2026 --tt Einstein A Go Go - 18 January 2026 --tc Einstein A Go Go can be heard every Sunday at 11.00am on 3RRR FM 102.7 MHz in Melbourne, Australia (http://www.rrr.org.au). Visit our website for more information (http://www.rrr.org.au/program/einstein-a-go-go/). --tg Speech --ta Triple R --tl Triple R /srv/mm/3rrr/work18Jan/Einstein-A-Go-Go-20260118.wav /srv/mm/3rrr/work18Jan/Einstein-A-Go-Go-20260118.mp3
2026-01-18 12:10:21,210	INFO	Removing stale latest directory /srv/mm/3rrr/latest/ENS/
2026-01-18 12:10:21,217	INFO	Copy the ENS show files to show and latest folders
2026-01-18 12:10:30,405	INFO	Local web server publishing of files started
2026-01-18 12:10:31,418	INFO	Removing old file /var/www/eagg/files/Einstein-A-Go-Go-20260104.mp3
2026-01-18 12:10:31,427	INFO	Removing old file /var/www/eagg/files/ENS04Jan26.log
2026-01-18 12:10:31,469	INFO	Delete local web server archive file /var/www/eagg/files/archive/Einstein-A-Go-Go-20251123.mp3
2026-01-18 12:10:31,469	INFO	Removing old file /var/www/eagg/files/archive/Einstein-A-Go-Go-20251123.mp3
2026-01-18 12:10:31,470	INFO	Github publishing of files started
