2026-04-19 11:00:03,051	INFO	Start main routine for show ENS19Apr26
2026-04-19 11:00:03,051	INFO	Removing old working directory /srv/mm/3rrr/work12Apr
2026-04-19 11:00:03,075	INFO	Removing old show directory /srv/mm/3rrr/show12Apr
2026-04-19 11:00:03,242	INFO	mplayer cmd: mplayer -endpos 01:02:00 -quiet -nocache -vo null -vc dummy -ao pcm:waveheader:file=/srv/mm/3rrr/work19Apr/ENS19Apr26.wav_1.wav http://realtime.rrr.org.au/p1h
2026-04-19 11:00:03,305	INFO	waiting for mplayer to start, count:0
2026-04-19 11:00:04,319	INFO	waiting for mplayer to create the wav file, count:0
2026-04-19 11:00:05,320	INFO	waiting for mplayer to create the wav file, count:1
2026-04-19 11:00:06,322	INFO	waiting for the wav file to grow, size:0
2026-04-19 11:00:07,323	INFO	waiting for the wav file to grow, size:1900544
2026-04-19 11:00:08,349	INFO	sampling rate is 44100
2026-04-19 11:00:08,349	INFO	Status info: rc is 1  runtime is 0  remtime is 3720   fsize is 2228224
2026-04-19 12:02:12,045	INFO	Show ENS remaining time: 0
2026-04-19 12:02:17,055	INFO	sox cmd: sox /srv/mm/3rrr/work19Apr/ENS19Apr26.wav_1.wav /srv/mm/3rrr/work19Apr/ENS19Apr26.wav
2026-04-19 12:03:04,393	INFO	sox cmd: sox /srv/mm/3rrr/work19Apr/ENS19Apr26.wav -c1 -b16 /srv/mm/3rrr/work19Apr/Einstein-A-Go-Go-20260419.wav_mon.wav
2026-04-19 12:03:38,000	INFO	sox cmd: sox /srv/mm/3rrr/work19Apr/Einstein-A-Go-Go-20260419.wav /srv/mm/3rrr/work19Apr/Einstein-A-Go-Go-20260419.wav_loud.wav compand 0.01,1 -90,-90,-70,-70,-60,-20,0,0 -5
2026-04-19 12:04:06,897	INFO	lame cmd: lame --quiet -b 320 --add-id3v2 --ty 2026 --tt Einstein A Go Go - 19 April 2026 --tc Einstein A Go Go can be heard every Sunday at 11.00am on 3RRR FM 102.7 MHz in Melbourne, Australia (http://www.rrr.org.au). Visit our website for more information (http://www.rrr.org.au/program/einstein-a-go-go/). --tg Podcast --ta Einstein A Go Go --tl Triple R FM /srv/mm/3rrr/work19Apr/ENS19Apr26.wav /srv/mm/3rrr/work19Apr/ENS19Apr26.mp3
2026-04-19 12:08:12,446	INFO	lame cmd: lame --quiet --preset 64 --add-id3v2 --ty 2026 --tt Einstein A Go Go - 19 April 2026 --tc Einstein A Go Go can be heard every Sunday at 11.00am on 3RRR FM 102.7 MHz in Melbourne, Australia (http://www.rrr.org.au). Visit our website for more information (http://www.rrr.org.au/program/einstein-a-go-go/). --tg Speech --ta Triple R --tl Triple R /srv/mm/3rrr/work19Apr/Einstein-A-Go-Go-20260419.wav /srv/mm/3rrr/work19Apr/Einstein-A-Go-Go-20260419.mp3
2026-04-19 12:10:22,252	INFO	Removing stale latest directory /srv/mm/3rrr/latest/ENS/
2026-04-19 12:10:22,259	INFO	Copy the ENS show files to show and latest folders
2026-04-19 12:10:31,401	INFO	Local web server publishing of files started
2026-04-19 12:10:32,905	INFO	Removing old file /var/www/eagg/files/Einstein-A-Go-Go-20260405.mp3
2026-04-19 12:10:32,905	INFO	Removing old file /var/www/eagg/files/ENS05Apr26.log
2026-04-19 12:10:32,905	INFO	Delete local web server archive file /var/www/eagg/files/archive/Einstein-A-Go-Go-20260222.mp3
2026-04-19 12:10:32,905	INFO	Removing old file /var/www/eagg/files/archive/Einstein-A-Go-Go-20260222.mp3
2026-04-19 12:10:32,913	INFO	Github publishing of files started
