2024-08-18 11:00:17,050	INFO	Start main routine for show ENS18Aug24
2024-08-18 11:00:17,051	INFO	Removing old working directory /srv/mm/3rrr/work11Aug
2024-08-18 11:00:17,081	INFO	Removing old show directory /srv/mm/3rrr/show11Aug
2024-08-18 11:00:17,275	INFO	mplayer cmd: mplayer -endpos 01:02:00 -quiet -nocache -vo null -vc dummy -ao pcm:waveheader:file=/srv/mm/3rrr/work18Aug/ENS18Aug24.wav_1.wav http://realtime.rrr.org.au/p1h
2024-08-18 11:00:17,347	INFO	waiting for mplayer to start, count:0
2024-08-18 11:00:18,359	INFO	waiting for mplayer to create the wav file, count:0
2024-08-18 11:00:19,360	INFO	waiting for the wav file to grow, size:0
2024-08-18 11:00:20,361	INFO	waiting for the wav file to grow, size:1835008
2024-08-18 11:00:21,385	INFO	sampling rate is 44100
2024-08-18 11:00:21,386	INFO	Status info: rc is 1  runtime is 0  remtime is 3720   fsize is 2162688
2024-08-18 12:02:25,118	INFO	Show ENS remaining time: 0
2024-08-18 12:02:30,125	INFO	sox cmd: sox /srv/mm/3rrr/work18Aug/ENS18Aug24.wav_1.wav /srv/mm/3rrr/work18Aug/ENS18Aug24.wav
2024-08-18 12:03:17,691	INFO	sox cmd: sox /srv/mm/3rrr/work18Aug/ENS18Aug24.wav -c1 -b16 /srv/mm/3rrr/work18Aug/Einstein-A-Go-Go-20240818.wav_mon.wav
2024-08-18 12:03:51,409	INFO	sox cmd: sox /srv/mm/3rrr/work18Aug/Einstein-A-Go-Go-20240818.wav /srv/mm/3rrr/work18Aug/Einstein-A-Go-Go-20240818.wav_loud.wav compand 0.01,1 -90,-90,-70,-70,-60,-20,0,0 -5
2024-08-18 12:04:13,693	INFO	lame cmd: lame --quiet -b 320 --add-id3v2 --ty 2024 --tt Einstein A Go Go - 18 August 2024 --tc Einstein A Go Go can be heard every Sunday at 11.00am on 3RRR FM 102.7 MHz in Melbourne, Australia (http://www.rrr.org.au). Visit our website for more information (http://www.rrr.org.au/program/einstein-a-go-go/). --tg Podcast --ta Einstein A Go Go --tl Triple R FM /srv/mm/3rrr/work18Aug/ENS18Aug24.wav /srv/mm/3rrr/work18Aug/ENS18Aug24.mp3
2024-08-18 12:07:49,326	INFO	lame cmd: lame --quiet --preset 64 --add-id3v2 --ty 2024 --tt Einstein A Go Go - 18 August 2024 --tc Einstein A Go Go can be heard every Sunday at 11.00am on 3RRR FM 102.7 MHz in Melbourne, Australia (http://www.rrr.org.au). Visit our website for more information (http://www.rrr.org.au/program/einstein-a-go-go/). --tg Speech --ta Triple R --tl Triple R /srv/mm/3rrr/work18Aug/Einstein-A-Go-Go-20240818.wav /srv/mm/3rrr/work18Aug/Einstein-A-Go-Go-20240818.mp3
2024-08-18 12:09:35,291	INFO	Removing stale latest directory /srv/mm/3rrr/latest/ENS/
2024-08-18 12:09:35,295	INFO	Copy the ENS show files to show and latest folders
2024-08-18 12:09:41,208	INFO	Local web server publishing of files started
2024-08-18 12:09:42,422	INFO	Removing old file /var/www/eagg/files/Einstein-A-Go-Go-20240804.mp3
2024-08-18 12:09:42,423	INFO	Removing old file /var/www/eagg/files/ENS04Aug24.log
2024-08-18 12:09:42,423	INFO	Delete local web server archive file /var/www/eagg/files/archive/Einstein-A-Go-Go-20240623.mp3
2024-08-18 12:09:42,423	INFO	Removing old file /var/www/eagg/files/archive/Einstein-A-Go-Go-20240623.mp3
2024-08-18 12:09:42,479	INFO	Github publishing of files started
