2026-02-15 11:00:07,052	INFO	Start main routine for show ENS15Feb26
2026-02-15 11:00:07,052	INFO	Removing old working directory /srv/mm/3rrr/work08Feb
2026-02-15 11:00:07,077	INFO	Removing old show directory /srv/mm/3rrr/show08Feb
2026-02-15 11:00:07,313	INFO	mplayer cmd: mplayer -endpos 01:02:00 -quiet -nocache -vo null -vc dummy -ao pcm:waveheader:file=/srv/mm/3rrr/work15Feb/ENS15Feb26.wav_1.wav http://realtime.rrr.org.au/p1h
2026-02-15 11:00:07,325	INFO	waiting for mplayer to start, count:0
2026-02-15 11:00:08,339	INFO	waiting for mplayer to create the wav file, count:0
2026-02-15 11:00:09,340	INFO	waiting for mplayer to create the wav file, count:1
2026-02-15 11:00:10,342	INFO	waiting for the wav file to grow, size:0
2026-02-15 11:00:11,343	INFO	waiting for the wav file to grow, size:1769472
2026-02-15 11:00:12,344	INFO	waiting for the wav file to grow, size:1900544
2026-02-15 11:00:13,365	INFO	sampling rate is 44100
2026-02-15 11:00:13,366	INFO	Status info: rc is 1  runtime is 0  remtime is 3720   fsize is 2293760
2026-02-15 12:02:17,094	INFO	Show ENS remaining time: 0
2026-02-15 12:02:22,103	INFO	sox cmd: sox /srv/mm/3rrr/work15Feb/ENS15Feb26.wav_1.wav /srv/mm/3rrr/work15Feb/ENS15Feb26.wav
2026-02-15 12:03:10,057	INFO	sox cmd: sox /srv/mm/3rrr/work15Feb/ENS15Feb26.wav -c1 -b16 /srv/mm/3rrr/work15Feb/Einstein-A-Go-Go-20260215.wav_mon.wav
2026-02-15 12:03:43,390	INFO	sox cmd: sox /srv/mm/3rrr/work15Feb/Einstein-A-Go-Go-20260215.wav /srv/mm/3rrr/work15Feb/Einstein-A-Go-Go-20260215.wav_loud.wav compand 0.01,1 -90,-90,-70,-70,-60,-20,0,0 -5
2026-02-15 12:04:10,924	INFO	lame cmd: lame --quiet -b 320 --add-id3v2 --ty 2026 --tt Einstein A Go Go - 15 February 2026 --tc Einstein A Go Go can be heard every Sunday at 11.00am on 3RRR FM 102.7 MHz in Melbourne, Australia (http://www.rrr.org.au). Visit our website for more information (http://www.rrr.org.au/program/einstein-a-go-go/). --tg Podcast --ta Einstein A Go Go --tl Triple R FM /srv/mm/3rrr/work15Feb/ENS15Feb26.wav /srv/mm/3rrr/work15Feb/ENS15Feb26.mp3
2026-02-15 12:08:12,835	INFO	lame cmd: lame --quiet --preset 64 --add-id3v2 --ty 2026 --tt Einstein A Go Go - 15 February 2026 --tc Einstein A Go Go can be heard every Sunday at 11.00am on 3RRR FM 102.7 MHz in Melbourne, Australia (http://www.rrr.org.au). Visit our website for more information (http://www.rrr.org.au/program/einstein-a-go-go/). --tg Speech --ta Triple R --tl Triple R /srv/mm/3rrr/work15Feb/Einstein-A-Go-Go-20260215.wav /srv/mm/3rrr/work15Feb/Einstein-A-Go-Go-20260215.mp3
2026-02-15 12:10:19,718	INFO	Removing stale latest directory /srv/mm/3rrr/latest/ENS/
2026-02-15 12:10:19,732	INFO	Copy the ENS show files to show and latest folders
2026-02-15 12:10:25,312	INFO	Local web server publishing of files started
2026-02-15 12:10:26,974	INFO	Removing old file /var/www/eagg/files/Einstein-A-Go-Go-20260201.mp3
2026-02-15 12:10:26,976	INFO	Removing old file /var/www/eagg/files/ENS01Feb26.log
2026-02-15 12:10:26,976	INFO	Delete local web server archive file /var/www/eagg/files/archive/Einstein-A-Go-Go-20251221.mp3
2026-02-15 12:10:26,976	INFO	Removing old file /var/www/eagg/files/archive/Einstein-A-Go-Go-20251221.mp3
2026-02-15 12:10:26,976	INFO	Github publishing of files started
