2026-06-14 11:00:06,988	INFO	Start main routine for show ENS14Jun26
2026-06-14 11:00:06,989	INFO	Removing old working directory /srv/mm/3rrr/work07Jun
2026-06-14 11:00:07,051	INFO	Removing old show directory /srv/mm/3rrr/show07Jun
2026-06-14 11:00:07,232	INFO	mplayer cmd: mplayer -endpos 01:02:00 -quiet -nocache -vo null -vc dummy -ao pcm:waveheader:file=/srv/mm/3rrr/work14Jun/ENS14Jun26.wav_1.wav http://realtime.rrr.org.au/p1h
2026-06-14 11:00:07,307	INFO	waiting for mplayer to start, count:0
2026-06-14 11:00:08,323	INFO	waiting for mplayer to create the wav file, count:0
2026-06-14 11:00:09,325	INFO	waiting for the wav file to grow, size:0
2026-06-14 11:00:10,326	INFO	waiting for the wav file to grow, size:1703936
2026-06-14 11:00:11,352	INFO	sampling rate is 44100
2026-06-14 11:00:11,352	INFO	Status info: rc is 1  runtime is 0  remtime is 3720   fsize is 2097152
2026-06-14 12:02:15,066	INFO	Show ENS remaining time: 0
2026-06-14 12:02:20,073	INFO	sox cmd: sox /srv/mm/3rrr/work14Jun/ENS14Jun26.wav_1.wav /srv/mm/3rrr/work14Jun/ENS14Jun26.wav
2026-06-14 12:03:07,735	INFO	sox cmd: sox /srv/mm/3rrr/work14Jun/ENS14Jun26.wav -c1 -b16 /srv/mm/3rrr/work14Jun/Einstein-A-Go-Go-20260614.wav_mon.wav
2026-06-14 12:03:41,080	INFO	sox cmd: sox /srv/mm/3rrr/work14Jun/Einstein-A-Go-Go-20260614.wav /srv/mm/3rrr/work14Jun/Einstein-A-Go-Go-20260614.wav_loud.wav compand 0.01,1 -90,-90,-70,-70,-60,-20,0,0 -5
2026-06-14 12:04:08,358	INFO	lame cmd: lame --quiet -b 320 --add-id3v2 --ty 2026 --tt Einstein A Go Go - 14 June 2026 --tc Einstein A Go Go can be heard every Sunday at 11.00am on 3RRR FM 102.7 MHz in Melbourne, Australia (http://www.rrr.org.au). Visit our website for more information (http://www.rrr.org.au/program/einstein-a-go-go/). --tg Podcast --ta Einstein A Go Go --tl Triple R FM /srv/mm/3rrr/work14Jun/ENS14Jun26.wav /srv/mm/3rrr/work14Jun/ENS14Jun26.mp3
2026-06-14 12:08:08,705	INFO	lame cmd: lame --quiet --preset 64 --add-id3v2 --ty 2026 --tt Einstein A Go Go - 14 June 2026 --tc Einstein A Go Go can be heard every Sunday at 11.00am on 3RRR FM 102.7 MHz in Melbourne, Australia (http://www.rrr.org.au). Visit our website for more information (http://www.rrr.org.au/program/einstein-a-go-go/). --tg Speech --ta Triple R --tl Triple R /srv/mm/3rrr/work14Jun/Einstein-A-Go-Go-20260614.wav /srv/mm/3rrr/work14Jun/Einstein-A-Go-Go-20260614.mp3
2026-06-14 12:10:18,130	INFO	Removing stale latest directory /srv/mm/3rrr/latest/ENS/
2026-06-14 12:10:18,138	INFO	Copy the ENS show files to show and latest folders
2026-06-14 12:10:27,135	INFO	Local web server publishing of files started
2026-06-14 12:10:28,626	INFO	Removing old file /var/www/eagg/files/Einstein-A-Go-Go-20260531.mp3
2026-06-14 12:10:28,639	INFO	Removing old file /var/www/eagg/files/ENS31May26.log
2026-06-14 12:10:28,640	INFO	Delete local web server archive file /var/www/eagg/files/archive/Einstein-A-Go-Go-20260419.mp3
2026-06-14 12:10:28,640	INFO	Removing old file /var/www/eagg/files/archive/Einstein-A-Go-Go-20260419.mp3
2026-06-14 12:10:28,652	INFO	Github publishing of files started
