2024-09-15 11:00:16,993	INFO	Start main routine for show ENS15Sep24
2024-09-15 11:00:16,994	INFO	Removing old working directory /srv/mm/3rrr/work08Sep
2024-09-15 11:00:17,055	INFO	Removing old show directory /srv/mm/3rrr/show08Sep
2024-09-15 11:00:17,187	INFO	mplayer cmd: mplayer -endpos 01:02:00 -quiet -nocache -vo null -vc dummy -ao pcm:waveheader:file=/srv/mm/3rrr/work15Sep/ENS15Sep24.wav_1.wav http://realtime.rrr.org.au/p1h
2024-09-15 11:00:17,255	INFO	waiting for mplayer to start, count:0
2024-09-15 11:00:18,266	INFO	waiting for mplayer to create the wav file, count:0
2024-09-15 11:00:19,267	INFO	waiting for the wav file to grow, size:0
2024-09-15 11:00:20,268	INFO	waiting for the wav file to grow, size:1638400
2024-09-15 11:00:21,291	INFO	sampling rate is 44100
2024-09-15 11:00:21,292	INFO	Status info: rc is 1  runtime is 0  remtime is 3720   fsize is 2031616
2024-09-15 12:02:25,019	INFO	Show ENS remaining time: 0
2024-09-15 12:02:30,025	INFO	sox cmd: sox /srv/mm/3rrr/work15Sep/ENS15Sep24.wav_1.wav /srv/mm/3rrr/work15Sep/ENS15Sep24.wav
2024-09-15 12:03:17,017	INFO	sox cmd: sox /srv/mm/3rrr/work15Sep/ENS15Sep24.wav -c1 -b16 /srv/mm/3rrr/work15Sep/Einstein-A-Go-Go-20240915.wav_mon.wav
2024-09-15 12:03:50,631	INFO	sox cmd: sox /srv/mm/3rrr/work15Sep/Einstein-A-Go-Go-20240915.wav /srv/mm/3rrr/work15Sep/Einstein-A-Go-Go-20240915.wav_loud.wav compand 0.01,1 -90,-90,-70,-70,-60,-20,0,0 -5
2024-09-15 12:04:12,339	INFO	lame cmd: lame --quiet -b 320 --add-id3v2 --ty 2024 --tt Einstein A Go Go - 15 September 2024 --tc Einstein A Go Go can be heard every Sunday at 11.00am on 3RRR FM 102.7 MHz in Melbourne, Australia (http://www.rrr.org.au). Visit our website for more information (http://www.rrr.org.au/program/einstein-a-go-go/). --tg Podcast --ta Einstein A Go Go --tl Triple R FM /srv/mm/3rrr/work15Sep/ENS15Sep24.wav /srv/mm/3rrr/work15Sep/ENS15Sep24.mp3
2024-09-15 12:07:46,566	INFO	lame cmd: lame --quiet --preset 64 --add-id3v2 --ty 2024 --tt Einstein A Go Go - 15 September 2024 --tc Einstein A Go Go can be heard every Sunday at 11.00am on 3RRR FM 102.7 MHz in Melbourne, Australia (http://www.rrr.org.au). Visit our website for more information (http://www.rrr.org.au/program/einstein-a-go-go/). --tg Speech --ta Triple R --tl Triple R /srv/mm/3rrr/work15Sep/Einstein-A-Go-Go-20240915.wav /srv/mm/3rrr/work15Sep/Einstein-A-Go-Go-20240915.mp3
2024-09-15 12:09:36,195	INFO	Removing stale latest directory /srv/mm/3rrr/latest/ENS/
2024-09-15 12:09:36,245	INFO	Copy the ENS show files to show and latest folders
2024-09-15 12:09:44,721	INFO	Local web server publishing of files started
2024-09-15 12:09:46,151	INFO	Removing old file /var/www/eagg/files/Einstein-A-Go-Go-20240901.mp3
2024-09-15 12:09:46,152	INFO	Removing old file /var/www/eagg/files/ENS01Sep24.log
2024-09-15 12:09:46,152	INFO	Delete local web server archive file /var/www/eagg/files/archive/Einstein-A-Go-Go-20240721.mp3
2024-09-15 12:09:46,152	INFO	Removing old file /var/www/eagg/files/archive/Einstein-A-Go-Go-20240721.mp3
2024-09-15 12:09:46,348	INFO	Github publishing of files started
