2023-11-12 11:00:02,211	INFO	Start main routine for show ENS12Nov23
2023-11-12 11:00:02,211	INFO	Removing old working directory /srv/mm/3rrr/work05Nov
2023-11-12 11:00:02,217	INFO	Removing old show directory /srv/mm/3rrr/show05Nov
2023-11-12 11:00:02,309	INFO	mplayer cmd: mplayer -endpos 01:02:00 -quiet -nocache -vo null -vc dummy -ao pcm:waveheader:file=/srv/mm/3rrr/work12Nov/ENS12Nov23.wav_1.wav http://realtime.rrr.org.au/p1h
2023-11-12 11:00:02,312	INFO	waiting for mplayer to start, count:0
2023-11-12 11:00:03,320	INFO	waiting for mplayer to create the wav file, count:0
2023-11-12 11:00:04,321	INFO	waiting for the wav file to grow, size:0
2023-11-12 11:00:05,323	INFO	waiting for the wav file to grow, size:983040
2023-11-12 11:00:06,359	INFO	sampling rate is 44100
2023-11-12 11:00:06,359	INFO	Status info: rc is 1  runtime is 0  remtime is 3720   fsize is 2097152
2023-11-12 12:02:09,830	INFO	Show ENS remaining time: 0
2023-11-12 12:02:14,840	INFO	sox cmd: sox /srv/mm/3rrr/work12Nov/ENS12Nov23.wav_1.wav /srv/mm/3rrr/work12Nov/ENS12Nov23.wav
2023-11-12 12:02:50,773	INFO	sox cmd: sox /srv/mm/3rrr/work12Nov/ENS12Nov23.wav -c1 -b16 /srv/mm/3rrr/work12Nov/Einstein-A-Go-Go-20231112.wav_mon.wav
2023-11-12 12:02:57,932	INFO	sox cmd: sox /srv/mm/3rrr/work12Nov/Einstein-A-Go-Go-20231112.wav /srv/mm/3rrr/work12Nov/Einstein-A-Go-Go-20231112.wav_loud.wav compand 0.01,1 -90,-90,-70,-70,-60,-20,0,0 -5
2023-11-12 12:03:07,264	INFO	lame cmd: lame --quiet -b 320 --add-id3v2 --ty 2023 --tt Einstein A Go Go - 12 November 2023 --tc Einstein A Go Go can be heard every Sunday at 11.00am on 3RRR FM 102.7 MHz in Melbourne, Australia (http://www.rrr.org.au). Visit our website for more information (http://www.rrr.org.au/program/einstein-a-go-go/). --tg Podcast --ta Einstein A Go Go --tl Triple R FM /srv/mm/3rrr/work12Nov/ENS12Nov23.wav /srv/mm/3rrr/work12Nov/ENS12Nov23.mp3
2023-11-12 12:04:28,358	INFO	lame cmd: lame --quiet --preset 64 --add-id3v2 --ty 2023 --tt Einstein A Go Go - 12 November 2023 --tc Einstein A Go Go can be heard every Sunday at 11.00am on 3RRR FM 102.7 MHz in Melbourne, Australia (http://www.rrr.org.au). Visit our website for more information (http://www.rrr.org.au/program/einstein-a-go-go/). --tg Speech --ta Triple R --tl Triple R /srv/mm/3rrr/work12Nov/Einstein-A-Go-Go-20231112.wav /srv/mm/3rrr/work12Nov/Einstein-A-Go-Go-20231112.mp3
2023-11-12 12:05:39,768	INFO	Removing stale latest directory /srv/mm/3rrr/latest/ENS/
2023-11-12 12:05:39,772	INFO	Copy the ENS show files to show and latest folders
2023-11-12 12:05:40,178	INFO	Local web server publishing of files started
2023-11-12 12:05:40,208	INFO	Removing old file /var/www/eagg/files/Einstein-A-Go-Go-20231029.mp3
2023-11-12 12:05:40,378	INFO	Removing old file /var/www/eagg/files/ENS29Oct23.log
2023-11-12 12:05:40,378	INFO	Github publishing of files started
