2024-02-18 11:00:08,011	INFO	Start main routine for show ENS18Feb24
2024-02-18 11:00:08,012	INFO	Removing old working directory /srv/mm/3rrr/work11Feb
2024-02-18 11:00:08,057	INFO	Removing old show directory /srv/mm/3rrr/show11Feb
2024-02-18 11:00:08,155	INFO	mplayer cmd: mplayer -endpos 01:02:00 -quiet -nocache -vo null -vc dummy -ao pcm:waveheader:file=/srv/mm/3rrr/work18Feb/ENS18Feb24.wav_1.wav http://realtime.rrr.org.au/p1h
2024-02-18 11:00:08,160	INFO	waiting for mplayer to start, count:0
2024-02-18 11:00:09,166	INFO	waiting for the wav file to grow, size:0
2024-02-18 11:00:10,167	INFO	waiting for the wav file to grow, size:1703936
2024-02-18 11:00:11,190	INFO	sampling rate is 44100
2024-02-18 11:00:11,191	INFO	Status info: rc is 1  runtime is 0  remtime is 3720   fsize is 2097152
2024-02-18 12:02:14,718	INFO	Show ENS remaining time: 0
2024-02-18 12:02:19,727	INFO	sox cmd: sox /srv/mm/3rrr/work18Feb/ENS18Feb24.wav_1.wav /srv/mm/3rrr/work18Feb/ENS18Feb24.wav
2024-02-18 12:02:28,359	INFO	sox cmd: sox /srv/mm/3rrr/work18Feb/ENS18Feb24.wav -c1 -b16 /srv/mm/3rrr/work18Feb/Einstein-A-Go-Go-20240218.wav_mon.wav
2024-02-18 12:02:34,595	INFO	sox cmd: sox /srv/mm/3rrr/work18Feb/Einstein-A-Go-Go-20240218.wav /srv/mm/3rrr/work18Feb/Einstein-A-Go-Go-20240218.wav_loud.wav compand 0.01,1 -90,-90,-70,-70,-60,-20,0,0 -5
2024-02-18 12:02:43,627	INFO	lame cmd: lame --quiet -b 320 --add-id3v2 --ty 2024 --tt Einstein A Go Go - 18 February 2024 --tc Einstein A Go Go can be heard every Sunday at 11.00am on 3RRR FM 102.7 MHz in Melbourne, Australia (http://www.rrr.org.au). Visit our website for more information (http://www.rrr.org.au/program/einstein-a-go-go/). --tg Podcast --ta Einstein A Go Go --tl Triple R FM /srv/mm/3rrr/work18Feb/ENS18Feb24.wav /srv/mm/3rrr/work18Feb/ENS18Feb24.mp3
2024-02-18 12:04:04,509	INFO	lame cmd: lame --quiet --preset 64 --add-id3v2 --ty 2024 --tt Einstein A Go Go - 18 February 2024 --tc Einstein A Go Go can be heard every Sunday at 11.00am on 3RRR FM 102.7 MHz in Melbourne, Australia (http://www.rrr.org.au). Visit our website for more information (http://www.rrr.org.au/program/einstein-a-go-go/). --tg Speech --ta Triple R --tl Triple R /srv/mm/3rrr/work18Feb/Einstein-A-Go-Go-20240218.wav /srv/mm/3rrr/work18Feb/Einstein-A-Go-Go-20240218.mp3
2024-02-18 12:05:14,533	INFO	Removing stale latest directory /srv/mm/3rrr/latest/ENS/
2024-02-18 12:05:14,546	INFO	Copy the ENS show files to show and latest folders
2024-02-18 12:05:14,841	INFO	Local web server publishing of files started
2024-02-18 12:05:14,874	INFO	Removing old file /var/www/eagg/files/Einstein-A-Go-Go-20240204.mp3
2024-02-18 12:05:14,876	INFO	Removing old file /var/www/eagg/files/ENS04Feb24.log
2024-02-18 12:05:14,876	INFO	Github publishing of files started
