2024-12-15 11:00:07,873	INFO	Start main routine for show ENS15Dec24
2024-12-15 11:00:07,874	INFO	Removing old working directory /srv/mm/3rrr/work08Dec
2024-12-15 11:00:07,906	INFO	Removing old show directory /srv/mm/3rrr/show08Dec
2024-12-15 11:00:08,098	INFO	mplayer cmd: mplayer -endpos 01:02:00 -quiet -nocache -vo null -vc dummy -ao pcm:waveheader:file=/srv/mm/3rrr/work15Dec/ENS15Dec24.wav_1.wav http://realtime.rrr.org.au/p1h
2024-12-15 11:00:08,163	INFO	waiting for mplayer to start, count:0
2024-12-15 11:00:09,188	INFO	waiting for mplayer to create the wav file, count:0
2024-12-15 11:00:10,247	INFO	waiting for the wav file to grow, size:0
2024-12-15 11:00:11,248	INFO	waiting for the wav file to grow, size:1769472
2024-12-15 11:00:12,273	INFO	sampling rate is 44100
2024-12-15 11:00:12,274	INFO	Status info: rc is 1  runtime is 0  remtime is 3720   fsize is 2031616
2024-12-15 12:02:16,008	INFO	Show ENS remaining time: 0
2024-12-15 12:02:21,016	INFO	sox cmd: sox /srv/mm/3rrr/work15Dec/ENS15Dec24.wav_1.wav /srv/mm/3rrr/work15Dec/ENS15Dec24.wav
2024-12-15 12:03:08,039	INFO	sox cmd: sox /srv/mm/3rrr/work15Dec/ENS15Dec24.wav -c1 -b16 /srv/mm/3rrr/work15Dec/Einstein-A-Go-Go-20241215.wav_mon.wav
2024-12-15 12:03:41,736	INFO	sox cmd: sox /srv/mm/3rrr/work15Dec/Einstein-A-Go-Go-20241215.wav /srv/mm/3rrr/work15Dec/Einstein-A-Go-Go-20241215.wav_loud.wav compand 0.01,1 -90,-90,-70,-70,-60,-20,0,0 -5
2024-12-15 12:04:04,264	INFO	lame cmd: lame --quiet -b 320 --add-id3v2 --ty 2024 --tt Einstein A Go Go - 15 December 2024 --tc Einstein A Go Go can be heard every Sunday at 11.00am on 3RRR FM 102.7 MHz in Melbourne, Australia (http://www.rrr.org.au). Visit our website for more information (http://www.rrr.org.au/program/einstein-a-go-go/). --tg Podcast --ta Einstein A Go Go --tl Triple R FM /srv/mm/3rrr/work15Dec/ENS15Dec24.wav /srv/mm/3rrr/work15Dec/ENS15Dec24.mp3
2024-12-15 12:07:39,650	INFO	lame cmd: lame --quiet --preset 64 --add-id3v2 --ty 2024 --tt Einstein A Go Go - 15 December 2024 --tc Einstein A Go Go can be heard every Sunday at 11.00am on 3RRR FM 102.7 MHz in Melbourne, Australia (http://www.rrr.org.au). Visit our website for more information (http://www.rrr.org.au/program/einstein-a-go-go/). --tg Speech --ta Triple R --tl Triple R /srv/mm/3rrr/work15Dec/Einstein-A-Go-Go-20241215.wav /srv/mm/3rrr/work15Dec/Einstein-A-Go-Go-20241215.mp3
2024-12-15 12:09:30,383	INFO	Removing stale latest directory /srv/mm/3rrr/latest/ENS/
2024-12-15 12:09:30,393	INFO	Copy the ENS show files to show and latest folders
2024-12-15 12:09:39,221	INFO	Local web server publishing of files started
2024-12-15 12:09:40,384	INFO	Removing old file /var/www/eagg/files/Einstein-A-Go-Go-20241201.mp3
2024-12-15 12:09:40,384	INFO	Removing old file /var/www/eagg/files/ENS01Dec24.log
2024-12-15 12:09:40,385	INFO	Delete local web server archive file /var/www/eagg/files/archive/Einstein-A-Go-Go-20241020.mp3
2024-12-15 12:09:40,385	INFO	Removing old file /var/www/eagg/files/archive/Einstein-A-Go-Go-20241020.mp3
2024-12-15 12:09:40,385	INFO	Github publishing of files started
