2026-01-11 11:00:01,826	INFO	Start main routine for show ENS11Jan26
2026-01-11 11:00:01,826	INFO	Removing old working directory /srv/mm/3rrr/work04Jan
2026-01-11 11:00:01,870	INFO	Removing old show directory /srv/mm/3rrr/show04Jan
2026-01-11 11:00:02,021	INFO	mplayer cmd: mplayer -endpos 01:02:00 -quiet -nocache -vo null -vc dummy -ao pcm:waveheader:file=/srv/mm/3rrr/work11Jan/ENS11Jan26.wav_1.wav http://realtime.rrr.org.au/p1h
2026-01-11 11:00:02,052	INFO	waiting for mplayer to start, count:0
2026-01-11 11:00:03,063	INFO	waiting for mplayer to create the wav file, count:0
2026-01-11 11:00:04,064	INFO	waiting for mplayer to create the wav file, count:1
2026-01-11 11:00:05,065	INFO	waiting for mplayer to create the wav file, count:2
2026-01-11 11:00:06,067	INFO	waiting for the wav file to grow, size:0
2026-01-11 11:00:07,068	INFO	waiting for the wav file to grow, size:1900544
2026-01-11 11:00:08,086	INFO	sampling rate is 44100
2026-01-11 11:00:08,087	INFO	Status info: rc is 1  runtime is 0  remtime is 3720   fsize is 2228224
2026-01-11 12:02:11,773	INFO	Show ENS remaining time: 0
2026-01-11 12:02:16,782	INFO	sox cmd: sox /srv/mm/3rrr/work11Jan/ENS11Jan26.wav_1.wav /srv/mm/3rrr/work11Jan/ENS11Jan26.wav
2026-01-11 12:03:04,760	INFO	sox cmd: sox /srv/mm/3rrr/work11Jan/ENS11Jan26.wav -c1 -b16 /srv/mm/3rrr/work11Jan/Einstein-A-Go-Go-20260111.wav_mon.wav
2026-01-11 12:03:38,596	INFO	sox cmd: sox /srv/mm/3rrr/work11Jan/Einstein-A-Go-Go-20260111.wav /srv/mm/3rrr/work11Jan/Einstein-A-Go-Go-20260111.wav_loud.wav compand 0.01,1 -90,-90,-70,-70,-60,-20,0,0 -5
2026-01-11 12:04:06,104	INFO	lame cmd: lame --quiet -b 320 --add-id3v2 --ty 2026 --tt Einstein A Go Go - 11 January 2026 --tc Einstein A Go Go can be heard every Sunday at 11.00am on 3RRR FM 102.7 MHz in Melbourne, Australia (http://www.rrr.org.au). Visit our website for more information (http://www.rrr.org.au/program/einstein-a-go-go/). --tg Podcast --ta Einstein A Go Go --tl Triple R FM /srv/mm/3rrr/work11Jan/ENS11Jan26.wav /srv/mm/3rrr/work11Jan/ENS11Jan26.mp3
2026-01-11 12:08:16,408	INFO	lame cmd: lame --quiet --preset 64 --add-id3v2 --ty 2026 --tt Einstein A Go Go - 11 January 2026 --tc Einstein A Go Go can be heard every Sunday at 11.00am on 3RRR FM 102.7 MHz in Melbourne, Australia (http://www.rrr.org.au). Visit our website for more information (http://www.rrr.org.au/program/einstein-a-go-go/). --tg Speech --ta Triple R --tl Triple R /srv/mm/3rrr/work11Jan/Einstein-A-Go-Go-20260111.wav /srv/mm/3rrr/work11Jan/Einstein-A-Go-Go-20260111.mp3
2026-01-11 12:10:26,846	INFO	Removing stale latest directory /srv/mm/3rrr/latest/ENS/
2026-01-11 12:10:26,855	INFO	Copy the ENS show files to show and latest folders
2026-01-11 12:10:32,855	INFO	Local web server publishing of files started
2026-01-11 12:10:34,022	INFO	Removing old file /var/www/eagg/files/Einstein-A-Go-Go-20251228.mp3
2026-01-11 12:10:34,150	INFO	Removing old file /var/www/eagg/files/ENS28Dec25.log
2026-01-11 12:10:34,151	INFO	Delete local web server archive file /var/www/eagg/files/archive/Einstein-A-Go-Go-20251116.mp3
2026-01-11 12:10:34,151	INFO	Removing old file /var/www/eagg/files/archive/Einstein-A-Go-Go-20251116.mp3
2026-01-11 12:10:34,366	INFO	Github publishing of files started
