2025-05-11 11:00:00,739	INFO	Start main routine for show ENS11May25
2025-05-11 11:00:00,740	INFO	Removing old working directory /srv/mm/3rrr/work04May
2025-05-11 11:00:00,761	INFO	Removing old show directory /srv/mm/3rrr/show04May
2025-05-11 11:00:00,923	INFO	mplayer cmd: mplayer -endpos 01:02:00 -quiet -nocache -vo null -vc dummy -ao pcm:waveheader:file=/srv/mm/3rrr/work11May/ENS11May25.wav_1.wav http://realtime.rrr.org.au/p1h
2025-05-11 11:00:00,937	INFO	waiting for mplayer to start, count:0
2025-05-11 11:00:02,016	INFO	waiting for mplayer to create the wav file, count:0
2025-05-11 11:00:03,017	INFO	waiting for mplayer to create the wav file, count:1
2025-05-11 11:00:04,019	INFO	waiting for the wav file to grow, size:0
2025-05-11 11:00:05,049	INFO	sampling rate is 44100
2025-05-11 11:00:05,049	INFO	Status info: rc is 1  runtime is 0  remtime is 3720   fsize is 1966080
2025-05-11 12:02:08,762	INFO	Show ENS remaining time: 0
2025-05-11 12:02:13,771	INFO	sox cmd: sox /srv/mm/3rrr/work11May/ENS11May25.wav_1.wav /srv/mm/3rrr/work11May/ENS11May25.wav
2025-05-11 12:03:01,274	INFO	sox cmd: sox /srv/mm/3rrr/work11May/ENS11May25.wav -c1 -b16 /srv/mm/3rrr/work11May/Einstein-A-Go-Go-20250511.wav_mon.wav
2025-05-11 12:03:35,105	INFO	sox cmd: sox /srv/mm/3rrr/work11May/Einstein-A-Go-Go-20250511.wav /srv/mm/3rrr/work11May/Einstein-A-Go-Go-20250511.wav_loud.wav compand 0.01,1 -90,-90,-70,-70,-60,-20,0,0 -5
2025-05-11 12:04:04,239	INFO	lame cmd: lame --quiet -b 320 --add-id3v2 --ty 2025 --tt Einstein A Go Go - 11 May 2025 --tc Einstein A Go Go can be heard every Sunday at 11.00am on 3RRR FM 102.7 MHz in Melbourne, Australia (http://www.rrr.org.au). Visit our website for more information (http://www.rrr.org.au/program/einstein-a-go-go/). --tg Podcast --ta Einstein A Go Go --tl Triple R FM /srv/mm/3rrr/work11May/ENS11May25.wav /srv/mm/3rrr/work11May/ENS11May25.mp3
2025-05-11 12:08:14,741	INFO	lame cmd: lame --quiet --preset 64 --add-id3v2 --ty 2025 --tt Einstein A Go Go - 11 May 2025 --tc Einstein A Go Go can be heard every Sunday at 11.00am on 3RRR FM 102.7 MHz in Melbourne, Australia (http://www.rrr.org.au). Visit our website for more information (http://www.rrr.org.au/program/einstein-a-go-go/). --tg Speech --ta Triple R --tl Triple R /srv/mm/3rrr/work11May/Einstein-A-Go-Go-20250511.wav /srv/mm/3rrr/work11May/Einstein-A-Go-Go-20250511.mp3
2025-05-11 12:10:30,554	INFO	Removing stale latest directory /srv/mm/3rrr/latest/ENS/
2025-05-11 12:10:30,606	INFO	Copy the ENS show files to show and latest folders
2025-05-11 12:10:39,050	INFO	Local web server publishing of files started
2025-05-11 12:10:40,446	INFO	Removing old file /var/www/eagg/files/Einstein-A-Go-Go-20250427.mp3
2025-05-11 12:10:40,461	INFO	Removing old file /var/www/eagg/files/ENS27Apr25.log
2025-05-11 12:10:40,483	INFO	Delete local web server archive file /var/www/eagg/files/archive/Einstein-A-Go-Go-20250316.mp3
2025-05-11 12:10:40,483	INFO	Removing old file /var/www/eagg/files/archive/Einstein-A-Go-Go-20250316.mp3
2025-05-11 12:10:40,484	INFO	Github publishing of files started
