2024-11-17 11:00:04,081	INFO	Start main routine for show ENS17Nov24
2024-11-17 11:00:04,082	INFO	Removing old working directory /srv/mm/3rrr/work10Nov
2024-11-17 11:00:04,108	INFO	Removing old show directory /srv/mm/3rrr/show10Nov
2024-11-17 11:00:04,296	INFO	mplayer cmd: mplayer -endpos 01:02:00 -quiet -nocache -vo null -vc dummy -ao pcm:waveheader:file=/srv/mm/3rrr/work17Nov/ENS17Nov24.wav_1.wav http://realtime.rrr.org.au/p1h
2024-11-17 11:00:04,357	INFO	waiting for mplayer to start, count:0
2024-11-17 11:00:05,371	INFO	waiting for mplayer to create the wav file, count:0
2024-11-17 11:00:06,373	INFO	waiting for the wav file to grow, size:0
2024-11-17 11:00:07,374	INFO	waiting for the wav file to grow, size:1703936
2024-11-17 11:00:08,395	INFO	sampling rate is 44100
2024-11-17 11:00:08,395	INFO	Status info: rc is 1  runtime is 0  remtime is 3720   fsize is 2097152
2024-11-17 12:02:12,134	INFO	Show ENS remaining time: 0
2024-11-17 12:02:17,142	INFO	sox cmd: sox /srv/mm/3rrr/work17Nov/ENS17Nov24.wav_1.wav /srv/mm/3rrr/work17Nov/ENS17Nov24.wav
2024-11-17 12:03:04,856	INFO	sox cmd: sox /srv/mm/3rrr/work17Nov/ENS17Nov24.wav -c1 -b16 /srv/mm/3rrr/work17Nov/Einstein-A-Go-Go-20241117.wav_mon.wav
2024-11-17 12:03:38,724	INFO	sox cmd: sox /srv/mm/3rrr/work17Nov/Einstein-A-Go-Go-20241117.wav /srv/mm/3rrr/work17Nov/Einstein-A-Go-Go-20241117.wav_loud.wav compand 0.01,1 -90,-90,-70,-70,-60,-20,0,0 -5
2024-11-17 12:04:01,177	INFO	lame cmd: lame --quiet -b 320 --add-id3v2 --ty 2024 --tt Einstein A Go Go - 17 November 2024 --tc Einstein A Go Go can be heard every Sunday at 11.00am on 3RRR FM 102.7 MHz in Melbourne, Australia (http://www.rrr.org.au). Visit our website for more information (http://www.rrr.org.au/program/einstein-a-go-go/). --tg Podcast --ta Einstein A Go Go --tl Triple R FM /srv/mm/3rrr/work17Nov/ENS17Nov24.wav /srv/mm/3rrr/work17Nov/ENS17Nov24.mp3
2024-11-17 12:07:42,170	INFO	lame cmd: lame --quiet --preset 64 --add-id3v2 --ty 2024 --tt Einstein A Go Go - 17 November 2024 --tc Einstein A Go Go can be heard every Sunday at 11.00am on 3RRR FM 102.7 MHz in Melbourne, Australia (http://www.rrr.org.au). Visit our website for more information (http://www.rrr.org.au/program/einstein-a-go-go/). --tg Speech --ta Triple R --tl Triple R /srv/mm/3rrr/work17Nov/Einstein-A-Go-Go-20241117.wav /srv/mm/3rrr/work17Nov/Einstein-A-Go-Go-20241117.mp3
2024-11-17 12:09:33,462	INFO	Removing stale latest directory /srv/mm/3rrr/latest/ENS/
2024-11-17 12:09:33,468	INFO	Copy the ENS show files to show and latest folders
2024-11-17 12:09:42,229	INFO	Local web server publishing of files started
2024-11-17 12:09:43,779	INFO	Removing old file /var/www/eagg/files/Einstein-A-Go-Go-20241103.mp3
2024-11-17 12:09:43,780	INFO	Removing old file /var/www/eagg/files/ENS03Nov24.log
2024-11-17 12:09:43,780	INFO	Delete local web server archive file /var/www/eagg/files/archive/Einstein-A-Go-Go-20240922.mp3
2024-11-17 12:09:43,780	INFO	Removing old file /var/www/eagg/files/archive/Einstein-A-Go-Go-20240922.mp3
2024-11-17 12:09:43,780	INFO	Github publishing of files started
