2025-07-13 11:00:01,410	INFO	Start main routine for show ENS13Jul25
2025-07-13 11:00:01,417	INFO	Removing old working directory /srv/mm/3rrr/work06Jul
2025-07-13 11:00:01,462	INFO	Removing old show directory /srv/mm/3rrr/show06Jul
2025-07-13 11:00:01,613	INFO	mplayer cmd: mplayer -endpos 01:02:00 -quiet -nocache -vo null -vc dummy -ao pcm:waveheader:file=/srv/mm/3rrr/work13Jul/ENS13Jul25.wav_1.wav http://realtime.rrr.org.au/p1h
2025-07-13 11:00:01,625	INFO	waiting for mplayer to start, count:0
2025-07-13 11:00:02,638	INFO	waiting for mplayer to create the wav file, count:0
2025-07-13 11:00:03,640	INFO	waiting for the wav file to grow, size:0
2025-07-13 11:00:04,641	INFO	waiting for the wav file to grow, size:1703936
2025-07-13 11:00:05,665	INFO	sampling rate is 44100
2025-07-13 11:00:05,665	INFO	Status info: rc is 1  runtime is 0  remtime is 3720   fsize is 2097152
2025-07-13 12:02:09,383	INFO	Show ENS remaining time: 0
2025-07-13 12:02:14,391	INFO	sox cmd: sox /srv/mm/3rrr/work13Jul/ENS13Jul25.wav_1.wav /srv/mm/3rrr/work13Jul/ENS13Jul25.wav
2025-07-13 12:03:01,962	INFO	sox cmd: sox /srv/mm/3rrr/work13Jul/ENS13Jul25.wav -c1 -b16 /srv/mm/3rrr/work13Jul/Einstein-A-Go-Go-20250713.wav_mon.wav
2025-07-13 12:03:36,150	INFO	sox cmd: sox /srv/mm/3rrr/work13Jul/Einstein-A-Go-Go-20250713.wav /srv/mm/3rrr/work13Jul/Einstein-A-Go-Go-20250713.wav_loud.wav compand 0.01,1 -90,-90,-70,-70,-60,-20,0,0 -5
2025-07-13 12:04:04,003	INFO	lame cmd: lame --quiet -b 320 --add-id3v2 --ty 2025 --tt Einstein A Go Go - 13 July 2025 --tc Einstein A Go Go can be heard every Sunday at 11.00am on 3RRR FM 102.7 MHz in Melbourne, Australia (http://www.rrr.org.au). Visit our website for more information (http://www.rrr.org.au/program/einstein-a-go-go/). --tg Podcast --ta Einstein A Go Go --tl Triple R FM /srv/mm/3rrr/work13Jul/ENS13Jul25.wav /srv/mm/3rrr/work13Jul/ENS13Jul25.mp3
2025-07-13 12:08:08,819	INFO	lame cmd: lame --quiet --preset 64 --add-id3v2 --ty 2025 --tt Einstein A Go Go - 13 July 2025 --tc Einstein A Go Go can be heard every Sunday at 11.00am on 3RRR FM 102.7 MHz in Melbourne, Australia (http://www.rrr.org.au). Visit our website for more information (http://www.rrr.org.au/program/einstein-a-go-go/). --tg Speech --ta Triple R --tl Triple R /srv/mm/3rrr/work13Jul/Einstein-A-Go-Go-20250713.wav /srv/mm/3rrr/work13Jul/Einstein-A-Go-Go-20250713.mp3
2025-07-13 12:10:15,733	INFO	Removing stale latest directory /srv/mm/3rrr/latest/ENS/
2025-07-13 12:10:15,740	INFO	Copy the ENS show files to show and latest folders
2025-07-13 12:10:21,520	INFO	Local web server publishing of files started
2025-07-13 12:10:22,530	INFO	Removing old file /var/www/eagg/files/Einstein-A-Go-Go-20250629.mp3
2025-07-13 12:10:22,659	INFO	Removing old file /var/www/eagg/files/ENS29Jun25.log
2025-07-13 12:10:22,659	INFO	Delete local web server archive file /var/www/eagg/files/archive/Einstein-A-Go-Go-20250518.mp3
2025-07-13 12:10:22,659	INFO	Removing old file /var/www/eagg/files/archive/Einstein-A-Go-Go-20250518.mp3
2025-07-13 12:10:22,659	INFO	Github publishing of files started
