2023-10-15 11:00:05,820	INFO	Start main routine for show ENS15Oct23
2023-10-15 11:00:05,820	INFO	Removing old working directory /srv/mm/3rrr/work08Oct
2023-10-15 11:00:05,826	INFO	Removing old show directory /srv/mm/3rrr/show08Oct
2023-10-15 11:00:05,929	INFO	mplayer cmd: mplayer -endpos 01:02:00 -quiet -nocache -vo null -vc dummy -ao pcm:waveheader:file=/srv/mm/3rrr/work15Oct/ENS15Oct23.wav_1.wav http://realtime.rrr.org.au/p1h
2023-10-15 11:00:05,943	INFO	waiting for mplayer to start, count:0
2023-10-15 11:00:06,951	INFO	waiting for mplayer to create the wav file, count:0
2023-10-15 11:00:07,952	INFO	waiting for mplayer to create the wav file, count:1
2023-10-15 11:00:08,953	INFO	waiting for the wav file to grow, size:0
2023-10-15 11:00:09,981	INFO	sampling rate is 44100
2023-10-15 11:00:09,982	INFO	Status info: rc is 1  runtime is 0  remtime is 3720   fsize is 2031616
2023-10-15 12:02:13,476	INFO	Show ENS remaining time: 0
2023-10-15 12:02:18,481	INFO	sox cmd: sox /srv/mm/3rrr/work15Oct/ENS15Oct23.wav_1.wav /srv/mm/3rrr/work15Oct/ENS15Oct23.wav
2023-10-15 12:02:54,081	INFO	sox cmd: sox /srv/mm/3rrr/work15Oct/ENS15Oct23.wav -c1 -b16 /srv/mm/3rrr/work15Oct/Einstein-A-Go-Go-20231015.wav_mon.wav
2023-10-15 12:03:02,310	INFO	sox cmd: sox /srv/mm/3rrr/work15Oct/Einstein-A-Go-Go-20231015.wav /srv/mm/3rrr/work15Oct/Einstein-A-Go-Go-20231015.wav_loud.wav compand 0.01,1 -90,-90,-70,-70,-60,-20,0,0 -5
2023-10-15 12:03:12,089	INFO	lame cmd: lame --quiet -b 320 --add-id3v2 --ty 2023 --tt Einstein A Go Go - 15 October 2023 --tc Einstein A Go Go can be heard every Sunday at 11.00am on 3RRR FM 102.7 MHz in Melbourne, Australia (http://www.rrr.org.au). Visit our website for more information (http://www.rrr.org.au/program/einstein-a-go-go/). --tg Podcast --ta Einstein A Go Go --tl Triple R FM /srv/mm/3rrr/work15Oct/ENS15Oct23.wav /srv/mm/3rrr/work15Oct/ENS15Oct23.mp3
2023-10-15 12:04:31,996	INFO	lame cmd: lame --quiet --preset 64 --add-id3v2 --ty 2023 --tt Einstein A Go Go - 15 October 2023 --tc Einstein A Go Go can be heard every Sunday at 11.00am on 3RRR FM 102.7 MHz in Melbourne, Australia (http://www.rrr.org.au). Visit our website for more information (http://www.rrr.org.au/program/einstein-a-go-go/). --tg Speech --ta Triple R --tl Triple R /srv/mm/3rrr/work15Oct/Einstein-A-Go-Go-20231015.wav /srv/mm/3rrr/work15Oct/Einstein-A-Go-Go-20231015.mp3
2023-10-15 12:05:43,925	INFO	Removing stale latest directory /srv/mm/3rrr/latest/ENS/
2023-10-15 12:05:43,957	INFO	Copy the ENS show files to show and latest folders
2023-10-15 12:05:44,784	INFO	Local web server publishing of files started
2023-10-15 12:05:44,821	INFO	Removing old file /var/www/eagg/files/Einstein-A-Go-Go-20231001.mp3
2023-10-15 12:05:44,821	INFO	Removing old file /var/www/eagg/files/ENS01Oct23.log
2023-10-15 12:05:44,821	INFO	Github publishing of files started
