2025-04-13 11:00:06,951	INFO	Start main routine for show ENS13Apr25
2025-04-13 11:00:06,951	INFO	Removing old working directory /srv/mm/3rrr/work06Apr
2025-04-13 11:00:06,970	INFO	Removing old show directory /srv/mm/3rrr/show06Apr
2025-04-13 11:00:07,154	INFO	mplayer cmd: mplayer -endpos 01:02:00 -quiet -nocache -vo null -vc dummy -ao pcm:waveheader:file=/srv/mm/3rrr/work13Apr/ENS13Apr25.wav_1.wav http://realtime.rrr.org.au/p1h
2025-04-13 11:00:07,205	INFO	waiting for mplayer to start, count:0
2025-04-13 11:00:08,217	INFO	waiting for mplayer to create the wav file, count:0
2025-04-13 11:00:09,218	INFO	waiting for mplayer to create the wav file, count:1
2025-04-13 11:00:10,219	INFO	waiting for the wav file to grow, size:0
2025-04-13 11:00:11,221	INFO	waiting for the wav file to grow, size:1900544
2025-04-13 11:00:12,243	INFO	sampling rate is 44100
2025-04-13 11:00:12,243	INFO	Status info: rc is 1  runtime is 0  remtime is 3720   fsize is 2228224
2025-04-13 12:02:15,975	INFO	Show ENS remaining time: 0
2025-04-13 12:02:20,981	INFO	sox cmd: sox /srv/mm/3rrr/work13Apr/ENS13Apr25.wav_1.wav /srv/mm/3rrr/work13Apr/ENS13Apr25.wav
2025-04-13 12:03:08,847	INFO	sox cmd: sox /srv/mm/3rrr/work13Apr/ENS13Apr25.wav -c1 -b16 /srv/mm/3rrr/work13Apr/Einstein-A-Go-Go-20250413.wav_mon.wav
2025-04-13 12:03:41,621	INFO	sox cmd: sox /srv/mm/3rrr/work13Apr/Einstein-A-Go-Go-20250413.wav /srv/mm/3rrr/work13Apr/Einstein-A-Go-Go-20250413.wav_loud.wav compand 0.01,1 -90,-90,-70,-70,-60,-20,0,0 -5
2025-04-13 12:04:09,510	INFO	lame cmd: lame --quiet -b 320 --add-id3v2 --ty 2025 --tt Einstein A Go Go - 13 April 2025 --tc Einstein A Go Go can be heard every Sunday at 11.00am on 3RRR FM 102.7 MHz in Melbourne, Australia (http://www.rrr.org.au). Visit our website for more information (http://www.rrr.org.au/program/einstein-a-go-go/). --tg Podcast --ta Einstein A Go Go --tl Triple R FM /srv/mm/3rrr/work13Apr/ENS13Apr25.wav /srv/mm/3rrr/work13Apr/ENS13Apr25.mp3
2025-04-13 12:08:13,934	INFO	lame cmd: lame --quiet --preset 64 --add-id3v2 --ty 2025 --tt Einstein A Go Go - 13 April 2025 --tc Einstein A Go Go can be heard every Sunday at 11.00am on 3RRR FM 102.7 MHz in Melbourne, Australia (http://www.rrr.org.au). Visit our website for more information (http://www.rrr.org.au/program/einstein-a-go-go/). --tg Speech --ta Triple R --tl Triple R /srv/mm/3rrr/work13Apr/Einstein-A-Go-Go-20250413.wav /srv/mm/3rrr/work13Apr/Einstein-A-Go-Go-20250413.mp3
2025-04-13 12:10:25,244	INFO	Removing stale latest directory /srv/mm/3rrr/latest/ENS/
2025-04-13 12:10:25,250	INFO	Copy the ENS show files to show and latest folders
2025-04-13 12:10:30,658	INFO	Local web server publishing of files started
2025-04-13 12:10:32,549	INFO	Removing old file /var/www/eagg/files/Einstein-A-Go-Go-20250330.mp3
2025-04-13 12:10:33,171	INFO	Removing old file /var/www/eagg/files/ENS30Mar25.log
2025-04-13 12:10:33,297	INFO	Delete local web server archive file /var/www/eagg/files/archive/Einstein-A-Go-Go-20250216.mp3
2025-04-13 12:10:33,298	INFO	Removing old file /var/www/eagg/files/archive/Einstein-A-Go-Go-20250216.mp3
2025-04-13 12:10:33,416	INFO	Github publishing of files started
