2024-10-13 11:00:16,998	INFO	Start main routine for show ENS13Oct24
2024-10-13 11:00:16,998	INFO	Removing old working directory /srv/mm/3rrr/work06Oct
2024-10-13 11:00:17,071	INFO	Removing old show directory /srv/mm/3rrr/show06Oct
2024-10-13 11:00:17,253	INFO	mplayer cmd: mplayer -endpos 01:02:00 -quiet -nocache -vo null -vc dummy -ao pcm:waveheader:file=/srv/mm/3rrr/work13Oct/ENS13Oct24.wav_1.wav http://realtime.rrr.org.au/p1h
2024-10-13 11:00:17,264	INFO	waiting for mplayer to start, count:0
2024-10-13 11:00:18,276	INFO	waiting for mplayer to create the wav file, count:0
2024-10-13 11:00:19,277	INFO	waiting for mplayer to create the wav file, count:1
2024-10-13 11:00:20,278	INFO	waiting for the wav file to grow, size:0
2024-10-13 11:00:21,280	INFO	waiting for the wav file to grow, size:1900544
2024-10-13 11:00:22,302	INFO	sampling rate is 44100
2024-10-13 11:00:22,302	INFO	Status info: rc is 1  runtime is 0  remtime is 3720   fsize is 2293760
2024-10-13 12:02:26,066	INFO	Show ENS remaining time: 0
2024-10-13 12:02:31,073	INFO	sox cmd: sox /srv/mm/3rrr/work13Oct/ENS13Oct24.wav_1.wav /srv/mm/3rrr/work13Oct/ENS13Oct24.wav
2024-10-13 12:03:18,301	INFO	sox cmd: sox /srv/mm/3rrr/work13Oct/ENS13Oct24.wav -c1 -b16 /srv/mm/3rrr/work13Oct/Einstein-A-Go-Go-20241013.wav_mon.wav
2024-10-13 12:03:51,969	INFO	sox cmd: sox /srv/mm/3rrr/work13Oct/Einstein-A-Go-Go-20241013.wav /srv/mm/3rrr/work13Oct/Einstein-A-Go-Go-20241013.wav_loud.wav compand 0.01,1 -90,-90,-70,-70,-60,-20,0,0 -5
2024-10-13 12:04:13,650	INFO	lame cmd: lame --quiet -b 320 --add-id3v2 --ty 2024 --tt Einstein A Go Go - 13 October 2024 --tc Einstein A Go Go can be heard every Sunday at 11.00am on 3RRR FM 102.7 MHz in Melbourne, Australia (http://www.rrr.org.au). Visit our website for more information (http://www.rrr.org.au/program/einstein-a-go-go/). --tg Podcast --ta Einstein A Go Go --tl Triple R FM /srv/mm/3rrr/work13Oct/ENS13Oct24.wav /srv/mm/3rrr/work13Oct/ENS13Oct24.mp3
2024-10-13 12:07:53,685	INFO	lame cmd: lame --quiet --preset 64 --add-id3v2 --ty 2024 --tt Einstein A Go Go - 13 October 2024 --tc Einstein A Go Go can be heard every Sunday at 11.00am on 3RRR FM 102.7 MHz in Melbourne, Australia (http://www.rrr.org.au). Visit our website for more information (http://www.rrr.org.au/program/einstein-a-go-go/). --tg Speech --ta Triple R --tl Triple R /srv/mm/3rrr/work13Oct/Einstein-A-Go-Go-20241013.wav /srv/mm/3rrr/work13Oct/Einstein-A-Go-Go-20241013.mp3
2024-10-13 12:09:43,082	INFO	Removing stale latest directory /srv/mm/3rrr/latest/ENS/
2024-10-13 12:09:43,091	INFO	Copy the ENS show files to show and latest folders
2024-10-13 12:09:50,062	INFO	Local web server publishing of files started
2024-10-13 12:09:51,272	INFO	Removing old file /var/www/eagg/files/Einstein-A-Go-Go-20240929.mp3
2024-10-13 12:09:51,321	INFO	Removing old file /var/www/eagg/files/ENS29Sep24.log
2024-10-13 12:09:51,360	INFO	Delete local web server archive file /var/www/eagg/files/archive/Einstein-A-Go-Go-20240818.mp3
2024-10-13 12:09:51,360	INFO	Removing old file /var/www/eagg/files/archive/Einstein-A-Go-Go-20240818.mp3
2024-10-13 12:09:51,399	INFO	Github publishing of files started
