2024-05-12 11:00:04,159	INFO	Start main routine for show ENS12May24
2024-05-12 11:00:04,159	INFO	Removing old working directory /srv/mm/3rrr/work05May
2024-05-12 11:00:04,203	INFO	Removing old show directory /srv/mm/3rrr/show05May
2024-05-12 11:00:04,286	INFO	mplayer cmd: mplayer -endpos 01:02:00 -quiet -nocache -vo null -vc dummy -ao pcm:waveheader:file=/srv/mm/3rrr/work12May/ENS12May24.wav_1.wav http://realtime.rrr.org.au/p1h
2024-05-12 11:00:04,289	INFO	waiting for mplayer to start, count:0
2024-05-12 11:00:05,295	INFO	waiting for the wav file to grow, size:0
2024-05-12 11:00:06,297	INFO	waiting for the wav file to grow, size:1638400
2024-05-12 11:00:07,322	INFO	sampling rate is 44100
2024-05-12 11:00:07,323	INFO	Status info: rc is 1  runtime is 0  remtime is 3720   fsize is 2097152
2024-05-12 12:02:10,820	INFO	Show ENS remaining time: 0
2024-05-12 12:02:15,830	INFO	sox cmd: sox /srv/mm/3rrr/work12May/ENS12May24.wav_1.wav /srv/mm/3rrr/work12May/ENS12May24.wav
2024-05-12 12:02:23,296	INFO	sox cmd: sox /srv/mm/3rrr/work12May/ENS12May24.wav -c1 -b16 /srv/mm/3rrr/work12May/Einstein-A-Go-Go-20240512.wav_mon.wav
2024-05-12 12:02:29,617	INFO	sox cmd: sox /srv/mm/3rrr/work12May/Einstein-A-Go-Go-20240512.wav /srv/mm/3rrr/work12May/Einstein-A-Go-Go-20240512.wav_loud.wav compand 0.01,1 -90,-90,-70,-70,-60,-20,0,0 -5
2024-05-12 12:02:40,727	INFO	lame cmd: lame --quiet -b 320 --add-id3v2 --ty 2024 --tt Einstein A Go Go - 12 May 2024 --tc Einstein A Go Go can be heard every Sunday at 11.00am on 3RRR FM 102.7 MHz in Melbourne, Australia (http://www.rrr.org.au). Visit our website for more information (http://www.rrr.org.au/program/einstein-a-go-go/). --tg Podcast --ta Einstein A Go Go --tl Triple R FM /srv/mm/3rrr/work12May/ENS12May24.wav /srv/mm/3rrr/work12May/ENS12May24.mp3
2024-05-12 12:04:01,413	INFO	lame cmd: lame --quiet --preset 64 --add-id3v2 --ty 2024 --tt Einstein A Go Go - 12 May 2024 --tc Einstein A Go Go can be heard every Sunday at 11.00am on 3RRR FM 102.7 MHz in Melbourne, Australia (http://www.rrr.org.au). Visit our website for more information (http://www.rrr.org.au/program/einstein-a-go-go/). --tg Speech --ta Triple R --tl Triple R /srv/mm/3rrr/work12May/Einstein-A-Go-Go-20240512.wav /srv/mm/3rrr/work12May/Einstein-A-Go-Go-20240512.mp3
2024-05-12 12:05:05,254	INFO	Removing stale latest directory /srv/mm/3rrr/latest/ENS/
2024-05-12 12:05:05,272	INFO	Copy the ENS show files to show and latest folders
2024-05-12 12:05:05,582	INFO	Local web server publishing of files started
2024-05-12 12:05:05,615	INFO	Removing old file /var/www/eagg/files/Einstein-A-Go-Go-20240428.mp3
2024-05-12 12:05:05,616	INFO	Removing old file /var/www/eagg/files/ENS28Apr24.log
2024-05-12 12:05:05,617	INFO	Github publishing of files started
