2026-05-10 11:00:02,679	INFO	Start main routine for show ENS10May26
2026-05-10 11:00:02,681	INFO	Removing old working directory /srv/mm/3rrr/work03May
2026-05-10 11:00:02,732	INFO	Removing old show directory /srv/mm/3rrr/show03May
2026-05-10 11:00:02,930	INFO	mplayer cmd: mplayer -endpos 01:02:00 -quiet -nocache -vo null -vc dummy -ao pcm:waveheader:file=/srv/mm/3rrr/work10May/ENS10May26.wav_1.wav http://realtime.rrr.org.au/p1h
2026-05-10 11:00:03,009	INFO	waiting for mplayer to start, count:0
2026-05-10 11:00:04,023	INFO	waiting for mplayer to create the wav file, count:0
2026-05-10 11:00:05,024	INFO	waiting for mplayer to create the wav file, count:1
2026-05-10 11:00:06,026	INFO	waiting for the wav file to grow, size:0
2026-05-10 11:00:07,047	INFO	sampling rate is 44100
2026-05-10 11:00:07,047	INFO	Status info: rc is 1  runtime is 0  remtime is 3720   fsize is 1966080
2026-05-10 12:02:10,764	INFO	Show ENS remaining time: 0
2026-05-10 12:02:15,772	INFO	sox cmd: sox /srv/mm/3rrr/work10May/ENS10May26.wav_1.wav /srv/mm/3rrr/work10May/ENS10May26.wav
2026-05-10 12:03:04,038	INFO	sox cmd: sox /srv/mm/3rrr/work10May/ENS10May26.wav -c1 -b16 /srv/mm/3rrr/work10May/Einstein-A-Go-Go-20260510.wav_mon.wav
2026-05-10 12:03:36,524	INFO	sox cmd: sox /srv/mm/3rrr/work10May/Einstein-A-Go-Go-20260510.wav /srv/mm/3rrr/work10May/Einstein-A-Go-Go-20260510.wav_loud.wav compand 0.01,1 -90,-90,-70,-70,-60,-20,0,0 -5
2026-05-10 12:04:03,797	INFO	lame cmd: lame --quiet -b 320 --add-id3v2 --ty 2026 --tt Einstein A Go Go - 10 May 2026 --tc Einstein A Go Go can be heard every Sunday at 11.00am on 3RRR FM 102.7 MHz in Melbourne, Australia (http://www.rrr.org.au). Visit our website for more information (http://www.rrr.org.au/program/einstein-a-go-go/). --tg Podcast --ta Einstein A Go Go --tl Triple R FM /srv/mm/3rrr/work10May/ENS10May26.wav /srv/mm/3rrr/work10May/ENS10May26.mp3
2026-05-10 12:08:06,618	INFO	lame cmd: lame --quiet --preset 64 --add-id3v2 --ty 2026 --tt Einstein A Go Go - 10 May 2026 --tc Einstein A Go Go can be heard every Sunday at 11.00am on 3RRR FM 102.7 MHz in Melbourne, Australia (http://www.rrr.org.au). Visit our website for more information (http://www.rrr.org.au/program/einstein-a-go-go/). --tg Speech --ta Triple R --tl Triple R /srv/mm/3rrr/work10May/Einstein-A-Go-Go-20260510.wav /srv/mm/3rrr/work10May/Einstein-A-Go-Go-20260510.mp3
2026-05-10 12:10:14,907	INFO	Removing stale latest directory /srv/mm/3rrr/latest/ENS/
2026-05-10 12:10:14,916	INFO	Copy the ENS show files to show and latest folders
2026-05-10 12:10:23,434	INFO	Local web server publishing of files started
2026-05-10 12:10:24,843	INFO	Removing old file /var/www/eagg/files/Einstein-A-Go-Go-20260426.mp3
2026-05-10 12:10:24,846	INFO	Removing old file /var/www/eagg/files/ENS26Apr26.log
2026-05-10 12:10:24,854	INFO	Delete local web server archive file /var/www/eagg/files/archive/Einstein-A-Go-Go-20260315.mp3
2026-05-10 12:10:24,854	INFO	Removing old file /var/www/eagg/files/archive/Einstein-A-Go-Go-20260315.mp3
2026-05-10 12:10:24,860	INFO	Github publishing of files started
