2023-11-19 11:00:06,516	INFO	Start main routine for show ENS19Nov23
2023-11-19 11:00:06,517	INFO	Removing old working directory /srv/mm/3rrr/work12Nov
2023-11-19 11:00:06,561	INFO	Removing old show directory /srv/mm/3rrr/show12Nov
2023-11-19 11:00:06,661	INFO	mplayer cmd: mplayer -endpos 01:02:00 -quiet -nocache -vo null -vc dummy -ao pcm:waveheader:file=/srv/mm/3rrr/work19Nov/ENS19Nov23.wav_1.wav http://realtime.rrr.org.au/p1h
2023-11-19 11:00:06,666	INFO	waiting for mplayer to start, count:0
2023-11-19 11:00:07,672	INFO	waiting for mplayer to create the wav file, count:0
2023-11-19 11:00:08,672	INFO	waiting for the wav file to grow, size:0
2023-11-19 11:00:09,674	INFO	waiting for the wav file to grow, size:1900544
2023-11-19 11:00:10,702	INFO	sampling rate is 44100
2023-11-19 11:00:10,703	INFO	Status info: rc is 1  runtime is 0  remtime is 3720   fsize is 2162688
2023-11-19 12:02:14,189	INFO	Show ENS remaining time: 0
2023-11-19 12:02:19,198	INFO	sox cmd: sox /srv/mm/3rrr/work19Nov/ENS19Nov23.wav_1.wav /srv/mm/3rrr/work19Nov/ENS19Nov23.wav
2023-11-19 12:02:46,557	INFO	sox cmd: sox /srv/mm/3rrr/work19Nov/ENS19Nov23.wav -c1 -b16 /srv/mm/3rrr/work19Nov/Einstein-A-Go-Go-20231119.wav_mon.wav
2023-11-19 12:02:51,641	INFO	sox cmd: sox /srv/mm/3rrr/work19Nov/Einstein-A-Go-Go-20231119.wav /srv/mm/3rrr/work19Nov/Einstein-A-Go-Go-20231119.wav_loud.wav compand 0.01,1 -90,-90,-70,-70,-60,-20,0,0 -5
2023-11-19 12:03:01,276	INFO	lame cmd: lame --quiet -b 320 --add-id3v2 --ty 2023 --tt Einstein A Go Go - 19 November 2023 --tc Einstein A Go Go can be heard every Sunday at 11.00am on 3RRR FM 102.7 MHz in Melbourne, Australia (http://www.rrr.org.au). Visit our website for more information (http://www.rrr.org.au/program/einstein-a-go-go/). --tg Podcast --ta Einstein A Go Go --tl Triple R FM /srv/mm/3rrr/work19Nov/ENS19Nov23.wav /srv/mm/3rrr/work19Nov/ENS19Nov23.mp3
2023-11-19 12:04:31,261	INFO	lame cmd: lame --quiet --preset 64 --add-id3v2 --ty 2023 --tt Einstein A Go Go - 19 November 2023 --tc Einstein A Go Go can be heard every Sunday at 11.00am on 3RRR FM 102.7 MHz in Melbourne, Australia (http://www.rrr.org.au). Visit our website for more information (http://www.rrr.org.au/program/einstein-a-go-go/). --tg Speech --ta Triple R --tl Triple R /srv/mm/3rrr/work19Nov/Einstein-A-Go-Go-20231119.wav /srv/mm/3rrr/work19Nov/Einstein-A-Go-Go-20231119.mp3
2023-11-19 12:05:44,228	INFO	Removing stale latest directory /srv/mm/3rrr/latest/ENS/
2023-11-19 12:05:44,238	INFO	Copy the ENS show files to show and latest folders
2023-11-19 12:05:46,429	INFO	Local web server publishing of files started
2023-11-19 12:05:46,602	INFO	Removing old file /var/www/eagg/files/Einstein-A-Go-Go-20231105.mp3
2023-11-19 12:05:46,603	INFO	Removing old file /var/www/eagg/files/ENS05Nov23.log
2023-11-19 12:05:46,604	INFO	Github publishing of files started
