2023-12-10 11:00:10,132	INFO	Start main routine for show ENS10Dec23
2023-12-10 11:00:10,132	INFO	Removing old working directory /srv/mm/3rrr/work03Dec
2023-12-10 11:00:10,175	INFO	Removing old show directory /srv/mm/3rrr/show03Dec
2023-12-10 11:00:10,258	INFO	mplayer cmd: mplayer -endpos 01:02:00 -quiet -nocache -vo null -vc dummy -ao pcm:waveheader:file=/srv/mm/3rrr/work10Dec/ENS10Dec23.wav_1.wav http://realtime.rrr.org.au/p1h
2023-12-10 11:00:10,261	INFO	waiting for mplayer to start, count:0
2023-12-10 11:00:11,266	INFO	waiting for mplayer to create the wav file, count:0
2023-12-10 11:00:12,267	INFO	waiting for the wav file to grow, size:0
2023-12-10 11:00:13,297	INFO	sampling rate is 44100
2023-12-10 11:00:13,297	INFO	Status info: rc is 1  runtime is 0  remtime is 3720   fsize is 1966080
2023-12-10 12:02:16,880	INFO	Show ENS remaining time: 0
2023-12-10 12:02:21,889	INFO	sox cmd: sox /srv/mm/3rrr/work10Dec/ENS10Dec23.wav_1.wav /srv/mm/3rrr/work10Dec/ENS10Dec23.wav
2023-12-10 12:02:29,113	INFO	sox cmd: sox /srv/mm/3rrr/work10Dec/ENS10Dec23.wav -c1 -b16 /srv/mm/3rrr/work10Dec/Einstein-A-Go-Go-20231210.wav_mon.wav
2023-12-10 12:02:34,051	INFO	sox cmd: sox /srv/mm/3rrr/work10Dec/Einstein-A-Go-Go-20231210.wav /srv/mm/3rrr/work10Dec/Einstein-A-Go-Go-20231210.wav_loud.wav compand 0.01,1 -90,-90,-70,-70,-60,-20,0,0 -5
2023-12-10 12:02:48,778	INFO	lame cmd: lame --quiet -b 320 --add-id3v2 --ty 2023 --tt Einstein A Go Go - 10 December 2023 --tc Einstein A Go Go can be heard every Sunday at 11.00am on 3RRR FM 102.7 MHz in Melbourne, Australia (http://www.rrr.org.au). Visit our website for more information (http://www.rrr.org.au/program/einstein-a-go-go/). --tg Podcast --ta Einstein A Go Go --tl Triple R FM /srv/mm/3rrr/work10Dec/ENS10Dec23.wav /srv/mm/3rrr/work10Dec/ENS10Dec23.mp3
2023-12-10 12:04:10,989	INFO	lame cmd: lame --quiet --preset 64 --add-id3v2 --ty 2023 --tt Einstein A Go Go - 10 December 2023 --tc Einstein A Go Go can be heard every Sunday at 11.00am on 3RRR FM 102.7 MHz in Melbourne, Australia (http://www.rrr.org.au). Visit our website for more information (http://www.rrr.org.au/program/einstein-a-go-go/). --tg Speech --ta Triple R --tl Triple R /srv/mm/3rrr/work10Dec/Einstein-A-Go-Go-20231210.wav /srv/mm/3rrr/work10Dec/Einstein-A-Go-Go-20231210.mp3
2023-12-10 12:05:15,387	INFO	Removing stale latest directory /srv/mm/3rrr/latest/ENS/
2023-12-10 12:05:15,400	INFO	Copy the ENS show files to show and latest folders
2023-12-10 12:05:15,877	INFO	Local web server publishing of files started
2023-12-10 12:05:15,914	INFO	Removing old file /var/www/eagg/files/Einstein-A-Go-Go-20231126.mp3
2023-12-10 12:05:15,916	INFO	Removing old file /var/www/eagg/files/ENS26Nov23.log
2023-12-10 12:05:15,916	INFO	Github publishing of files started
