2023-08-13 11:00:05,060	INFO	Start main routine for show ENS13Aug23
2023-08-13 11:00:05,060	INFO	Removing old working directory /srv/mm/3rrr/work06Aug
2023-08-13 11:00:05,067	INFO	Removing old show directory /srv/mm/3rrr/show06Aug
2023-08-13 11:00:05,150	INFO	mplayer cmd: mplayer -endpos 01:02:00 -quiet -nocache -vo null -vc dummy -ao pcm:waveheader:file=/srv/mm/3rrr/work13Aug/ENS13Aug23.wav_1.wav http://realtime.rrr.org.au/p1h
2023-08-13 11:00:05,156	INFO	waiting for mplayer to start, count:0
2023-08-13 11:00:06,168	INFO	waiting for mplayer to create the wav file, count:0
2023-08-13 11:00:07,169	INFO	waiting for the wav file to grow, size:0
2023-08-13 11:00:08,198	INFO	sampling rate is 44100
2023-08-13 11:00:08,198	INFO	Status info: rc is 1  runtime is 0  remtime is 3720   fsize is 2031616
2023-08-13 12:02:11,691	INFO	Show ENS remaining time: 0
2023-08-13 12:02:16,697	INFO	sox cmd: sox /srv/mm/3rrr/work13Aug/ENS13Aug23.wav_1.wav /srv/mm/3rrr/work13Aug/ENS13Aug23.wav
2023-08-13 12:02:38,884	INFO	sox cmd: sox /srv/mm/3rrr/work13Aug/ENS13Aug23.wav -c1 -b16 /srv/mm/3rrr/work13Aug/Einstein-A-Go-Go-20230813.wav_mon.wav
2023-08-13 12:02:45,904	INFO	sox cmd: sox /srv/mm/3rrr/work13Aug/Einstein-A-Go-Go-20230813.wav /srv/mm/3rrr/work13Aug/Einstein-A-Go-Go-20230813.wav_loud.wav compand 0.01,1 -90,-90,-70,-70,-60,-20,0,0 -5
2023-08-13 12:02:56,579	INFO	lame cmd: lame --quiet -b 320 --add-id3v2 --ty 2023 --tt Einstein A Go Go - 13 August 2023 --tc Einstein A Go Go can be heard every Sunday at 11.00am on 3RRR FM 102.7 MHz in Melbourne, Australia (http://www.rrr.org.au). Visit our website for more information (http://www.rrr.org.au/program/einstein-a-go-go/). --tg Podcast --ta Einstein A Go Go --tl Triple R FM /srv/mm/3rrr/work13Aug/ENS13Aug23.wav /srv/mm/3rrr/work13Aug/ENS13Aug23.mp3
2023-08-13 12:04:19,562	INFO	lame cmd: lame --quiet --preset 64 --add-id3v2 --ty 2023 --tt Einstein A Go Go - 13 August 2023 --tc Einstein A Go Go can be heard every Sunday at 11.00am on 3RRR FM 102.7 MHz in Melbourne, Australia (http://www.rrr.org.au). Visit our website for more information (http://www.rrr.org.au/program/einstein-a-go-go/). --tg Speech --ta Triple R --tl Triple R /srv/mm/3rrr/work13Aug/Einstein-A-Go-Go-20230813.wav /srv/mm/3rrr/work13Aug/Einstein-A-Go-Go-20230813.mp3
2023-08-13 12:05:26,149	INFO	Removing stale latest directory /srv/mm/3rrr/latest/ENS/
2023-08-13 12:05:26,162	INFO	Copy the ENS show files to show and latest folders
2023-08-13 12:05:26,664	INFO	Local web server publishing of files started
2023-08-13 12:05:26,725	INFO	Removing old file /var/www/eagg/files/Einstein-A-Go-Go-20230730.mp3
2023-08-13 12:05:26,726	INFO	Removing old file /var/www/eagg/files/ENS30Jul23.log
2023-08-13 12:05:26,726	INFO	Github publishing of files started
