2024-05-19 11:00:02,408	INFO	Start main routine for show ENS19May24
2024-05-19 11:00:02,586	INFO	mplayer cmd: mplayer -endpos 02:02:00 -quiet -nocache -vo null -vc dummy -ao pcm:waveheader:file=/srv/mm/3rrr/work19May/ENS19May24.wav_1.wav http://realtime.rrr.org.au/p1h
2024-05-19 11:00:02,651	INFO	waiting for mplayer to start, count:0
2024-05-19 11:00:03,665	INFO	waiting for mplayer to create the wav file, count:0
2024-05-19 11:00:04,667	INFO	waiting for mplayer to create the wav file, count:1
2024-05-19 11:00:05,668	INFO	waiting for the wav file to grow, size:0
2024-05-19 11:00:06,686	INFO	sampling rate is 44100
2024-05-19 11:00:06,686	INFO	Status info: rc is 1  runtime is 0  remtime is 7320   fsize is 2031616
2024-05-19 13:01:44,031	CRITICAL	ALERT: Wave file is not increasing in size
2024-05-19 13:01:44,044	INFO	Show ENS remaining time: 19
2024-05-19 13:01:49,049	INFO	sox cmd: sox /srv/mm/3rrr/work19May/ENS19May24.wav_1.wav /srv/mm/3rrr/work19May/ENS19May24.wav
2024-05-19 13:03:25,405	INFO	sox cmd: sox /srv/mm/3rrr/work19May/ENS19May24.wav -c1 -b16 /srv/mm/3rrr/work19May/Einstein-A-Go-Go-20240519.wav_mon.wav
2024-05-19 13:04:29,658	INFO	sox cmd: sox /srv/mm/3rrr/work19May/Einstein-A-Go-Go-20240519.wav /srv/mm/3rrr/work19May/Einstein-A-Go-Go-20240519.wav_loud.wav compand 0.01,1 -90,-90,-70,-70,-60,-20,0,0 -5
2024-05-19 13:05:13,168	INFO	lame cmd: lame --quiet -b 320 --add-id3v2 --ty 2024 --tt Einstein A Go Go - 19 May 2024 --tc Einstein A Go Go can be heard every Sunday at 11.00am on 3RRR FM 102.7 MHz in Melbourne, Australia (http://www.rrr.org.au). Visit our website for more information (http://www.rrr.org.au/program/einstein-a-go-go/). --tg Podcast --ta Einstein A Go Go --tl Triple R FM /srv/mm/3rrr/work19May/ENS19May24.wav /srv/mm/3rrr/work19May/ENS19May24.mp3
2024-05-19 13:12:20,160	INFO	lame cmd: lame --quiet --preset 64 --add-id3v2 --ty 2024 --tt Einstein A Go Go - 19 May 2024 --tc Einstein A Go Go can be heard every Sunday at 11.00am on 3RRR FM 102.7 MHz in Melbourne, Australia (http://www.rrr.org.au). Visit our website for more information (http://www.rrr.org.au/program/einstein-a-go-go/). --tg Speech --ta Triple R --tl Triple R /srv/mm/3rrr/work19May/Einstein-A-Go-Go-20240519.wav /srv/mm/3rrr/work19May/Einstein-A-Go-Go-20240519.mp3
2024-05-19 13:15:53,897	INFO	Removing stale latest directory /srv/mm/3rrr/latest/ENS/
2024-05-19 13:15:53,949	INFO	Copy the ENS show files to show and latest folders
2024-05-19 13:16:13,906	INFO	Local web server publishing of files started
2024-05-19 13:16:16,959	INFO	Delete local web server archive file /var/www/eagg/files/archive/Einstein-A-Go-Go-20240324.mp3
2024-05-19 13:16:16,960	INFO	Github publishing of files started
