2024-04-14 11:00:02,660	INFO	Start main routine for show ENS14Apr24
2024-04-14 11:00:02,660	INFO	Removing old working directory /srv/mm/3rrr/work07Apr
2024-04-14 11:00:02,705	INFO	Removing old show directory /srv/mm/3rrr/show07Apr
2024-04-14 11:00:02,787	INFO	mplayer cmd: mplayer -endpos 01:02:00 -quiet -nocache -vo null -vc dummy -ao pcm:waveheader:file=/srv/mm/3rrr/work14Apr/ENS14Apr24.wav_1.wav http://realtime.rrr.org.au/p1h
2024-04-14 11:00:02,790	INFO	waiting for mplayer to start, count:0
2024-04-14 11:00:03,796	INFO	waiting for the wav file to grow, size:0
2024-04-14 11:00:04,797	INFO	waiting for the wav file to grow, size:1769472
2024-04-14 11:00:05,827	INFO	sampling rate is 44100
2024-04-14 11:00:05,827	INFO	Status info: rc is 1  runtime is 0  remtime is 3720   fsize is 2162688
2024-04-14 12:02:09,256	INFO	Show ENS remaining time: 0
2024-04-14 12:02:14,265	INFO	sox cmd: sox /srv/mm/3rrr/work14Apr/ENS14Apr24.wav_1.wav /srv/mm/3rrr/work14Apr/ENS14Apr24.wav
2024-04-14 12:02:19,384	INFO	sox cmd: sox /srv/mm/3rrr/work14Apr/ENS14Apr24.wav -c1 -b16 /srv/mm/3rrr/work14Apr/Einstein-A-Go-Go-20240414.wav_mon.wav
2024-04-14 12:02:23,417	INFO	sox cmd: sox /srv/mm/3rrr/work14Apr/Einstein-A-Go-Go-20240414.wav /srv/mm/3rrr/work14Apr/Einstein-A-Go-Go-20240414.wav_loud.wav compand 0.01,1 -90,-90,-70,-70,-60,-20,0,0 -5
2024-04-14 12:02:33,904	INFO	lame cmd: lame --quiet -b 320 --add-id3v2 --ty 2024 --tt Einstein A Go Go - 14 April 2024 --tc Einstein A Go Go can be heard every Sunday at 11.00am on 3RRR FM 102.7 MHz in Melbourne, Australia (http://www.rrr.org.au). Visit our website for more information (http://www.rrr.org.au/program/einstein-a-go-go/). --tg Podcast --ta Einstein A Go Go --tl Triple R FM /srv/mm/3rrr/work14Apr/ENS14Apr24.wav /srv/mm/3rrr/work14Apr/ENS14Apr24.mp3
2024-04-14 12:03:53,056	INFO	lame cmd: lame --quiet --preset 64 --add-id3v2 --ty 2024 --tt Einstein A Go Go - 14 April 2024 --tc Einstein A Go Go can be heard every Sunday at 11.00am on 3RRR FM 102.7 MHz in Melbourne, Australia (http://www.rrr.org.au). Visit our website for more information (http://www.rrr.org.au/program/einstein-a-go-go/). --tg Speech --ta Triple R --tl Triple R /srv/mm/3rrr/work14Apr/Einstein-A-Go-Go-20240414.wav /srv/mm/3rrr/work14Apr/Einstein-A-Go-Go-20240414.mp3
2024-04-14 12:04:57,940	INFO	Removing stale latest directory /srv/mm/3rrr/latest/ENS/
2024-04-14 12:04:57,947	INFO	Copy the ENS show files to show and latest folders
2024-04-14 12:04:58,171	INFO	Local web server publishing of files started
2024-04-14 12:04:58,193	INFO	Removing old file /var/www/eagg/files/Einstein-A-Go-Go-20240331.mp3
2024-04-14 12:04:58,194	INFO	Removing old file /var/www/eagg/files/ENS31Mar24.log
2024-04-14 12:04:58,195	INFO	Github publishing of files started
