2023-09-10 11:00:00,421	INFO	Start main routine for show ENS10Sep23
2023-09-10 11:00:00,422	INFO	Removing old working directory /srv/mm/3rrr/work03Sep
2023-09-10 11:00:00,430	INFO	Removing old show directory /srv/mm/3rrr/show03Sep
2023-09-10 11:00:00,511	INFO	mplayer cmd: mplayer -endpos 01:02:00 -quiet -nocache -vo null -vc dummy -ao pcm:waveheader:file=/srv/mm/3rrr/work10Sep/ENS10Sep23.wav_1.wav http://realtime.rrr.org.au/p1h
2023-09-10 11:00:00,517	INFO	waiting for mplayer to start, count:0
2023-09-10 11:00:01,529	INFO	waiting for mplayer to create the wav file, count:0
2023-09-10 11:00:02,530	INFO	waiting for the wav file to grow, size:0
2023-09-10 11:00:03,561	INFO	sampling rate is 44100
2023-09-10 11:00:03,561	INFO	Status info: rc is 1  runtime is 0  remtime is 3720   fsize is 1966080
2023-09-10 12:02:07,096	INFO	Show ENS remaining time: 0
2023-09-10 12:02:12,106	INFO	sox cmd: sox /srv/mm/3rrr/work10Sep/ENS10Sep23.wav_1.wav /srv/mm/3rrr/work10Sep/ENS10Sep23.wav
2023-09-10 12:02:17,486	INFO	sox cmd: sox /srv/mm/3rrr/work10Sep/ENS10Sep23.wav -c1 -b16 /srv/mm/3rrr/work10Sep/Einstein-A-Go-Go-20230910.wav_mon.wav
2023-09-10 12:02:25,025	INFO	sox cmd: sox /srv/mm/3rrr/work10Sep/Einstein-A-Go-Go-20230910.wav /srv/mm/3rrr/work10Sep/Einstein-A-Go-Go-20230910.wav_loud.wav compand 0.01,1 -90,-90,-70,-70,-60,-20,0,0 -5
2023-09-10 12:02:35,299	INFO	lame cmd: lame --quiet -b 320 --add-id3v2 --ty 2023 --tt Einstein A Go Go - 10 September 2023 --tc Einstein A Go Go can be heard every Sunday at 11.00am on 3RRR FM 102.7 MHz in Melbourne, Australia (http://www.rrr.org.au). Visit our website for more information (http://www.rrr.org.au/program/einstein-a-go-go/). --tg Podcast --ta Einstein A Go Go --tl Triple R FM /srv/mm/3rrr/work10Sep/ENS10Sep23.wav /srv/mm/3rrr/work10Sep/ENS10Sep23.mp3
2023-09-10 12:04:05,130	INFO	lame cmd: lame --quiet --preset 64 --add-id3v2 --ty 2023 --tt Einstein A Go Go - 10 September 2023 --tc Einstein A Go Go can be heard every Sunday at 11.00am on 3RRR FM 102.7 MHz in Melbourne, Australia (http://www.rrr.org.au). Visit our website for more information (http://www.rrr.org.au/program/einstein-a-go-go/). --tg Speech --ta Triple R --tl Triple R /srv/mm/3rrr/work10Sep/Einstein-A-Go-Go-20230910.wav /srv/mm/3rrr/work10Sep/Einstein-A-Go-Go-20230910.mp3
2023-09-10 12:05:16,517	INFO	Removing stale latest directory /srv/mm/3rrr/latest/ENS/
2023-09-10 12:05:16,538	INFO	Copy the ENS show files to show and latest folders
2023-09-10 12:05:17,126	INFO	Local web server publishing of files started
2023-09-10 12:05:17,171	INFO	Removing old file /var/www/eagg/files/Einstein-A-Go-Go-20230827.mp3
2023-09-10 12:05:17,172	INFO	Removing old file /var/www/eagg/files/ENS27Aug23.log
2023-09-10 12:05:17,173	INFO	Github publishing of files started
