2025-03-16 11:00:10,822	INFO	Start main routine for show ENS16Mar25
2025-03-16 11:00:10,823	INFO	Removing old working directory /srv/mm/3rrr/work09Mar
2025-03-16 11:00:10,857	INFO	Removing old show directory /srv/mm/3rrr/show09Mar
2025-03-16 11:00:11,075	INFO	mplayer cmd: mplayer -endpos 01:02:00 -quiet -nocache -vo null -vc dummy -ao pcm:waveheader:file=/srv/mm/3rrr/work16Mar/ENS16Mar25.wav_1.wav http://realtime.rrr.org.au/p1h
2025-03-16 11:00:11,094	INFO	waiting for mplayer to start, count:0
2025-03-16 11:00:12,150	INFO	waiting for mplayer to create the wav file, count:0
2025-03-16 11:00:13,151	INFO	waiting for mplayer to create the wav file, count:1
2025-03-16 11:00:14,152	INFO	waiting for the wav file to grow, size:0
2025-03-16 11:00:15,154	INFO	waiting for the wav file to grow, size:1900544
2025-03-16 11:00:16,175	INFO	sampling rate is 44100
2025-03-16 11:00:16,175	INFO	Status info: rc is 1  runtime is 0  remtime is 3720   fsize is 2359296
2025-03-16 12:02:19,920	INFO	Show ENS remaining time: 0
2025-03-16 12:02:24,926	INFO	sox cmd: sox /srv/mm/3rrr/work16Mar/ENS16Mar25.wav_1.wav /srv/mm/3rrr/work16Mar/ENS16Mar25.wav
2025-03-16 12:03:12,458	INFO	sox cmd: sox /srv/mm/3rrr/work16Mar/ENS16Mar25.wav -c1 -b16 /srv/mm/3rrr/work16Mar/Einstein-A-Go-Go-20250316.wav_mon.wav
2025-03-16 12:03:45,592	INFO	sox cmd: sox /srv/mm/3rrr/work16Mar/Einstein-A-Go-Go-20250316.wav /srv/mm/3rrr/work16Mar/Einstein-A-Go-Go-20250316.wav_loud.wav compand 0.01,1 -90,-90,-70,-70,-60,-20,0,0 -5
2025-03-16 12:04:07,703	INFO	lame cmd: lame --quiet -b 320 --add-id3v2 --ty 2025 --tt Einstein A Go Go - 16 March 2025 --tc Einstein A Go Go can be heard every Sunday at 11.00am on 3RRR FM 102.7 MHz in Melbourne, Australia (http://www.rrr.org.au). Visit our website for more information (http://www.rrr.org.au/program/einstein-a-go-go/). --tg Podcast --ta Einstein A Go Go --tl Triple R FM /srv/mm/3rrr/work16Mar/ENS16Mar25.wav /srv/mm/3rrr/work16Mar/ENS16Mar25.mp3
2025-03-16 12:07:46,149	INFO	lame cmd: lame --quiet --preset 64 --add-id3v2 --ty 2025 --tt Einstein A Go Go - 16 March 2025 --tc Einstein A Go Go can be heard every Sunday at 11.00am on 3RRR FM 102.7 MHz in Melbourne, Australia (http://www.rrr.org.au). Visit our website for more information (http://www.rrr.org.au/program/einstein-a-go-go/). --tg Speech --ta Triple R --tl Triple R /srv/mm/3rrr/work16Mar/Einstein-A-Go-Go-20250316.wav /srv/mm/3rrr/work16Mar/Einstein-A-Go-Go-20250316.mp3
2025-03-16 12:09:37,497	INFO	Removing stale latest directory /srv/mm/3rrr/latest/ENS/
2025-03-16 12:09:37,571	INFO	Copy the ENS show files to show and latest folders
2025-03-16 12:09:43,984	INFO	Local web server publishing of files started
2025-03-16 12:09:45,597	INFO	Removing old file /var/www/eagg/files/Einstein-A-Go-Go-20250302.mp3
2025-03-16 12:09:45,613	INFO	Removing old file /var/www/eagg/files/ENS02Mar25.log
2025-03-16 12:09:45,613	INFO	Delete local web server archive file /var/www/eagg/files/archive/Einstein-A-Go-Go-20250119.mp3
2025-03-16 12:09:45,614	INFO	Removing old file /var/www/eagg/files/archive/Einstein-A-Go-Go-20250119.mp3
2025-03-16 12:09:45,615	INFO	Github publishing of files started
