2024-06-16 11:00:10,356	INFO	Start main routine for show ENS16Jun24
2024-06-16 11:00:10,356	INFO	Removing old working directory /srv/mm/3rrr/work09Jun
2024-06-16 11:00:10,383	INFO	Removing old show directory /srv/mm/3rrr/show09Jun
2024-06-16 11:00:10,564	INFO	mplayer cmd: mplayer -endpos 01:02:00 -quiet -nocache -vo null -vc dummy -ao pcm:waveheader:file=/srv/mm/3rrr/work16Jun/ENS16Jun24.wav_1.wav http://realtime.rrr.org.au/p1h
2024-06-16 11:00:10,576	INFO	waiting for mplayer to start, count:0
2024-06-16 11:00:11,648	INFO	waiting for mplayer to create the wav file, count:0
2024-06-16 11:00:12,650	INFO	waiting for the wav file to grow, size:0
2024-06-16 11:00:13,652	INFO	waiting for the wav file to grow, size:1769472
2024-06-16 11:00:14,673	INFO	sampling rate is 44100
2024-06-16 11:00:14,673	INFO	Status info: rc is 1  runtime is 0  remtime is 3720   fsize is 2162688
2024-06-16 12:02:18,429	INFO	Show ENS remaining time: 0
2024-06-16 12:02:23,437	INFO	sox cmd: sox /srv/mm/3rrr/work16Jun/ENS16Jun24.wav_1.wav /srv/mm/3rrr/work16Jun/ENS16Jun24.wav
2024-06-16 12:03:11,698	INFO	sox cmd: sox /srv/mm/3rrr/work16Jun/ENS16Jun24.wav -c1 -b16 /srv/mm/3rrr/work16Jun/Einstein-A-Go-Go-20240616.wav_mon.wav
2024-06-16 12:03:45,365	INFO	sox cmd: sox /srv/mm/3rrr/work16Jun/Einstein-A-Go-Go-20240616.wav /srv/mm/3rrr/work16Jun/Einstein-A-Go-Go-20240616.wav_loud.wav compand 0.01,1 -90,-90,-70,-70,-60,-20,0,0 -5
2024-06-16 12:04:07,624	INFO	lame cmd: lame --quiet -b 320 --add-id3v2 --ty 2024 --tt Einstein A Go Go - 16 June 2024 --tc Einstein A Go Go can be heard every Sunday at 11.00am on 3RRR FM 102.7 MHz in Melbourne, Australia (http://www.rrr.org.au). Visit our website for more information (http://www.rrr.org.au/program/einstein-a-go-go/). --tg Podcast --ta Einstein A Go Go --tl Triple R FM /srv/mm/3rrr/work16Jun/ENS16Jun24.wav /srv/mm/3rrr/work16Jun/ENS16Jun24.mp3
2024-06-16 12:07:47,585	INFO	lame cmd: lame --quiet --preset 64 --add-id3v2 --ty 2024 --tt Einstein A Go Go - 16 June 2024 --tc Einstein A Go Go can be heard every Sunday at 11.00am on 3RRR FM 102.7 MHz in Melbourne, Australia (http://www.rrr.org.au). Visit our website for more information (http://www.rrr.org.au/program/einstein-a-go-go/). --tg Speech --ta Triple R --tl Triple R /srv/mm/3rrr/work16Jun/Einstein-A-Go-Go-20240616.wav /srv/mm/3rrr/work16Jun/Einstein-A-Go-Go-20240616.mp3
2024-06-16 12:09:36,859	INFO	Removing stale latest directory /srv/mm/3rrr/latest/ENS/
2024-06-16 12:09:36,866	INFO	Copy the ENS show files to show and latest folders
2024-06-16 12:09:45,281	INFO	Local web server publishing of files started
2024-06-16 12:09:46,793	INFO	Removing old file /var/www/eagg/files/Einstein-A-Go-Go-20240602.mp3
2024-06-16 12:09:46,874	INFO	Removing old file /var/www/eagg/files/ENS02Jun24.log
2024-06-16 12:09:46,894	INFO	Delete local web server archive file /var/www/eagg/files/archive/Einstein-A-Go-Go-20240421.mp3
2024-06-16 12:09:46,894	INFO	Github publishing of files started
