2023-09-17 11:00:04,580	INFO	Start main routine for show ENS17Sep23
2023-09-17 11:00:04,580	INFO	Removing old working directory /srv/mm/3rrr/work10Sep
2023-09-17 11:00:04,590	INFO	Removing old show directory /srv/mm/3rrr/show10Sep
2023-09-17 11:00:04,673	INFO	mplayer cmd: mplayer -endpos 01:02:00 -quiet -nocache -vo null -vc dummy -ao pcm:waveheader:file=/srv/mm/3rrr/work17Sep/ENS17Sep23.wav_1.wav http://realtime.rrr.org.au/p1h
2023-09-17 11:00:04,679	INFO	waiting for mplayer to start, count:0
2023-09-17 11:00:05,691	INFO	waiting for the wav file to grow, size:0
2023-09-17 11:00:06,692	INFO	waiting for the wav file to grow, size:1769472
2023-09-17 11:00:07,716	INFO	sampling rate is 44100
2023-09-17 11:00:07,716	INFO	Status info: rc is 1  runtime is 0  remtime is 3720   fsize is 2031616
2023-09-17 12:02:11,094	INFO	Show ENS remaining time: 0
2023-09-17 12:02:16,100	INFO	sox cmd: sox /srv/mm/3rrr/work17Sep/ENS17Sep23.wav_1.wav /srv/mm/3rrr/work17Sep/ENS17Sep23.wav
2023-09-17 12:02:22,740	INFO	sox cmd: sox /srv/mm/3rrr/work17Sep/ENS17Sep23.wav -c1 -b16 /srv/mm/3rrr/work17Sep/Einstein-A-Go-Go-20230917.wav_mon.wav
2023-09-17 12:02:30,683	INFO	sox cmd: sox /srv/mm/3rrr/work17Sep/Einstein-A-Go-Go-20230917.wav /srv/mm/3rrr/work17Sep/Einstein-A-Go-Go-20230917.wav_loud.wav compand 0.01,1 -90,-90,-70,-70,-60,-20,0,0 -5
2023-09-17 12:02:40,422	INFO	lame cmd: lame --quiet -b 320 --add-id3v2 --ty 2023 --tt Einstein A Go Go - 17 September 2023 --tc Einstein A Go Go can be heard every Sunday at 11.00am on 3RRR FM 102.7 MHz in Melbourne, Australia (http://www.rrr.org.au). Visit our website for more information (http://www.rrr.org.au/program/einstein-a-go-go/). --tg Podcast --ta Einstein A Go Go --tl Triple R FM /srv/mm/3rrr/work17Sep/ENS17Sep23.wav /srv/mm/3rrr/work17Sep/ENS17Sep23.mp3
2023-09-17 12:03:58,108	INFO	lame cmd: lame --quiet --preset 64 --add-id3v2 --ty 2023 --tt Einstein A Go Go - 17 September 2023 --tc Einstein A Go Go can be heard every Sunday at 11.00am on 3RRR FM 102.7 MHz in Melbourne, Australia (http://www.rrr.org.au). Visit our website for more information (http://www.rrr.org.au/program/einstein-a-go-go/). --tg Speech --ta Triple R --tl Triple R /srv/mm/3rrr/work17Sep/Einstein-A-Go-Go-20230917.wav /srv/mm/3rrr/work17Sep/Einstein-A-Go-Go-20230917.mp3
2023-09-17 12:05:09,190	INFO	Removing stale latest directory /srv/mm/3rrr/latest/ENS/
2023-09-17 12:05:09,201	INFO	Copy the ENS show files to show and latest folders
2023-09-17 12:05:09,734	INFO	Local web server publishing of files started
2023-09-17 12:05:09,867	INFO	Removing old file /var/www/eagg/files/Einstein-A-Go-Go-20230903.mp3
2023-09-17 12:05:09,867	INFO	Removing old file /var/www/eagg/files/ENS03Sep23.log
2023-09-17 12:05:09,895	INFO	Github publishing of files started
