2023-08-27 11:00:01,559	INFO	Start main routine for show ENS27Aug23
2023-08-27 11:00:01,559	INFO	Removing old working directory /srv/mm/3rrr/work20Aug
2023-08-27 11:00:01,568	INFO	Removing old show directory /srv/mm/3rrr/show20Aug
2023-08-27 11:00:01,644	INFO	mplayer cmd: mplayer -endpos 01:02:00 -quiet -nocache -vo null -vc dummy -ao pcm:waveheader:file=/srv/mm/3rrr/work27Aug/ENS27Aug23.wav_1.wav http://realtime.rrr.org.au/p1h
2023-08-27 11:00:01,650	INFO	waiting for mplayer to start, count:0
2023-08-27 11:00:02,660	INFO	waiting for mplayer to create the wav file, count:0
2023-08-27 11:00:03,662	INFO	waiting for the wav file to grow, size:0
2023-08-27 11:00:04,663	INFO	waiting for the wav file to grow, size:1835008
2023-08-27 11:00:05,692	INFO	sampling rate is 44100
2023-08-27 11:00:05,693	INFO	Status info: rc is 1  runtime is 0  remtime is 3720   fsize is 2293760
2023-08-27 12:02:09,171	INFO	Show ENS remaining time: 0
2023-08-27 12:02:14,181	INFO	sox cmd: sox /srv/mm/3rrr/work27Aug/ENS27Aug23.wav_1.wav /srv/mm/3rrr/work27Aug/ENS27Aug23.wav
2023-08-27 12:02:30,370	INFO	sox cmd: sox /srv/mm/3rrr/work27Aug/ENS27Aug23.wav -c1 -b16 /srv/mm/3rrr/work27Aug/Einstein-A-Go-Go-20230827.wav_mon.wav
2023-08-27 12:02:39,439	INFO	sox cmd: sox /srv/mm/3rrr/work27Aug/Einstein-A-Go-Go-20230827.wav /srv/mm/3rrr/work27Aug/Einstein-A-Go-Go-20230827.wav_loud.wav compand 0.01,1 -90,-90,-70,-70,-60,-20,0,0 -5
2023-08-27 12:02:49,168	INFO	lame cmd: lame --quiet -b 320 --add-id3v2 --ty 2023 --tt Einstein A Go Go - 27 August 2023 --tc Einstein A Go Go can be heard every Sunday at 11.00am on 3RRR FM 102.7 MHz in Melbourne, Australia (http://www.rrr.org.au). Visit our website for more information (http://www.rrr.org.au/program/einstein-a-go-go/). --tg Podcast --ta Einstein A Go Go --tl Triple R FM /srv/mm/3rrr/work27Aug/ENS27Aug23.wav /srv/mm/3rrr/work27Aug/ENS27Aug23.mp3
2023-08-27 12:04:07,638	INFO	lame cmd: lame --quiet --preset 64 --add-id3v2 --ty 2023 --tt Einstein A Go Go - 27 August 2023 --tc Einstein A Go Go can be heard every Sunday at 11.00am on 3RRR FM 102.7 MHz in Melbourne, Australia (http://www.rrr.org.au). Visit our website for more information (http://www.rrr.org.au/program/einstein-a-go-go/). --tg Speech --ta Triple R --tl Triple R /srv/mm/3rrr/work27Aug/Einstein-A-Go-Go-20230827.wav /srv/mm/3rrr/work27Aug/Einstein-A-Go-Go-20230827.mp3
2023-08-27 12:05:18,030	INFO	Removing stale latest directory /srv/mm/3rrr/latest/ENS/
2023-08-27 12:05:18,043	INFO	Copy the ENS show files to show and latest folders
2023-08-27 12:05:19,681	INFO	Local web server publishing of files started
2023-08-27 12:05:20,423	INFO	Removing old file /var/www/eagg/files/Einstein-A-Go-Go-20230813.mp3
2023-08-27 12:05:20,424	INFO	Removing old file /var/www/eagg/files/ENS13Aug23.log
2023-08-27 12:05:20,505	INFO	Github publishing of files started
