2025-07-20 11:00:06,953	INFO	Start main routine for show ENS20Jul25
2025-07-20 11:00:06,953	INFO	Removing old working directory /srv/mm/3rrr/work13Jul
2025-07-20 11:00:06,988	INFO	Removing old show directory /srv/mm/3rrr/show13Jul
2025-07-20 11:00:07,141	INFO	mplayer cmd: mplayer -endpos 01:02:00 -quiet -nocache -vo null -vc dummy -ao pcm:waveheader:file=/srv/mm/3rrr/work20Jul/ENS20Jul25.wav_1.wav http://realtime.rrr.org.au/p1h
2025-07-20 11:00:07,213	INFO	waiting for mplayer to start, count:0
2025-07-20 11:00:08,224	INFO	waiting for mplayer to create the wav file, count:0
2025-07-20 11:00:09,225	INFO	waiting for mplayer to create the wav file, count:1
2025-07-20 11:00:10,226	INFO	waiting for the wav file to grow, size:0
2025-07-20 11:00:11,228	INFO	waiting for the wav file to grow, size:1900544
2025-07-20 11:00:12,248	INFO	sampling rate is 44100
2025-07-20 11:00:12,249	INFO	Status info: rc is 1  runtime is 0  remtime is 3720   fsize is 2293760
2025-07-20 12:02:15,929	INFO	Show ENS remaining time: 0
2025-07-20 12:02:20,938	INFO	sox cmd: sox /srv/mm/3rrr/work20Jul/ENS20Jul25.wav_1.wav /srv/mm/3rrr/work20Jul/ENS20Jul25.wav
2025-07-20 12:03:08,313	INFO	sox cmd: sox /srv/mm/3rrr/work20Jul/ENS20Jul25.wav -c1 -b16 /srv/mm/3rrr/work20Jul/Einstein-A-Go-Go-20250720.wav_mon.wav
2025-07-20 12:03:42,292	INFO	sox cmd: sox /srv/mm/3rrr/work20Jul/Einstein-A-Go-Go-20250720.wav /srv/mm/3rrr/work20Jul/Einstein-A-Go-Go-20250720.wav_loud.wav compand 0.01,1 -90,-90,-70,-70,-60,-20,0,0 -5
2025-07-20 12:04:09,657	INFO	lame cmd: lame --quiet -b 320 --add-id3v2 --ty 2025 --tt Einstein A Go Go - 20 July 2025 --tc Einstein A Go Go can be heard every Sunday at 11.00am on 3RRR FM 102.7 MHz in Melbourne, Australia (http://www.rrr.org.au). Visit our website for more information (http://www.rrr.org.au/program/einstein-a-go-go/). --tg Podcast --ta Einstein A Go Go --tl Triple R FM /srv/mm/3rrr/work20Jul/ENS20Jul25.wav /srv/mm/3rrr/work20Jul/ENS20Jul25.mp3
2025-07-20 12:08:15,036	INFO	lame cmd: lame --quiet --preset 64 --add-id3v2 --ty 2025 --tt Einstein A Go Go - 20 July 2025 --tc Einstein A Go Go can be heard every Sunday at 11.00am on 3RRR FM 102.7 MHz in Melbourne, Australia (http://www.rrr.org.au). Visit our website for more information (http://www.rrr.org.au/program/einstein-a-go-go/). --tg Speech --ta Triple R --tl Triple R /srv/mm/3rrr/work20Jul/Einstein-A-Go-Go-20250720.wav /srv/mm/3rrr/work20Jul/Einstein-A-Go-Go-20250720.mp3
2025-07-20 12:10:22,424	INFO	Removing stale latest directory /srv/mm/3rrr/latest/ENS/
2025-07-20 12:10:22,428	INFO	Copy the ENS show files to show and latest folders
2025-07-20 12:10:28,161	INFO	Local web server publishing of files started
2025-07-20 12:10:29,346	INFO	Removing old file /var/www/eagg/files/Einstein-A-Go-Go-20250706.mp3
2025-07-20 12:10:29,346	INFO	Removing old file /var/www/eagg/files/ENS06Jul25.log
2025-07-20 12:10:29,347	INFO	Delete local web server archive file /var/www/eagg/files/archive/Einstein-A-Go-Go-20250525.mp3
2025-07-20 12:10:29,347	INFO	Removing old file /var/www/eagg/files/archive/Einstein-A-Go-Go-20250525.mp3
2025-07-20 12:10:29,425	INFO	Github publishing of files started
