2023-10-22 11:00:10,174	INFO	Start main routine for show ENS22Oct23
2023-10-22 11:00:10,174	INFO	Removing old working directory /srv/mm/3rrr/work15Oct
2023-10-22 11:00:10,179	INFO	Removing old show directory /srv/mm/3rrr/show15Oct
2023-10-22 11:00:10,348	INFO	mplayer cmd: mplayer -endpos 01:02:00 -quiet -nocache -vo null -vc dummy -ao pcm:waveheader:file=/srv/mm/3rrr/work22Oct/ENS22Oct23.wav_1.wav http://realtime.rrr.org.au/p1h
2023-10-22 11:00:10,368	INFO	waiting for mplayer to start, count:0
2023-10-22 11:00:11,376	INFO	waiting for mplayer to create the wav file, count:0
2023-10-22 11:00:12,378	INFO	waiting for the wav file to grow, size:0
2023-10-22 11:00:13,411	INFO	sampling rate is 44100
2023-10-22 11:00:13,411	INFO	Status info: rc is 1  runtime is 0  remtime is 3720   fsize is 1966080
2023-10-22 12:02:16,845	INFO	Show ENS remaining time: 0
2023-10-22 12:02:21,855	INFO	sox cmd: sox /srv/mm/3rrr/work22Oct/ENS22Oct23.wav_1.wav /srv/mm/3rrr/work22Oct/ENS22Oct23.wav
2023-10-22 12:02:57,900	INFO	sox cmd: sox /srv/mm/3rrr/work22Oct/ENS22Oct23.wav -c1 -b16 /srv/mm/3rrr/work22Oct/Einstein-A-Go-Go-20231022.wav_mon.wav
2023-10-22 12:03:17,699	INFO	sox cmd: sox /srv/mm/3rrr/work22Oct/Einstein-A-Go-Go-20231022.wav /srv/mm/3rrr/work22Oct/Einstein-A-Go-Go-20231022.wav_loud.wav compand 0.01,1 -90,-90,-70,-70,-60,-20,0,0 -5
2023-10-22 12:03:27,740	INFO	lame cmd: lame --quiet -b 320 --add-id3v2 --ty 2023 --tt Einstein A Go Go - 22 October 2023 --tc Einstein A Go Go can be heard every Sunday at 11.00am on 3RRR FM 102.7 MHz in Melbourne, Australia (http://www.rrr.org.au). Visit our website for more information (http://www.rrr.org.au/program/einstein-a-go-go/). --tg Podcast --ta Einstein A Go Go --tl Triple R FM /srv/mm/3rrr/work22Oct/ENS22Oct23.wav /srv/mm/3rrr/work22Oct/ENS22Oct23.mp3
2023-10-22 12:04:45,059	INFO	lame cmd: lame --quiet --preset 64 --add-id3v2 --ty 2023 --tt Einstein A Go Go - 22 October 2023 --tc Einstein A Go Go can be heard every Sunday at 11.00am on 3RRR FM 102.7 MHz in Melbourne, Australia (http://www.rrr.org.au). Visit our website for more information (http://www.rrr.org.au/program/einstein-a-go-go/). --tg Speech --ta Triple R --tl Triple R /srv/mm/3rrr/work22Oct/Einstein-A-Go-Go-20231022.wav /srv/mm/3rrr/work22Oct/Einstein-A-Go-Go-20231022.mp3
2023-10-22 12:05:52,035	INFO	Removing stale latest directory /srv/mm/3rrr/latest/ENS/
2023-10-22 12:05:52,044	INFO	Copy the ENS show files to show and latest folders
2023-10-22 12:05:52,658	INFO	Local web server publishing of files started
2023-10-22 12:05:52,742	INFO	Removing old file /var/www/eagg/files/Einstein-A-Go-Go-20231008.mp3
2023-10-22 12:05:52,751	INFO	Removing old file /var/www/eagg/files/ENS08Oct23.log
2023-10-22 12:05:52,761	INFO	Github publishing of files started
