2023-12-24 11:00:05,686	INFO	Start main routine for show ENS24Dec23
2023-12-24 11:00:05,686	INFO	Removing old working directory /srv/mm/3rrr/work17Dec
2023-12-24 11:00:05,730	INFO	Removing old show directory /srv/mm/3rrr/show17Dec
2023-12-24 11:00:05,811	INFO	mplayer cmd: mplayer -endpos 01:02:00 -quiet -nocache -vo null -vc dummy -ao pcm:waveheader:file=/srv/mm/3rrr/work24Dec/ENS24Dec23.wav_1.wav http://realtime.rrr.org.au/p1h
2023-12-24 11:00:05,814	INFO	waiting for mplayer to start, count:0
2023-12-24 11:00:06,820	INFO	waiting for mplayer to create the wav file, count:0
2023-12-24 11:00:07,820	INFO	waiting for the wav file to grow, size:0
2023-12-24 11:00:08,850	INFO	sampling rate is 44100
2023-12-24 11:00:08,851	INFO	Status info: rc is 1  runtime is 0  remtime is 3720   fsize is 1966080
2023-12-24 12:02:12,409	INFO	Show ENS remaining time: 0
2023-12-24 12:02:17,437	INFO	sox cmd: sox /srv/mm/3rrr/work24Dec/ENS24Dec23.wav_1.wav /srv/mm/3rrr/work24Dec/ENS24Dec23.wav
2023-12-24 12:02:22,881	INFO	sox cmd: sox /srv/mm/3rrr/work24Dec/ENS24Dec23.wav -c1 -b16 /srv/mm/3rrr/work24Dec/Einstein-A-Go-Go-20231224.wav_mon.wav
2023-12-24 12:02:28,055	INFO	sox cmd: sox /srv/mm/3rrr/work24Dec/Einstein-A-Go-Go-20231224.wav /srv/mm/3rrr/work24Dec/Einstein-A-Go-Go-20231224.wav_loud.wav compand 0.01,1 -90,-90,-70,-70,-60,-20,0,0 -5
2023-12-24 12:02:37,201	INFO	lame cmd: lame --quiet -b 320 --add-id3v2 --ty 2023 --tt Einstein A Go Go - 24 December 2023 --tc Einstein A Go Go can be heard every Sunday at 11.00am on 3RRR FM 102.7 MHz in Melbourne, Australia (http://www.rrr.org.au). Visit our website for more information (http://www.rrr.org.au/program/einstein-a-go-go/). --tg Podcast --ta Einstein A Go Go --tl Triple R FM /srv/mm/3rrr/work24Dec/ENS24Dec23.wav /srv/mm/3rrr/work24Dec/ENS24Dec23.mp3
2023-12-24 12:04:00,805	INFO	lame cmd: lame --quiet --preset 64 --add-id3v2 --ty 2023 --tt Einstein A Go Go - 24 December 2023 --tc Einstein A Go Go can be heard every Sunday at 11.00am on 3RRR FM 102.7 MHz in Melbourne, Australia (http://www.rrr.org.au). Visit our website for more information (http://www.rrr.org.au/program/einstein-a-go-go/). --tg Speech --ta Triple R --tl Triple R /srv/mm/3rrr/work24Dec/Einstein-A-Go-Go-20231224.wav /srv/mm/3rrr/work24Dec/Einstein-A-Go-Go-20231224.mp3
2023-12-24 12:05:04,704	INFO	Removing stale latest directory /srv/mm/3rrr/latest/ENS/
2023-12-24 12:05:04,726	INFO	Copy the ENS show files to show and latest folders
2023-12-24 12:05:05,006	INFO	Local web server publishing of files started
2023-12-24 12:05:05,033	INFO	Removing old file /var/www/eagg/files/Einstein-A-Go-Go-20231210.mp3
2023-12-24 12:05:05,034	INFO	Removing old file /var/www/eagg/files/ENS10Dec23.log
2023-12-24 12:05:05,034	INFO	Github publishing of files started
