2025-12-21 11:00:00,957	INFO	Start main routine for show ENS21Dec25
2025-12-21 11:00:00,957	INFO	Removing old working directory /srv/mm/3rrr/work14Dec
2025-12-21 11:00:01,006	INFO	Removing old show directory /srv/mm/3rrr/show14Dec
2025-12-21 11:00:01,164	INFO	mplayer cmd: mplayer -endpos 01:02:00 -quiet -nocache -vo null -vc dummy -ao pcm:waveheader:file=/srv/mm/3rrr/work21Dec/ENS21Dec25.wav_1.wav http://realtime.rrr.org.au/p1h
2025-12-21 11:00:01,215	INFO	waiting for mplayer to start, count:0
2025-12-21 11:00:02,229	INFO	waiting for mplayer to create the wav file, count:0
2025-12-21 11:00:03,231	INFO	waiting for mplayer to create the wav file, count:1
2025-12-21 11:00:04,232	INFO	waiting for mplayer to create the wav file, count:2
2025-12-21 11:00:05,233	INFO	waiting for mplayer to create the wav file, count:3
2025-12-21 11:00:06,235	INFO	waiting for the wav file to grow, size:0
2025-12-21 11:00:07,254	INFO	sampling rate is 44100
2025-12-21 11:00:07,254	INFO	Status info: rc is 1  runtime is 0  remtime is 3720   fsize is 2162688
2025-12-21 12:02:10,953	INFO	Show ENS remaining time: 0
2025-12-21 12:02:15,967	INFO	sox cmd: sox /srv/mm/3rrr/work21Dec/ENS21Dec25.wav_1.wav /srv/mm/3rrr/work21Dec/ENS21Dec25.wav
2025-12-21 12:03:03,997	INFO	sox cmd: sox /srv/mm/3rrr/work21Dec/ENS21Dec25.wav -c1 -b16 /srv/mm/3rrr/work21Dec/Einstein-A-Go-Go-20251221.wav_mon.wav
2025-12-21 12:03:36,783	INFO	sox cmd: sox /srv/mm/3rrr/work21Dec/Einstein-A-Go-Go-20251221.wav /srv/mm/3rrr/work21Dec/Einstein-A-Go-Go-20251221.wav_loud.wav compand 0.01,1 -90,-90,-70,-70,-60,-20,0,0 -5
2025-12-21 12:04:04,504	INFO	lame cmd: lame --quiet -b 320 --add-id3v2 --ty 2025 --tt Einstein A Go Go - 21 December 2025 --tc Einstein A Go Go can be heard every Sunday at 11.00am on 3RRR FM 102.7 MHz in Melbourne, Australia (http://www.rrr.org.au). Visit our website for more information (http://www.rrr.org.au/program/einstein-a-go-go/). --tg Podcast --ta Einstein A Go Go --tl Triple R FM /srv/mm/3rrr/work21Dec/ENS21Dec25.wav /srv/mm/3rrr/work21Dec/ENS21Dec25.mp3
2025-12-21 12:08:18,845	INFO	lame cmd: lame --quiet --preset 64 --add-id3v2 --ty 2025 --tt Einstein A Go Go - 21 December 2025 --tc Einstein A Go Go can be heard every Sunday at 11.00am on 3RRR FM 102.7 MHz in Melbourne, Australia (http://www.rrr.org.au). Visit our website for more information (http://www.rrr.org.au/program/einstein-a-go-go/). --tg Speech --ta Triple R --tl Triple R /srv/mm/3rrr/work21Dec/Einstein-A-Go-Go-20251221.wav /srv/mm/3rrr/work21Dec/Einstein-A-Go-Go-20251221.mp3
2025-12-21 12:10:27,424	INFO	Removing stale latest directory /srv/mm/3rrr/latest/ENS/
2025-12-21 12:10:27,432	INFO	Copy the ENS show files to show and latest folders
2025-12-21 12:10:33,703	INFO	Local web server publishing of files started
2025-12-21 12:10:35,149	INFO	Removing old file /var/www/eagg/files/Einstein-A-Go-Go-20251207.mp3
2025-12-21 12:10:35,151	INFO	Removing old file /var/www/eagg/files/ENS07Dec25.log
2025-12-21 12:10:35,152	INFO	Delete local web server archive file /var/www/eagg/files/archive/Einstein-A-Go-Go-20251026.mp3
2025-12-21 12:10:35,153	INFO	Removing old file /var/www/eagg/files/archive/Einstein-A-Go-Go-20251026.mp3
2025-12-21 12:10:35,153	INFO	Github publishing of files started
