2026-01-25 11:00:06,934	INFO	Start main routine for show ENS25Jan26
2026-01-25 11:00:06,934	INFO	Removing old working directory /srv/mm/3rrr/work18Jan
2026-01-25 11:00:06,962	INFO	Removing old show directory /srv/mm/3rrr/show18Jan
2026-01-25 11:00:07,157	INFO	mplayer cmd: mplayer -endpos 01:02:00 -quiet -nocache -vo null -vc dummy -ao pcm:waveheader:file=/srv/mm/3rrr/work25Jan/ENS25Jan26.wav_1.wav http://realtime.rrr.org.au/p1h
2026-01-25 11:00:07,207	INFO	waiting for mplayer to start, count:0
2026-01-25 11:00:08,218	INFO	waiting for mplayer to create the wav file, count:0
2026-01-25 11:00:09,219	INFO	waiting for mplayer to create the wav file, count:1
2026-01-25 11:00:10,220	INFO	waiting for the wav file to grow, size:0
2026-01-25 11:00:11,240	INFO	sampling rate is 44100
2026-01-25 11:00:11,240	INFO	Status info: rc is 1  runtime is 0  remtime is 3720   fsize is 2097152
2026-01-25 12:02:14,898	INFO	Show ENS remaining time: 0
2026-01-25 12:02:19,905	INFO	sox cmd: sox /srv/mm/3rrr/work25Jan/ENS25Jan26.wav_1.wav /srv/mm/3rrr/work25Jan/ENS25Jan26.wav
2026-01-25 12:03:07,841	INFO	sox cmd: sox /srv/mm/3rrr/work25Jan/ENS25Jan26.wav -c1 -b16 /srv/mm/3rrr/work25Jan/Einstein-A-Go-Go-20260125.wav_mon.wav
2026-01-25 12:03:41,213	INFO	sox cmd: sox /srv/mm/3rrr/work25Jan/Einstein-A-Go-Go-20260125.wav /srv/mm/3rrr/work25Jan/Einstein-A-Go-Go-20260125.wav_loud.wav compand 0.01,1 -90,-90,-70,-70,-60,-20,0,0 -5
2026-01-25 12:04:09,605	INFO	lame cmd: lame --quiet -b 320 --add-id3v2 --ty 2026 --tt Einstein A Go Go - 25 January 2026 --tc Einstein A Go Go can be heard every Sunday at 11.00am on 3RRR FM 102.7 MHz in Melbourne, Australia (http://www.rrr.org.au). Visit our website for more information (http://www.rrr.org.au/program/einstein-a-go-go/). --tg Podcast --ta Einstein A Go Go --tl Triple R FM /srv/mm/3rrr/work25Jan/ENS25Jan26.wav /srv/mm/3rrr/work25Jan/ENS25Jan26.mp3
2026-01-25 12:08:25,253	INFO	lame cmd: lame --quiet --preset 64 --add-id3v2 --ty 2026 --tt Einstein A Go Go - 25 January 2026 --tc Einstein A Go Go can be heard every Sunday at 11.00am on 3RRR FM 102.7 MHz in Melbourne, Australia (http://www.rrr.org.au). Visit our website for more information (http://www.rrr.org.au/program/einstein-a-go-go/). --tg Speech --ta Triple R --tl Triple R /srv/mm/3rrr/work25Jan/Einstein-A-Go-Go-20260125.wav /srv/mm/3rrr/work25Jan/Einstein-A-Go-Go-20260125.mp3
2026-01-25 12:10:28,245	INFO	Removing stale latest directory /srv/mm/3rrr/latest/ENS/
2026-01-25 12:10:28,253	INFO	Copy the ENS show files to show and latest folders
2026-01-25 12:10:34,526	INFO	Local web server publishing of files started
2026-01-25 12:10:35,833	INFO	Removing old file /var/www/eagg/files/Einstein-A-Go-Go-20260111.mp3
2026-01-25 12:10:35,835	INFO	Removing old file /var/www/eagg/files/ENS11Jan26.log
2026-01-25 12:10:35,836	INFO	Delete local web server archive file /var/www/eagg/files/archive/Einstein-A-Go-Go-20251130.mp3
2026-01-25 12:10:35,836	INFO	Removing old file /var/www/eagg/files/archive/Einstein-A-Go-Go-20251130.mp3
2026-01-25 12:10:35,838	INFO	Github publishing of files started
