2023-07-23 11:00:03,716	INFO	Start main routine for show ENS23Jul23
2023-07-23 11:00:03,716	INFO	Removing old working directory /srv/mm/3rrr/work16Jul
2023-07-23 11:00:03,722	INFO	Removing old show directory /srv/mm/3rrr/show16Jul
2023-07-23 11:00:03,804	INFO	mplayer cmd: mplayer -endpos 01:02:00 -quiet -nocache -vo null -vc dummy -ao pcm:waveheader:file=/srv/mm/3rrr/work23Jul/ENS23Jul23.wav_1.wav http://realtime.rrr.org.au/p1h
2023-07-23 11:00:03,808	INFO	waiting for mplayer to start, count:0
2023-07-23 11:00:04,818	INFO	waiting for mplayer to create the wav file, count:0
2023-07-23 11:00:05,820	INFO	waiting for the wav file to grow, size:0
2023-07-23 11:00:06,843	INFO	sampling rate is 44100
2023-07-23 11:00:06,844	INFO	Status info: rc is 1  runtime is 0  remtime is 3720   fsize is 1966080
2023-07-23 12:02:10,395	INFO	Show ENS remaining time: 0
2023-07-23 12:02:15,402	INFO	sox cmd: sox /srv/mm/3rrr/work23Jul/ENS23Jul23.wav_1.wav /srv/mm/3rrr/work23Jul/ENS23Jul23.wav
2023-07-23 12:02:22,433	INFO	sox cmd: sox /srv/mm/3rrr/work23Jul/ENS23Jul23.wav -c1 -b16 /srv/mm/3rrr/work23Jul/Einstein-A-Go-Go-20230723.wav_mon.wav
2023-07-23 12:02:30,894	INFO	sox cmd: sox /srv/mm/3rrr/work23Jul/Einstein-A-Go-Go-20230723.wav /srv/mm/3rrr/work23Jul/Einstein-A-Go-Go-20230723.wav_loud.wav compand 0.01,1 -90,-90,-70,-70,-60,-20,0,0 -5
2023-07-23 12:02:40,157	INFO	lame cmd: lame --quiet -b 320 --add-id3v2 --ty 2023 --tt Einstein A Go Go - 23 July 2023 --tc Einstein A Go Go can be heard every Sunday at 11.00am on 3RRR FM 102.7 MHz in Melbourne, Australia (http://www.rrr.org.au). Visit our website for more information (http://www.rrr.org.au/program/einstein-a-go-go/). --tg Podcast --ta Einstein A Go Go --tl Triple R FM /srv/mm/3rrr/work23Jul/ENS23Jul23.wav /srv/mm/3rrr/work23Jul/ENS23Jul23.mp3
2023-07-23 12:04:00,640	INFO	lame cmd: lame --quiet --preset 64 --add-id3v2 --ty 2023 --tt Einstein A Go Go - 23 July 2023 --tc Einstein A Go Go can be heard every Sunday at 11.00am on 3RRR FM 102.7 MHz in Melbourne, Australia (http://www.rrr.org.au). Visit our website for more information (http://www.rrr.org.au/program/einstein-a-go-go/). --tg Speech --ta Triple R --tl Triple R /srv/mm/3rrr/work23Jul/Einstein-A-Go-Go-20230723.wav /srv/mm/3rrr/work23Jul/Einstein-A-Go-Go-20230723.mp3
2023-07-23 12:05:09,010	INFO	Removing stale latest directory /srv/mm/3rrr/latest/ENS/
2023-07-23 12:05:09,019	INFO	Copy the ENS show files to show and latest folders
2023-07-23 12:05:09,622	INFO	Local web server publishing of files started
2023-07-23 12:05:09,660	INFO	Removing old file /var/www/eagg/files/Einstein-A-Go-Go-20230709.mp3
2023-07-23 12:05:09,661	INFO	Removing old file /var/www/eagg/files/ENS09Jul23.log
2023-07-23 12:05:09,661	INFO	Github publishing of files started
