2024-06-23 11:00:06,766	INFO	Start main routine for show ENS23Jun24
2024-06-23 11:00:06,766	INFO	Removing old working directory /srv/mm/3rrr/work16Jun
2024-06-23 11:00:06,780	INFO	Removing old show directory /srv/mm/3rrr/show16Jun
2024-06-23 11:00:06,970	INFO	mplayer cmd: mplayer -endpos 01:02:00 -quiet -nocache -vo null -vc dummy -ao pcm:waveheader:file=/srv/mm/3rrr/work23Jun/ENS23Jun24.wav_1.wav http://realtime.rrr.org.au/p1h
2024-06-23 11:00:07,063	INFO	waiting for mplayer to start, count:0
2024-06-23 11:00:08,075	INFO	waiting for mplayer to create the wav file, count:0
2024-06-23 11:00:09,076	INFO	waiting for mplayer to create the wav file, count:1
2024-06-23 11:00:10,079	INFO	waiting for the wav file to grow, size:0
2024-06-23 11:00:11,098	INFO	sampling rate is 44100
2024-06-23 11:00:11,098	INFO	Status info: rc is 1  runtime is 0  remtime is 3720   fsize is 1966080
2024-06-23 12:02:14,837	INFO	Show ENS remaining time: 0
2024-06-23 12:02:19,845	INFO	sox cmd: sox /srv/mm/3rrr/work23Jun/ENS23Jun24.wav_1.wav /srv/mm/3rrr/work23Jun/ENS23Jun24.wav
2024-06-23 12:03:07,419	INFO	sox cmd: sox /srv/mm/3rrr/work23Jun/ENS23Jun24.wav -c1 -b16 /srv/mm/3rrr/work23Jun/Einstein-A-Go-Go-20240623.wav_mon.wav
2024-06-23 12:03:41,481	INFO	sox cmd: sox /srv/mm/3rrr/work23Jun/Einstein-A-Go-Go-20240623.wav /srv/mm/3rrr/work23Jun/Einstein-A-Go-Go-20240623.wav_loud.wav compand 0.01,1 -90,-90,-70,-70,-60,-20,0,0 -5
2024-06-23 12:04:03,850	INFO	lame cmd: lame --quiet -b 320 --add-id3v2 --ty 2024 --tt Einstein A Go Go - 23 June 2024 --tc Einstein A Go Go can be heard every Sunday at 11.00am on 3RRR FM 102.7 MHz in Melbourne, Australia (http://www.rrr.org.au). Visit our website for more information (http://www.rrr.org.au/program/einstein-a-go-go/). --tg Podcast --ta Einstein A Go Go --tl Triple R FM /srv/mm/3rrr/work23Jun/ENS23Jun24.wav /srv/mm/3rrr/work23Jun/ENS23Jun24.mp3
2024-06-23 12:07:41,187	INFO	lame cmd: lame --quiet --preset 64 --add-id3v2 --ty 2024 --tt Einstein A Go Go - 23 June 2024 --tc Einstein A Go Go can be heard every Sunday at 11.00am on 3RRR FM 102.7 MHz in Melbourne, Australia (http://www.rrr.org.au). Visit our website for more information (http://www.rrr.org.au/program/einstein-a-go-go/). --tg Speech --ta Triple R --tl Triple R /srv/mm/3rrr/work23Jun/Einstein-A-Go-Go-20240623.wav /srv/mm/3rrr/work23Jun/Einstein-A-Go-Go-20240623.mp3
2024-06-23 12:09:27,659	INFO	Removing stale latest directory /srv/mm/3rrr/latest/ENS/
2024-06-23 12:09:27,662	INFO	Copy the ENS show files to show and latest folders
2024-06-23 12:09:32,673	INFO	Local web server publishing of files started
2024-06-23 12:09:34,162	INFO	Removing old file /var/www/eagg/files/Einstein-A-Go-Go-20240609.mp3
2024-06-23 12:09:34,266	INFO	Removing old file /var/www/eagg/files/ENS09Jun24.log
2024-06-23 12:09:34,266	INFO	Delete local web server archive file /var/www/eagg/files/archive/Einstein-A-Go-Go-20240428.mp3
2024-06-23 12:09:34,266	INFO	Github publishing of files started
