2025-04-20 11:00:03,623	INFO	Start main routine for show ENS20Apr25
2025-04-20 11:00:03,623	INFO	Removing old working directory /srv/mm/3rrr/work13Apr
2025-04-20 11:00:03,639	INFO	Removing old show directory /srv/mm/3rrr/show13Apr
2025-04-20 11:00:03,802	INFO	mplayer cmd: mplayer -endpos 01:02:00 -quiet -nocache -vo null -vc dummy -ao pcm:waveheader:file=/srv/mm/3rrr/work20Apr/ENS20Apr25.wav_1.wav http://realtime.rrr.org.au/p1h
2025-04-20 11:00:03,817	INFO	waiting for mplayer to start, count:0
2025-04-20 11:00:04,829	INFO	waiting for mplayer to create the wav file, count:0
2025-04-20 11:00:05,830	INFO	waiting for mplayer to create the wav file, count:1
2025-04-20 11:00:06,831	INFO	waiting for the wav file to grow, size:0
2025-04-20 11:00:07,833	INFO	waiting for the wav file to grow, size:1900544
2025-04-20 11:00:08,854	INFO	sampling rate is 44100
2025-04-20 11:00:08,854	INFO	Status info: rc is 1  runtime is 0  remtime is 3720   fsize is 2359296
2025-04-20 12:02:12,525	INFO	Show ENS remaining time: 0
2025-04-20 12:02:17,533	INFO	sox cmd: sox /srv/mm/3rrr/work20Apr/ENS20Apr25.wav_1.wav /srv/mm/3rrr/work20Apr/ENS20Apr25.wav
2025-04-20 12:03:04,722	INFO	sox cmd: sox /srv/mm/3rrr/work20Apr/ENS20Apr25.wav -c1 -b16 /srv/mm/3rrr/work20Apr/Einstein-A-Go-Go-20250420.wav_mon.wav
2025-04-20 12:03:39,022	INFO	sox cmd: sox /srv/mm/3rrr/work20Apr/Einstein-A-Go-Go-20250420.wav /srv/mm/3rrr/work20Apr/Einstein-A-Go-Go-20250420.wav_loud.wav compand 0.01,1 -90,-90,-70,-70,-60,-20,0,0 -5
2025-04-20 12:04:07,011	INFO	lame cmd: lame --quiet -b 320 --add-id3v2 --ty 2025 --tt Einstein A Go Go - 20 April 2025 --tc Einstein A Go Go can be heard every Sunday at 11.00am on 3RRR FM 102.7 MHz in Melbourne, Australia (http://www.rrr.org.au). Visit our website for more information (http://www.rrr.org.au/program/einstein-a-go-go/). --tg Podcast --ta Einstein A Go Go --tl Triple R FM /srv/mm/3rrr/work20Apr/ENS20Apr25.wav /srv/mm/3rrr/work20Apr/ENS20Apr25.mp3
2025-04-20 12:08:09,744	INFO	lame cmd: lame --quiet --preset 64 --add-id3v2 --ty 2025 --tt Einstein A Go Go - 20 April 2025 --tc Einstein A Go Go can be heard every Sunday at 11.00am on 3RRR FM 102.7 MHz in Melbourne, Australia (http://www.rrr.org.au). Visit our website for more information (http://www.rrr.org.au/program/einstein-a-go-go/). --tg Speech --ta Triple R --tl Triple R /srv/mm/3rrr/work20Apr/Einstein-A-Go-Go-20250420.wav /srv/mm/3rrr/work20Apr/Einstein-A-Go-Go-20250420.mp3
2025-04-20 12:10:19,754	INFO	Removing stale latest directory /srv/mm/3rrr/latest/ENS/
2025-04-20 12:10:19,806	INFO	Copy the ENS show files to show and latest folders
2025-04-20 12:10:26,246	INFO	Local web server publishing of files started
2025-04-20 12:10:27,541	INFO	Removing old file /var/www/eagg/files/Einstein-A-Go-Go-20250406.mp3
2025-04-20 12:10:27,593	INFO	Removing old file /var/www/eagg/files/ENS06Apr25.log
2025-04-20 12:10:27,594	INFO	Delete local web server archive file /var/www/eagg/files/archive/Einstein-A-Go-Go-20250223.mp3
2025-04-20 12:10:27,594	INFO	Removing old file /var/www/eagg/files/archive/Einstein-A-Go-Go-20250223.mp3
2025-04-20 12:10:27,618	INFO	Github publishing of files started
