2026-04-26 11:00:07,024	INFO	Start main routine for show ENS26Apr26
2026-04-26 11:00:07,024	INFO	Removing old working directory /srv/mm/3rrr/work19Apr
2026-04-26 11:00:07,063	INFO	Removing old show directory /srv/mm/3rrr/show19Apr
2026-04-26 11:00:07,220	INFO	mplayer cmd: mplayer -endpos 01:02:00 -quiet -nocache -vo null -vc dummy -ao pcm:waveheader:file=/srv/mm/3rrr/work26Apr/ENS26Apr26.wav_1.wav http://realtime.rrr.org.au/p1h
2026-04-26 11:00:07,235	INFO	waiting for mplayer to start, count:0
2026-04-26 11:00:08,245	INFO	waiting for mplayer to create the wav file, count:0
2026-04-26 11:00:09,247	INFO	waiting for mplayer to create the wav file, count:1
2026-04-26 11:00:10,248	INFO	waiting for the wav file to grow, size:0
2026-04-26 11:00:11,249	INFO	waiting for the wav file to grow, size:1900544
2026-04-26 11:00:12,266	INFO	sampling rate is 44100
2026-04-26 11:00:12,267	INFO	Status info: rc is 1  runtime is 0  remtime is 3720   fsize is 2228224
2026-04-26 12:02:16,007	INFO	Show ENS remaining time: 0
2026-04-26 12:02:21,016	INFO	sox cmd: sox /srv/mm/3rrr/work26Apr/ENS26Apr26.wav_1.wav /srv/mm/3rrr/work26Apr/ENS26Apr26.wav
2026-04-26 12:03:08,923	INFO	sox cmd: sox /srv/mm/3rrr/work26Apr/ENS26Apr26.wav -c1 -b16 /srv/mm/3rrr/work26Apr/Einstein-A-Go-Go-20260426.wav_mon.wav
2026-04-26 12:03:41,966	INFO	sox cmd: sox /srv/mm/3rrr/work26Apr/Einstein-A-Go-Go-20260426.wav /srv/mm/3rrr/work26Apr/Einstein-A-Go-Go-20260426.wav_loud.wav compand 0.01,1 -90,-90,-70,-70,-60,-20,0,0 -5
2026-04-26 12:04:09,591	INFO	lame cmd: lame --quiet -b 320 --add-id3v2 --ty 2026 --tt Einstein A Go Go - 26 April 2026 --tc Einstein A Go Go can be heard every Sunday at 11.00am on 3RRR FM 102.7 MHz in Melbourne, Australia (http://www.rrr.org.au). Visit our website for more information (http://www.rrr.org.au/program/einstein-a-go-go/). --tg Podcast --ta Einstein A Go Go --tl Triple R FM /srv/mm/3rrr/work26Apr/ENS26Apr26.wav /srv/mm/3rrr/work26Apr/ENS26Apr26.mp3
2026-04-26 12:08:13,503	INFO	lame cmd: lame --quiet --preset 64 --add-id3v2 --ty 2026 --tt Einstein A Go Go - 26 April 2026 --tc Einstein A Go Go can be heard every Sunday at 11.00am on 3RRR FM 102.7 MHz in Melbourne, Australia (http://www.rrr.org.au). Visit our website for more information (http://www.rrr.org.au/program/einstein-a-go-go/). --tg Speech --ta Triple R --tl Triple R /srv/mm/3rrr/work26Apr/Einstein-A-Go-Go-20260426.wav /srv/mm/3rrr/work26Apr/Einstein-A-Go-Go-20260426.mp3
2026-04-26 12:10:24,206	INFO	Removing stale latest directory /srv/mm/3rrr/latest/ENS/
2026-04-26 12:10:24,212	INFO	Copy the ENS show files to show and latest folders
2026-04-26 12:10:32,826	INFO	Local web server publishing of files started
2026-04-26 12:10:34,586	INFO	Removing old file /var/www/eagg/files/Einstein-A-Go-Go-20260412.mp3
2026-04-26 12:10:34,586	INFO	Removing old file /var/www/eagg/files/ENS12Apr26.log
2026-04-26 12:10:34,586	INFO	Delete local web server archive file /var/www/eagg/files/archive/Einstein-A-Go-Go-20260301.mp3
2026-04-26 12:10:34,608	INFO	Removing old file /var/www/eagg/files/archive/Einstein-A-Go-Go-20260301.mp3
2026-04-26 12:10:34,608	INFO	Github publishing of files started
