2024-04-21 11:00:02,243	INFO	Start main routine for show ENS21Apr24
2024-04-21 11:00:02,243	INFO	Removing old working directory /srv/mm/3rrr/work14Apr
2024-04-21 11:00:02,249	INFO	Removing old show directory /srv/mm/3rrr/show14Apr
2024-04-21 11:00:02,345	INFO	mplayer cmd: mplayer -endpos 01:02:00 -quiet -nocache -vo null -vc dummy -ao pcm:waveheader:file=/srv/mm/3rrr/work21Apr/ENS21Apr24.wav_1.wav http://realtime.rrr.org.au/p1h
2024-04-21 11:00:02,349	INFO	waiting for mplayer to start, count:0
2024-04-21 11:00:03,358	INFO	waiting for the wav file to grow, size:0
2024-04-21 11:00:04,359	INFO	waiting for the wav file to grow, size:1703936
2024-04-21 11:00:05,394	INFO	sampling rate is 44100
2024-04-21 11:00:05,394	INFO	Status info: rc is 1  runtime is 0  remtime is 3720   fsize is 2097152
2024-04-21 12:02:08,879	INFO	Show ENS remaining time: 0
2024-04-21 12:02:13,887	INFO	sox cmd: sox /srv/mm/3rrr/work21Apr/ENS21Apr24.wav_1.wav /srv/mm/3rrr/work21Apr/ENS21Apr24.wav
2024-04-21 12:02:21,176	INFO	sox cmd: sox /srv/mm/3rrr/work21Apr/ENS21Apr24.wav -c1 -b16 /srv/mm/3rrr/work21Apr/Einstein-A-Go-Go-20240421.wav_mon.wav
2024-04-21 12:02:29,732	INFO	sox cmd: sox /srv/mm/3rrr/work21Apr/Einstein-A-Go-Go-20240421.wav /srv/mm/3rrr/work21Apr/Einstein-A-Go-Go-20240421.wav_loud.wav compand 0.01,1 -90,-90,-70,-70,-60,-20,0,0 -5
2024-04-21 12:02:38,358	INFO	lame cmd: lame --quiet -b 320 --add-id3v2 --ty 2024 --tt Einstein A Go Go - 21 April 2024 --tc Einstein A Go Go can be heard every Sunday at 11.00am on 3RRR FM 102.7 MHz in Melbourne, Australia (http://www.rrr.org.au). Visit our website for more information (http://www.rrr.org.au/program/einstein-a-go-go/). --tg Podcast --ta Einstein A Go Go --tl Triple R FM /srv/mm/3rrr/work21Apr/ENS21Apr24.wav /srv/mm/3rrr/work21Apr/ENS21Apr24.mp3
2024-04-21 12:03:58,144	INFO	lame cmd: lame --quiet --preset 64 --add-id3v2 --ty 2024 --tt Einstein A Go Go - 21 April 2024 --tc Einstein A Go Go can be heard every Sunday at 11.00am on 3RRR FM 102.7 MHz in Melbourne, Australia (http://www.rrr.org.au). Visit our website for more information (http://www.rrr.org.au/program/einstein-a-go-go/). --tg Speech --ta Triple R --tl Triple R /srv/mm/3rrr/work21Apr/Einstein-A-Go-Go-20240421.wav /srv/mm/3rrr/work21Apr/Einstein-A-Go-Go-20240421.mp3
2024-04-21 12:05:09,445	INFO	Removing stale latest directory /srv/mm/3rrr/latest/ENS/
2024-04-21 12:05:09,465	INFO	Copy the ENS show files to show and latest folders
2024-04-21 12:05:09,770	INFO	Local web server publishing of files started
2024-04-21 12:05:09,802	INFO	Removing old file /var/www/eagg/files/Einstein-A-Go-Go-20240407.mp3
2024-04-21 12:05:09,803	INFO	Removing old file /var/www/eagg/files/ENS07Apr24.log
2024-04-21 12:05:09,803	INFO	Github publishing of files started
