2025-06-22 11:00:06,944	INFO	Start main routine for show ENS22Jun25
2025-06-22 11:00:06,944	INFO	Removing old working directory /srv/mm/3rrr/work15Jun
2025-06-22 11:00:06,962	INFO	Removing old show directory /srv/mm/3rrr/show15Jun
2025-06-22 11:00:07,136	INFO	mplayer cmd: mplayer -endpos 01:02:00 -quiet -nocache -vo null -vc dummy -ao pcm:waveheader:file=/srv/mm/3rrr/work22Jun/ENS22Jun25.wav_1.wav http://realtime.rrr.org.au/p1h
2025-06-22 11:00:07,207	INFO	waiting for mplayer to start, count:0
2025-06-22 11:00:08,223	INFO	waiting for mplayer to create the wav file, count:0
2025-06-22 11:00:09,224	INFO	waiting for the wav file to grow, size:0
2025-06-22 11:00:10,225	INFO	waiting for the wav file to grow, size:1703936
2025-06-22 11:00:11,247	INFO	sampling rate is 44100
2025-06-22 11:00:11,247	INFO	Status info: rc is 1  runtime is 0  remtime is 3720   fsize is 2097152
2025-06-22 12:02:14,919	INFO	Show ENS remaining time: 0
2025-06-22 12:02:19,928	INFO	sox cmd: sox /srv/mm/3rrr/work22Jun/ENS22Jun25.wav_1.wav /srv/mm/3rrr/work22Jun/ENS22Jun25.wav
2025-06-22 12:03:07,319	INFO	sox cmd: sox /srv/mm/3rrr/work22Jun/ENS22Jun25.wav -c1 -b16 /srv/mm/3rrr/work22Jun/Einstein-A-Go-Go-20250622.wav_mon.wav
2025-06-22 12:03:40,123	INFO	sox cmd: sox /srv/mm/3rrr/work22Jun/Einstein-A-Go-Go-20250622.wav /srv/mm/3rrr/work22Jun/Einstein-A-Go-Go-20250622.wav_loud.wav compand 0.01,1 -90,-90,-70,-70,-60,-20,0,0 -5
2025-06-22 12:04:07,734	INFO	lame cmd: lame --quiet -b 320 --add-id3v2 --ty 2025 --tt Einstein A Go Go - 22 June 2025 --tc Einstein A Go Go can be heard every Sunday at 11.00am on 3RRR FM 102.7 MHz in Melbourne, Australia (http://www.rrr.org.au). Visit our website for more information (http://www.rrr.org.au/program/einstein-a-go-go/). --tg Podcast --ta Einstein A Go Go --tl Triple R FM /srv/mm/3rrr/work22Jun/ENS22Jun25.wav /srv/mm/3rrr/work22Jun/ENS22Jun25.mp3
2025-06-22 12:08:11,023	INFO	lame cmd: lame --quiet --preset 64 --add-id3v2 --ty 2025 --tt Einstein A Go Go - 22 June 2025 --tc Einstein A Go Go can be heard every Sunday at 11.00am on 3RRR FM 102.7 MHz in Melbourne, Australia (http://www.rrr.org.au). Visit our website for more information (http://www.rrr.org.au/program/einstein-a-go-go/). --tg Speech --ta Triple R --tl Triple R /srv/mm/3rrr/work22Jun/Einstein-A-Go-Go-20250622.wav /srv/mm/3rrr/work22Jun/Einstein-A-Go-Go-20250622.mp3
2025-06-22 12:10:18,221	INFO	Removing stale latest directory /srv/mm/3rrr/latest/ENS/
2025-06-22 12:10:18,225	INFO	Copy the ENS show files to show and latest folders
2025-06-22 12:10:23,880	INFO	Local web server publishing of files started
2025-06-22 12:10:25,066	INFO	Removing old file /var/www/eagg/files/Einstein-A-Go-Go-20250608.mp3
2025-06-22 12:10:25,071	INFO	Removing old file /var/www/eagg/files/ENS08Jun25.log
2025-06-22 12:10:25,094	INFO	Delete local web server archive file /var/www/eagg/files/archive/Einstein-A-Go-Go-20250427.mp3
2025-06-22 12:10:25,094	INFO	Removing old file /var/www/eagg/files/archive/Einstein-A-Go-Go-20250427.mp3
2025-06-22 12:10:25,114	INFO	Github publishing of files started
