2023-10-29 11:00:08,559	INFO	Start main routine for show ENS29Oct23
2023-10-29 11:00:08,559	INFO	Removing old working directory /srv/mm/3rrr/work22Oct
2023-10-29 11:00:08,601	INFO	Removing old show directory /srv/mm/3rrr/show22Oct
2023-10-29 11:00:08,682	INFO	mplayer cmd: mplayer -endpos 01:02:00 -quiet -nocache -vo null -vc dummy -ao pcm:waveheader:file=/srv/mm/3rrr/work29Oct/ENS29Oct23.wav_1.wav http://realtime.rrr.org.au/p1h
2023-10-29 11:00:08,685	INFO	waiting for mplayer to start, count:0
2023-10-29 11:00:09,691	INFO	waiting for mplayer to create the wav file, count:0
2023-10-29 11:00:10,692	INFO	waiting for the wav file to grow, size:0
2023-10-29 11:00:11,724	INFO	sampling rate is 44100
2023-10-29 11:00:11,724	INFO	Status info: rc is 1  runtime is 0  remtime is 3720   fsize is 1966080
2023-10-29 12:02:15,193	INFO	Show ENS remaining time: 0
2023-10-29 12:02:20,199	INFO	sox cmd: sox /srv/mm/3rrr/work29Oct/ENS29Oct23.wav_1.wav /srv/mm/3rrr/work29Oct/ENS29Oct23.wav
2023-10-29 12:02:46,130	INFO	sox cmd: sox /srv/mm/3rrr/work29Oct/ENS29Oct23.wav -c1 -b16 /srv/mm/3rrr/work29Oct/Einstein-A-Go-Go-20231029.wav_mon.wav
2023-10-29 12:03:17,257	INFO	sox cmd: sox /srv/mm/3rrr/work29Oct/Einstein-A-Go-Go-20231029.wav /srv/mm/3rrr/work29Oct/Einstein-A-Go-Go-20231029.wav_loud.wav compand 0.01,1 -90,-90,-70,-70,-60,-20,0,0 -5
2023-10-29 12:03:26,905	INFO	lame cmd: lame --quiet -b 320 --add-id3v2 --ty 2023 --tt Einstein A Go Go - 29 October 2023 --tc Einstein A Go Go can be heard every Sunday at 11.00am on 3RRR FM 102.7 MHz in Melbourne, Australia (http://www.rrr.org.au). Visit our website for more information (http://www.rrr.org.au/program/einstein-a-go-go/). --tg Podcast --ta Einstein A Go Go --tl Triple R FM /srv/mm/3rrr/work29Oct/ENS29Oct23.wav /srv/mm/3rrr/work29Oct/ENS29Oct23.mp3
2023-10-29 12:05:26,899	INFO	lame cmd: lame --quiet --preset 64 --add-id3v2 --ty 2023 --tt Einstein A Go Go - 29 October 2023 --tc Einstein A Go Go can be heard every Sunday at 11.00am on 3RRR FM 102.7 MHz in Melbourne, Australia (http://www.rrr.org.au). Visit our website for more information (http://www.rrr.org.au/program/einstein-a-go-go/). --tg Speech --ta Triple R --tl Triple R /srv/mm/3rrr/work29Oct/Einstein-A-Go-Go-20231029.wav /srv/mm/3rrr/work29Oct/Einstein-A-Go-Go-20231029.mp3
2023-10-29 12:06:32,059	INFO	Removing stale latest directory /srv/mm/3rrr/latest/ENS/
2023-10-29 12:06:32,065	INFO	Copy the ENS show files to show and latest folders
2023-10-29 12:06:32,535	INFO	Local web server publishing of files started
2023-10-29 12:06:32,579	INFO	Removing old file /var/www/eagg/files/Einstein-A-Go-Go-20231015.mp3
2023-10-29 12:06:32,580	INFO	Removing old file /var/www/eagg/files/ENS15Oct23.log
2023-10-29 12:06:32,580	INFO	Github publishing of files started
