2023-08-20 11:00:03,470	INFO	Start main routine for show ENS20Aug23
2023-08-20 11:00:03,470	INFO	Removing old working directory /srv/mm/3rrr/work13Aug
2023-08-20 11:00:03,481	INFO	Removing old show directory /srv/mm/3rrr/show13Aug
2023-08-20 11:00:03,559	INFO	mplayer cmd: mplayer -endpos 01:02:00 -quiet -nocache -vo null -vc dummy -ao pcm:waveheader:file=/srv/mm/3rrr/work20Aug/ENS20Aug23.wav_1.wav http://realtime.rrr.org.au/p1h
2023-08-20 11:00:03,565	INFO	waiting for mplayer to start, count:0
2023-08-20 11:00:04,576	INFO	waiting for mplayer to create the wav file, count:0
2023-08-20 11:00:05,577	INFO	waiting for the wav file to grow, size:0
2023-08-20 11:00:06,579	INFO	waiting for the wav file to grow, size:1835008
2023-08-20 11:00:07,608	INFO	sampling rate is 44100
2023-08-20 11:00:07,608	INFO	Status info: rc is 1  runtime is 0  remtime is 3720   fsize is 2293760
2023-08-20 12:02:11,152	INFO	Show ENS remaining time: 0
2023-08-20 12:02:16,164	INFO	sox cmd: sox /srv/mm/3rrr/work20Aug/ENS20Aug23.wav_1.wav /srv/mm/3rrr/work20Aug/ENS20Aug23.wav
2023-08-20 12:02:23,199	INFO	sox cmd: sox /srv/mm/3rrr/work20Aug/ENS20Aug23.wav -c1 -b16 /srv/mm/3rrr/work20Aug/Einstein-A-Go-Go-20230820.wav_mon.wav
2023-08-20 12:02:39,691	INFO	sox cmd: sox /srv/mm/3rrr/work20Aug/Einstein-A-Go-Go-20230820.wav /srv/mm/3rrr/work20Aug/Einstein-A-Go-Go-20230820.wav_loud.wav compand 0.01,1 -90,-90,-70,-70,-60,-20,0,0 -5
2023-08-20 12:02:49,144	INFO	lame cmd: lame --quiet -b 320 --add-id3v2 --ty 2023 --tt Einstein A Go Go - 20 August 2023 --tc Einstein A Go Go can be heard every Sunday at 11.00am on 3RRR FM 102.7 MHz in Melbourne, Australia (http://www.rrr.org.au). Visit our website for more information (http://www.rrr.org.au/program/einstein-a-go-go/). --tg Podcast --ta Einstein A Go Go --tl Triple R FM /srv/mm/3rrr/work20Aug/ENS20Aug23.wav /srv/mm/3rrr/work20Aug/ENS20Aug23.mp3
2023-08-20 12:04:05,746	INFO	lame cmd: lame --quiet --preset 64 --add-id3v2 --ty 2023 --tt Einstein A Go Go - 20 August 2023 --tc Einstein A Go Go can be heard every Sunday at 11.00am on 3RRR FM 102.7 MHz in Melbourne, Australia (http://www.rrr.org.au). Visit our website for more information (http://www.rrr.org.au/program/einstein-a-go-go/). --tg Speech --ta Triple R --tl Triple R /srv/mm/3rrr/work20Aug/Einstein-A-Go-Go-20230820.wav /srv/mm/3rrr/work20Aug/Einstein-A-Go-Go-20230820.mp3
2023-08-20 12:05:17,811	INFO	Removing stale latest directory /srv/mm/3rrr/latest/ENS/
2023-08-20 12:05:17,814	INFO	Copy the ENS show files to show and latest folders
2023-08-20 12:05:18,697	INFO	Local web server publishing of files started
2023-08-20 12:05:18,835	INFO	Removing old file /var/www/eagg/files/Einstein-A-Go-Go-20230806.mp3
2023-08-20 12:05:18,867	INFO	Removing old file /var/www/eagg/files/ENS06Aug23.log
2023-08-20 12:05:18,881	INFO	Github publishing of files started
