2026-06-21 11:00:06,935	INFO	Start main routine for show ENS21Jun26
2026-06-21 11:00:06,936	INFO	Removing old working directory /srv/mm/3rrr/work14Jun
2026-06-21 11:00:06,966	INFO	Removing old show directory /srv/mm/3rrr/show14Jun
2026-06-21 11:00:07,157	INFO	mplayer cmd: mplayer -endpos 01:02:00 -quiet -nocache -vo null -vc dummy -ao pcm:waveheader:file=/srv/mm/3rrr/work21Jun/ENS21Jun26.wav_1.wav http://realtime.rrr.org.au/p1h
2026-06-21 11:00:07,210	INFO	waiting for mplayer to start, count:0
2026-06-21 11:00:08,222	INFO	waiting for mplayer to create the wav file, count:0
2026-06-21 11:00:09,223	INFO	waiting for the wav file to grow, size:0
2026-06-21 11:00:10,224	INFO	waiting for the wav file to grow, size:1703936
2026-06-21 11:00:11,246	INFO	sampling rate is 44100
2026-06-21 11:00:11,247	INFO	Status info: rc is 1  runtime is 0  remtime is 3720   fsize is 2031616
2026-06-21 12:02:14,950	INFO	Show ENS remaining time: 0
2026-06-21 12:02:19,958	INFO	sox cmd: sox /srv/mm/3rrr/work21Jun/ENS21Jun26.wav_1.wav /srv/mm/3rrr/work21Jun/ENS21Jun26.wav
2026-06-21 12:03:07,518	INFO	sox cmd: sox /srv/mm/3rrr/work21Jun/ENS21Jun26.wav -c1 -b16 /srv/mm/3rrr/work21Jun/Einstein-A-Go-Go-20260621.wav_mon.wav
2026-06-21 12:03:40,884	INFO	sox cmd: sox /srv/mm/3rrr/work21Jun/Einstein-A-Go-Go-20260621.wav /srv/mm/3rrr/work21Jun/Einstein-A-Go-Go-20260621.wav_loud.wav compand 0.01,1 -90,-90,-70,-70,-60,-20,0,0 -5
2026-06-21 12:04:08,539	INFO	lame cmd: lame --quiet -b 320 --add-id3v2 --ty 2026 --tt Einstein A Go Go - 21 June 2026 --tc Einstein A Go Go can be heard every Sunday at 11.00am on 3RRR FM 102.7 MHz in Melbourne, Australia (http://www.rrr.org.au). Visit our website for more information (http://www.rrr.org.au/program/einstein-a-go-go/). --tg Podcast --ta Einstein A Go Go --tl Triple R FM /srv/mm/3rrr/work21Jun/ENS21Jun26.wav /srv/mm/3rrr/work21Jun/ENS21Jun26.mp3
2026-06-21 12:08:08,239	INFO	lame cmd: lame --quiet --preset 64 --add-id3v2 --ty 2026 --tt Einstein A Go Go - 21 June 2026 --tc Einstein A Go Go can be heard every Sunday at 11.00am on 3RRR FM 102.7 MHz in Melbourne, Australia (http://www.rrr.org.au). Visit our website for more information (http://www.rrr.org.au/program/einstein-a-go-go/). --tg Speech --ta Triple R --tl Triple R /srv/mm/3rrr/work21Jun/Einstein-A-Go-Go-20260621.wav /srv/mm/3rrr/work21Jun/Einstein-A-Go-Go-20260621.mp3
2026-06-21 12:10:19,535	INFO	Removing stale latest directory /srv/mm/3rrr/latest/ENS/
2026-06-21 12:10:19,543	INFO	Copy the ENS show files to show and latest folders
2026-06-21 12:10:28,214	INFO	Local web server publishing of files started
2026-06-21 12:10:29,778	INFO	Removing old file /var/www/eagg/files/Einstein-A-Go-Go-20260607.mp3
2026-06-21 12:10:29,819	INFO	Removing old file /var/www/eagg/files/ENS07Jun26.log
2026-06-21 12:10:29,820	INFO	Delete local web server archive file /var/www/eagg/files/archive/Einstein-A-Go-Go-20260426.mp3
2026-06-21 12:10:29,820	INFO	Removing old file /var/www/eagg/files/archive/Einstein-A-Go-Go-20260426.mp3
2026-06-21 12:10:29,820	INFO	Github publishing of files started
