2024-08-25 11:00:09,562	INFO	Start main routine for show ENS25Aug24
2024-08-25 11:00:09,564	INFO	Removing old working directory /srv/mm/3rrr/work18Aug
2024-08-25 11:00:09,583	INFO	Removing old show directory /srv/mm/3rrr/show18Aug
2024-08-25 11:00:09,787	INFO	mplayer cmd: mplayer -endpos 01:02:00 -quiet -nocache -vo null -vc dummy -ao pcm:waveheader:file=/srv/mm/3rrr/work25Aug/ENS25Aug24.wav_1.wav http://realtime.rrr.org.au/p1h
2024-08-25 11:00:09,848	INFO	waiting for mplayer to start, count:0
2024-08-25 11:00:10,859	INFO	waiting for mplayer to create the wav file, count:0
2024-08-25 11:00:11,860	INFO	waiting for the wav file to grow, size:0
2024-08-25 11:00:12,861	INFO	waiting for the wav file to grow, size:1703936
2024-08-25 11:00:13,884	INFO	sampling rate is 44100
2024-08-25 11:00:13,884	INFO	Status info: rc is 1  runtime is 0  remtime is 3720   fsize is 2097152
2024-08-25 12:02:17,653	INFO	Show ENS remaining time: 0
2024-08-25 12:02:22,659	INFO	sox cmd: sox /srv/mm/3rrr/work25Aug/ENS25Aug24.wav_1.wav /srv/mm/3rrr/work25Aug/ENS25Aug24.wav
2024-08-25 12:03:09,930	INFO	sox cmd: sox /srv/mm/3rrr/work25Aug/ENS25Aug24.wav -c1 -b16 /srv/mm/3rrr/work25Aug/Einstein-A-Go-Go-20240825.wav_mon.wav
2024-08-25 12:03:44,119	INFO	sox cmd: sox /srv/mm/3rrr/work25Aug/Einstein-A-Go-Go-20240825.wav /srv/mm/3rrr/work25Aug/Einstein-A-Go-Go-20240825.wav_loud.wav compand 0.01,1 -90,-90,-70,-70,-60,-20,0,0 -5
2024-08-25 12:04:06,485	INFO	lame cmd: lame --quiet -b 320 --add-id3v2 --ty 2024 --tt Einstein A Go Go - 25 August 2024 --tc Einstein A Go Go can be heard every Sunday at 11.00am on 3RRR FM 102.7 MHz in Melbourne, Australia (http://www.rrr.org.au). Visit our website for more information (http://www.rrr.org.au/program/einstein-a-go-go/). --tg Podcast --ta Einstein A Go Go --tl Triple R FM /srv/mm/3rrr/work25Aug/ENS25Aug24.wav /srv/mm/3rrr/work25Aug/ENS25Aug24.mp3
2024-08-25 12:07:44,954	INFO	lame cmd: lame --quiet --preset 64 --add-id3v2 --ty 2024 --tt Einstein A Go Go - 25 August 2024 --tc Einstein A Go Go can be heard every Sunday at 11.00am on 3RRR FM 102.7 MHz in Melbourne, Australia (http://www.rrr.org.au). Visit our website for more information (http://www.rrr.org.au/program/einstein-a-go-go/). --tg Speech --ta Triple R --tl Triple R /srv/mm/3rrr/work25Aug/Einstein-A-Go-Go-20240825.wav /srv/mm/3rrr/work25Aug/Einstein-A-Go-Go-20240825.mp3
2024-08-25 12:09:34,689	INFO	Removing stale latest directory /srv/mm/3rrr/latest/ENS/
2024-08-25 12:09:34,698	INFO	Copy the ENS show files to show and latest folders
2024-08-25 12:09:42,713	INFO	Local web server publishing of files started
2024-08-25 12:09:44,633	INFO	Removing old file /var/www/eagg/files/Einstein-A-Go-Go-20240811.mp3
2024-08-25 12:09:44,679	INFO	Removing old file /var/www/eagg/files/ENS11Aug24.log
2024-08-25 12:09:44,679	INFO	Delete local web server archive file /var/www/eagg/files/archive/Einstein-A-Go-Go-20240630.mp3
2024-08-25 12:09:44,679	INFO	Removing old file /var/www/eagg/files/archive/Einstein-A-Go-Go-20240630.mp3
2024-08-25 12:09:44,679	INFO	Github publishing of files started
