2025-02-23 11:00:03,208	INFO	Start main routine for show ENS23Feb25
2025-02-23 11:00:03,208	INFO	Removing old working directory /srv/mm/3rrr/work16Feb
2025-02-23 11:00:03,230	INFO	Removing old show directory /srv/mm/3rrr/show16Feb
2025-02-23 11:00:03,446	INFO	mplayer cmd: mplayer -endpos 01:02:00 -quiet -nocache -vo null -vc dummy -ao pcm:waveheader:file=/srv/mm/3rrr/work23Feb/ENS23Feb25.wav_1.wav http://realtime.rrr.org.au/p1h
2025-02-23 11:00:03,474	INFO	waiting for mplayer to start, count:0
2025-02-23 11:00:04,547	INFO	waiting for mplayer to create the wav file, count:0
2025-02-23 11:00:05,549	INFO	waiting for the wav file to grow, size:0
2025-02-23 11:00:06,550	INFO	waiting for the wav file to grow, size:1835008
2025-02-23 11:00:07,574	INFO	sampling rate is 44100
2025-02-23 11:00:07,574	INFO	Status info: rc is 1  runtime is 0  remtime is 3720   fsize is 2162688
2025-02-23 12:02:11,303	INFO	Show ENS remaining time: 0
2025-02-23 12:02:16,310	INFO	sox cmd: sox /srv/mm/3rrr/work23Feb/ENS23Feb25.wav_1.wav /srv/mm/3rrr/work23Feb/ENS23Feb25.wav
2025-02-23 12:03:04,098	INFO	sox cmd: sox /srv/mm/3rrr/work23Feb/ENS23Feb25.wav -c1 -b16 /srv/mm/3rrr/work23Feb/Einstein-A-Go-Go-20250223.wav_mon.wav
2025-02-23 12:03:37,790	INFO	sox cmd: sox /srv/mm/3rrr/work23Feb/Einstein-A-Go-Go-20250223.wav /srv/mm/3rrr/work23Feb/Einstein-A-Go-Go-20250223.wav_loud.wav compand 0.01,1 -90,-90,-70,-70,-60,-20,0,0 -5
2025-02-23 12:03:59,323	INFO	lame cmd: lame --quiet -b 320 --add-id3v2 --ty 2025 --tt Einstein A Go Go - 23 February 2025 --tc Einstein A Go Go can be heard every Sunday at 11.00am on 3RRR FM 102.7 MHz in Melbourne, Australia (http://www.rrr.org.au). Visit our website for more information (http://www.rrr.org.au/program/einstein-a-go-go/). --tg Podcast --ta Einstein A Go Go --tl Triple R FM /srv/mm/3rrr/work23Feb/ENS23Feb25.wav /srv/mm/3rrr/work23Feb/ENS23Feb25.mp3
2025-02-23 12:07:40,164	INFO	lame cmd: lame --quiet --preset 64 --add-id3v2 --ty 2025 --tt Einstein A Go Go - 23 February 2025 --tc Einstein A Go Go can be heard every Sunday at 11.00am on 3RRR FM 102.7 MHz in Melbourne, Australia (http://www.rrr.org.au). Visit our website for more information (http://www.rrr.org.au/program/einstein-a-go-go/). --tg Speech --ta Triple R --tl Triple R /srv/mm/3rrr/work23Feb/Einstein-A-Go-Go-20250223.wav /srv/mm/3rrr/work23Feb/Einstein-A-Go-Go-20250223.mp3
2025-02-23 12:09:29,383	INFO	Removing stale latest directory /srv/mm/3rrr/latest/ENS/
2025-02-23 12:09:29,389	INFO	Copy the ENS show files to show and latest folders
2025-02-23 12:09:35,112	INFO	Local web server publishing of files started
2025-02-23 12:09:36,184	INFO	Removing old file /var/www/eagg/files/Einstein-A-Go-Go-20250209.mp3
2025-02-23 12:09:36,189	INFO	Removing old file /var/www/eagg/files/ENS09Feb25.log
2025-02-23 12:09:36,191	INFO	Delete local web server archive file /var/www/eagg/files/archive/Einstein-A-Go-Go-20241229.mp3
2025-02-23 12:09:36,191	INFO	Removing old file /var/www/eagg/files/archive/Einstein-A-Go-Go-20241229.mp3
2025-02-23 12:09:36,220	INFO	Github publishing of files started
