2025-06-29 11:00:01,761	INFO	Start main routine for show ENS29Jun25
2025-06-29 11:00:01,761	INFO	Removing old working directory /srv/mm/3rrr/work22Jun
2025-06-29 11:00:01,844	INFO	Removing old show directory /srv/mm/3rrr/show22Jun
2025-06-29 11:00:02,017	INFO	mplayer cmd: mplayer -endpos 01:02:00 -quiet -nocache -vo null -vc dummy -ao pcm:waveheader:file=/srv/mm/3rrr/work29Jun/ENS29Jun25.wav_1.wav http://realtime.rrr.org.au/p1h
2025-06-29 11:00:02,030	INFO	waiting for mplayer to start, count:0
2025-06-29 11:00:03,041	INFO	waiting for mplayer to create the wav file, count:0
2025-06-29 11:00:04,042	INFO	waiting for mplayer to create the wav file, count:1
2025-06-29 11:00:05,043	INFO	waiting for the wav file to grow, size:0
2025-06-29 11:00:06,065	INFO	sampling rate is 44100
2025-06-29 11:00:06,065	INFO	Status info: rc is 1  runtime is 0  remtime is 3720   fsize is 2031616
2025-06-29 12:02:09,736	INFO	Show ENS remaining time: 0
2025-06-29 12:02:14,743	INFO	sox cmd: sox /srv/mm/3rrr/work29Jun/ENS29Jun25.wav_1.wav /srv/mm/3rrr/work29Jun/ENS29Jun25.wav
2025-06-29 12:03:02,392	INFO	sox cmd: sox /srv/mm/3rrr/work29Jun/ENS29Jun25.wav -c1 -b16 /srv/mm/3rrr/work29Jun/Einstein-A-Go-Go-20250629.wav_mon.wav
2025-06-29 12:03:35,969	INFO	sox cmd: sox /srv/mm/3rrr/work29Jun/Einstein-A-Go-Go-20250629.wav /srv/mm/3rrr/work29Jun/Einstein-A-Go-Go-20250629.wav_loud.wav compand 0.01,1 -90,-90,-70,-70,-60,-20,0,0 -5
2025-06-29 12:04:03,237	INFO	lame cmd: lame --quiet -b 320 --add-id3v2 --ty 2025 --tt Einstein A Go Go - 29 June 2025 --tc Einstein A Go Go can be heard every Sunday at 11.00am on 3RRR FM 102.7 MHz in Melbourne, Australia (http://www.rrr.org.au). Visit our website for more information (http://www.rrr.org.au/program/einstein-a-go-go/). --tg Podcast --ta Einstein A Go Go --tl Triple R FM /srv/mm/3rrr/work29Jun/ENS29Jun25.wav /srv/mm/3rrr/work29Jun/ENS29Jun25.mp3
2025-06-29 12:08:10,622	INFO	lame cmd: lame --quiet --preset 64 --add-id3v2 --ty 2025 --tt Einstein A Go Go - 29 June 2025 --tc Einstein A Go Go can be heard every Sunday at 11.00am on 3RRR FM 102.7 MHz in Melbourne, Australia (http://www.rrr.org.au). Visit our website for more information (http://www.rrr.org.au/program/einstein-a-go-go/). --tg Speech --ta Triple R --tl Triple R /srv/mm/3rrr/work29Jun/Einstein-A-Go-Go-20250629.wav /srv/mm/3rrr/work29Jun/Einstein-A-Go-Go-20250629.mp3
2025-06-29 12:10:19,242	INFO	Removing stale latest directory /srv/mm/3rrr/latest/ENS/
2025-06-29 12:10:19,247	INFO	Copy the ENS show files to show and latest folders
2025-06-29 12:10:24,998	INFO	Local web server publishing of files started
2025-06-29 12:10:26,423	INFO	Removing old file /var/www/eagg/files/Einstein-A-Go-Go-20250615.mp3
2025-06-29 12:10:26,423	INFO	Removing old file /var/www/eagg/files/ENS15Jun25.log
2025-06-29 12:10:26,461	INFO	Delete local web server archive file /var/www/eagg/files/archive/Einstein-A-Go-Go-20250504.mp3
2025-06-29 12:10:26,462	INFO	Removing old file /var/www/eagg/files/archive/Einstein-A-Go-Go-20250504.mp3
2025-06-29 12:10:26,462	INFO	Github publishing of files started
