2025-03-23 11:00:10,876	INFO	Start main routine for show ENS23Mar25
2025-03-23 11:00:10,878	INFO	Removing old working directory /srv/mm/3rrr/work16Mar
2025-03-23 11:00:10,890	INFO	Removing old show directory /srv/mm/3rrr/show16Mar
2025-03-23 11:00:11,071	INFO	mplayer cmd: mplayer -endpos 01:02:00 -quiet -nocache -vo null -vc dummy -ao pcm:waveheader:file=/srv/mm/3rrr/work23Mar/ENS23Mar25.wav_1.wav http://realtime.rrr.org.au/p1h
2025-03-23 11:00:11,147	INFO	waiting for mplayer to start, count:0
2025-03-23 11:00:12,165	INFO	waiting for mplayer to create the wav file, count:0
2025-03-23 11:00:13,167	INFO	waiting for mplayer to create the wav file, count:1
2025-03-23 11:00:14,169	INFO	waiting for the wav file to grow, size:0
2025-03-23 11:00:15,190	INFO	sampling rate is 44100
2025-03-23 11:00:15,190	INFO	Status info: rc is 1  runtime is 0  remtime is 3720   fsize is 2097152
2025-03-23 12:02:18,901	INFO	Show ENS remaining time: 0
2025-03-23 12:02:23,909	INFO	sox cmd: sox /srv/mm/3rrr/work23Mar/ENS23Mar25.wav_1.wav /srv/mm/3rrr/work23Mar/ENS23Mar25.wav
2025-03-23 12:03:10,993	INFO	sox cmd: sox /srv/mm/3rrr/work23Mar/ENS23Mar25.wav -c1 -b16 /srv/mm/3rrr/work23Mar/Einstein-A-Go-Go-20250323.wav_mon.wav
2025-03-23 12:03:44,268	INFO	sox cmd: sox /srv/mm/3rrr/work23Mar/Einstein-A-Go-Go-20250323.wav /srv/mm/3rrr/work23Mar/Einstein-A-Go-Go-20250323.wav_loud.wav compand 0.01,1 -90,-90,-70,-70,-60,-20,0,0 -5
2025-03-23 12:04:06,528	INFO	lame cmd: lame --quiet -b 320 --add-id3v2 --ty 2025 --tt Einstein A Go Go - 23 March 2025 --tc Einstein A Go Go can be heard every Sunday at 11.00am on 3RRR FM 102.7 MHz in Melbourne, Australia (http://www.rrr.org.au). Visit our website for more information (http://www.rrr.org.au/program/einstein-a-go-go/). --tg Podcast --ta Einstein A Go Go --tl Triple R FM /srv/mm/3rrr/work23Mar/ENS23Mar25.wav /srv/mm/3rrr/work23Mar/ENS23Mar25.mp3
2025-03-23 12:07:49,365	INFO	lame cmd: lame --quiet --preset 64 --add-id3v2 --ty 2025 --tt Einstein A Go Go - 23 March 2025 --tc Einstein A Go Go can be heard every Sunday at 11.00am on 3RRR FM 102.7 MHz in Melbourne, Australia (http://www.rrr.org.au). Visit our website for more information (http://www.rrr.org.au/program/einstein-a-go-go/). --tg Speech --ta Triple R --tl Triple R /srv/mm/3rrr/work23Mar/Einstein-A-Go-Go-20250323.wav /srv/mm/3rrr/work23Mar/Einstein-A-Go-Go-20250323.mp3
2025-03-23 12:09:40,990	INFO	Removing stale latest directory /srv/mm/3rrr/latest/ENS/
2025-03-23 12:09:40,996	INFO	Copy the ENS show files to show and latest folders
2025-03-23 12:09:49,082	INFO	Local web server publishing of files started
2025-03-23 12:09:51,003	INFO	Removing old file /var/www/eagg/files/Einstein-A-Go-Go-20250309.mp3
2025-03-23 12:09:51,004	INFO	Removing old file /var/www/eagg/files/ENS09Mar25.log
2025-03-23 12:09:51,004	INFO	Delete local web server archive file /var/www/eagg/files/archive/Einstein-A-Go-Go-20250126.mp3
2025-03-23 12:09:51,004	INFO	Removing old file /var/www/eagg/files/archive/Einstein-A-Go-Go-20250126.mp3
2025-03-23 12:09:51,091	INFO	Github publishing of files started
