2025-09-28 11:00:06,859	INFO	Start main routine for show ENS28Sep25
2025-09-28 11:00:06,859	INFO	Removing old working directory /srv/mm/3rrr/work21Sep
2025-09-28 11:00:06,915	INFO	Removing old show directory /srv/mm/3rrr/show21Sep
2025-09-28 11:00:07,043	INFO	mplayer cmd: mplayer -endpos 01:02:00 -quiet -nocache -vo null -vc dummy -ao pcm:waveheader:file=/srv/mm/3rrr/work28Sep/ENS28Sep25.wav_1.wav http://realtime.rrr.org.au/p1h
2025-09-28 11:00:07,113	INFO	waiting for mplayer to start, count:0
2025-09-28 11:00:08,125	INFO	waiting for mplayer to create the wav file, count:0
2025-09-28 11:00:09,127	INFO	waiting for mplayer to create the wav file, count:1
2025-09-28 11:00:10,128	INFO	waiting for the wav file to grow, size:0
2025-09-28 11:00:11,150	INFO	sampling rate is 44100
2025-09-28 11:00:11,150	INFO	Status info: rc is 1  runtime is 0  remtime is 3720   fsize is 1966080
2025-09-28 12:02:14,863	INFO	Show ENS remaining time: 0
2025-09-28 12:02:19,871	INFO	sox cmd: sox /srv/mm/3rrr/work28Sep/ENS28Sep25.wav_1.wav /srv/mm/3rrr/work28Sep/ENS28Sep25.wav
2025-09-28 12:03:07,073	INFO	sox cmd: sox /srv/mm/3rrr/work28Sep/ENS28Sep25.wav -c1 -b16 /srv/mm/3rrr/work28Sep/Einstein-A-Go-Go-20250928.wav_mon.wav
2025-09-28 12:03:40,139	INFO	sox cmd: sox /srv/mm/3rrr/work28Sep/Einstein-A-Go-Go-20250928.wav /srv/mm/3rrr/work28Sep/Einstein-A-Go-Go-20250928.wav_loud.wav compand 0.01,1 -90,-90,-70,-70,-60,-20,0,0 -5
2025-09-28 12:04:07,426	INFO	lame cmd: lame --quiet -b 320 --add-id3v2 --ty 2025 --tt Einstein A Go Go - 28 September 2025 --tc Einstein A Go Go can be heard every Sunday at 11.00am on 3RRR FM 102.7 MHz in Melbourne, Australia (http://www.rrr.org.au). Visit our website for more information (http://www.rrr.org.au/program/einstein-a-go-go/). --tg Podcast --ta Einstein A Go Go --tl Triple R FM /srv/mm/3rrr/work28Sep/ENS28Sep25.wav /srv/mm/3rrr/work28Sep/ENS28Sep25.mp3
2025-09-28 12:08:07,854	INFO	lame cmd: lame --quiet --preset 64 --add-id3v2 --ty 2025 --tt Einstein A Go Go - 28 September 2025 --tc Einstein A Go Go can be heard every Sunday at 11.00am on 3RRR FM 102.7 MHz in Melbourne, Australia (http://www.rrr.org.au). Visit our website for more information (http://www.rrr.org.au/program/einstein-a-go-go/). --tg Speech --ta Triple R --tl Triple R /srv/mm/3rrr/work28Sep/Einstein-A-Go-Go-20250928.wav /srv/mm/3rrr/work28Sep/Einstein-A-Go-Go-20250928.mp3
2025-09-28 12:10:22,918	INFO	Removing stale latest directory /srv/mm/3rrr/latest/ENS/
2025-09-28 12:10:22,926	INFO	Copy the ENS show files to show and latest folders
2025-09-28 12:10:31,443	INFO	Local web server publishing of files started
2025-09-28 12:10:32,996	INFO	Removing old file /var/www/eagg/files/Einstein-A-Go-Go-20250914.mp3
2025-09-28 12:10:33,331	INFO	Removing old file /var/www/eagg/files/ENS14Sep25.log
2025-09-28 12:10:33,331	INFO	Delete local web server archive file /var/www/eagg/files/archive/Einstein-A-Go-Go-20250803.mp3
2025-09-28 12:10:33,331	INFO	Removing old file /var/www/eagg/files/archive/Einstein-A-Go-Go-20250803.mp3
2025-09-28 12:10:33,379	INFO	Github publishing of files started
