2026-03-29 11:00:06,982	INFO	Start main routine for show ENS29Mar26
2026-03-29 11:00:06,982	INFO	Removing old working directory /srv/mm/3rrr/work22Mar
2026-03-29 11:00:07,015	INFO	Removing old show directory /srv/mm/3rrr/show22Mar
2026-03-29 11:00:07,223	INFO	mplayer cmd: mplayer -endpos 01:02:00 -quiet -nocache -vo null -vc dummy -ao pcm:waveheader:file=/srv/mm/3rrr/work29Mar/ENS29Mar26.wav_1.wav http://realtime.rrr.org.au/p1h
2026-03-29 11:00:07,236	INFO	waiting for mplayer to start, count:0
2026-03-29 11:00:08,246	INFO	waiting for mplayer to create the wav file, count:0
2026-03-29 11:00:09,247	INFO	waiting for mplayer to create the wav file, count:1
2026-03-29 11:00:10,248	INFO	waiting for the wav file to grow, size:0
2026-03-29 11:00:11,250	INFO	waiting for the wav file to grow, size:1900544
2026-03-29 11:00:12,265	INFO	sampling rate is 44100
2026-03-29 11:00:12,266	INFO	Status info: rc is 1  runtime is 0  remtime is 3720   fsize is 2228224
2026-03-29 12:02:15,933	INFO	Show ENS remaining time: 0
2026-03-29 12:02:20,942	INFO	sox cmd: sox /srv/mm/3rrr/work29Mar/ENS29Mar26.wav_1.wav /srv/mm/3rrr/work29Mar/ENS29Mar26.wav
2026-03-29 12:03:09,247	INFO	sox cmd: sox /srv/mm/3rrr/work29Mar/ENS29Mar26.wav -c1 -b16 /srv/mm/3rrr/work29Mar/Einstein-A-Go-Go-20260329.wav_mon.wav
2026-03-29 12:03:41,760	INFO	sox cmd: sox /srv/mm/3rrr/work29Mar/Einstein-A-Go-Go-20260329.wav /srv/mm/3rrr/work29Mar/Einstein-A-Go-Go-20260329.wav_loud.wav compand 0.01,1 -90,-90,-70,-70,-60,-20,0,0 -5
2026-03-29 12:04:09,324	INFO	lame cmd: lame --quiet -b 320 --add-id3v2 --ty 2026 --tt Einstein A Go Go - 29 March 2026 --tc Einstein A Go Go can be heard every Sunday at 11.00am on 3RRR FM 102.7 MHz in Melbourne, Australia (http://www.rrr.org.au). Visit our website for more information (http://www.rrr.org.au/program/einstein-a-go-go/). --tg Podcast --ta Einstein A Go Go --tl Triple R FM /srv/mm/3rrr/work29Mar/ENS29Mar26.wav /srv/mm/3rrr/work29Mar/ENS29Mar26.mp3
2026-03-29 12:08:14,325	INFO	lame cmd: lame --quiet --preset 64 --add-id3v2 --ty 2026 --tt Einstein A Go Go - 29 March 2026 --tc Einstein A Go Go can be heard every Sunday at 11.00am on 3RRR FM 102.7 MHz in Melbourne, Australia (http://www.rrr.org.au). Visit our website for more information (http://www.rrr.org.au/program/einstein-a-go-go/). --tg Speech --ta Triple R --tl Triple R /srv/mm/3rrr/work29Mar/Einstein-A-Go-Go-20260329.wav /srv/mm/3rrr/work29Mar/Einstein-A-Go-Go-20260329.mp3
2026-03-29 12:10:25,331	INFO	Removing stale latest directory /srv/mm/3rrr/latest/ENS/
2026-03-29 12:10:25,342	INFO	Copy the ENS show files to show and latest folders
2026-03-29 12:10:34,182	INFO	Local web server publishing of files started
2026-03-29 12:10:35,714	INFO	Removing old file /var/www/eagg/files/Einstein-A-Go-Go-20260315.mp3
2026-03-29 12:10:35,924	INFO	Removing old file /var/www/eagg/files/ENS15Mar26.log
2026-03-29 12:10:35,924	INFO	Delete local web server archive file /var/www/eagg/files/archive/Einstein-A-Go-Go-20260201.mp3
2026-03-29 12:10:35,927	INFO	Removing old file /var/www/eagg/files/archive/Einstein-A-Go-Go-20260201.mp3
2026-03-29 12:10:35,947	INFO	Github publishing of files started
