2024-09-29 11:00:16,994	INFO	Start main routine for show ENS29Sep24
2024-09-29 11:00:16,994	INFO	Removing old working directory /srv/mm/3rrr/work22Sep
2024-09-29 11:00:17,066	INFO	Removing old show directory /srv/mm/3rrr/show22Sep
2024-09-29 11:00:17,248	INFO	mplayer cmd: mplayer -endpos 01:02:00 -quiet -nocache -vo null -vc dummy -ao pcm:waveheader:file=/srv/mm/3rrr/work29Sep/ENS29Sep24.wav_1.wav http://realtime.rrr.org.au/p1h
2024-09-29 11:00:17,263	INFO	waiting for mplayer to start, count:0
2024-09-29 11:00:18,288	INFO	waiting for mplayer to create the wav file, count:0
2024-09-29 11:00:19,290	INFO	waiting for the wav file to grow, size:0
2024-09-29 11:00:20,291	INFO	waiting for the wav file to grow, size:1769472
2024-09-29 11:00:21,307	INFO	sampling rate is 44100
2024-09-29 11:00:21,307	INFO	Status info: rc is 1  runtime is 0  remtime is 3720   fsize is 2228224
2024-09-29 12:02:25,051	INFO	Show ENS remaining time: 0
2024-09-29 12:02:30,060	INFO	sox cmd: sox /srv/mm/3rrr/work29Sep/ENS29Sep24.wav_1.wav /srv/mm/3rrr/work29Sep/ENS29Sep24.wav
2024-09-29 12:03:17,541	INFO	sox cmd: sox /srv/mm/3rrr/work29Sep/ENS29Sep24.wav -c1 -b16 /srv/mm/3rrr/work29Sep/Einstein-A-Go-Go-20240929.wav_mon.wav
2024-09-29 12:03:51,893	INFO	sox cmd: sox /srv/mm/3rrr/work29Sep/Einstein-A-Go-Go-20240929.wav /srv/mm/3rrr/work29Sep/Einstein-A-Go-Go-20240929.wav_loud.wav compand 0.01,1 -90,-90,-70,-70,-60,-20,0,0 -5
2024-09-29 12:04:13,747	INFO	lame cmd: lame --quiet -b 320 --add-id3v2 --ty 2024 --tt Einstein A Go Go - 29 September 2024 --tc Einstein A Go Go can be heard every Sunday at 11.00am on 3RRR FM 102.7 MHz in Melbourne, Australia (http://www.rrr.org.au). Visit our website for more information (http://www.rrr.org.au/program/einstein-a-go-go/). --tg Podcast --ta Einstein A Go Go --tl Triple R FM /srv/mm/3rrr/work29Sep/ENS29Sep24.wav /srv/mm/3rrr/work29Sep/ENS29Sep24.mp3
2024-09-29 12:07:51,480	INFO	lame cmd: lame --quiet --preset 64 --add-id3v2 --ty 2024 --tt Einstein A Go Go - 29 September 2024 --tc Einstein A Go Go can be heard every Sunday at 11.00am on 3RRR FM 102.7 MHz in Melbourne, Australia (http://www.rrr.org.au). Visit our website for more information (http://www.rrr.org.au/program/einstein-a-go-go/). --tg Speech --ta Triple R --tl Triple R /srv/mm/3rrr/work29Sep/Einstein-A-Go-Go-20240929.wav /srv/mm/3rrr/work29Sep/Einstein-A-Go-Go-20240929.mp3
2024-09-29 12:09:39,074	INFO	Removing stale latest directory /srv/mm/3rrr/latest/ENS/
2024-09-29 12:09:39,080	INFO	Copy the ENS show files to show and latest folders
2024-09-29 12:09:44,646	INFO	Local web server publishing of files started
2024-09-29 12:09:46,143	INFO	Removing old file /var/www/eagg/files/Einstein-A-Go-Go-20240915.mp3
2024-09-29 12:09:46,143	INFO	Removing old file /var/www/eagg/files/ENS15Sep24.log
2024-09-29 12:09:46,144	INFO	Delete local web server archive file /var/www/eagg/files/archive/Einstein-A-Go-Go-20240804.mp3
2024-09-29 12:09:46,144	INFO	Removing old file /var/www/eagg/files/archive/Einstein-A-Go-Go-20240804.mp3
2024-09-29 12:09:46,145	INFO	Github publishing of files started
