2026-05-24 11:00:00,862	INFO	Start main routine for show ENS24May26
2026-05-24 11:00:00,862	INFO	Removing old working directory /srv/mm/3rrr/work17May
2026-05-24 11:00:00,917	INFO	Removing old show directory /srv/mm/3rrr/show17May
2026-05-24 11:00:01,036	INFO	mplayer cmd: mplayer -endpos 01:02:00 -quiet -nocache -vo null -vc dummy -ao pcm:waveheader:file=/srv/mm/3rrr/work24May/ENS24May26.wav_1.wav http://realtime.rrr.org.au/p1h
2026-05-24 11:00:01,106	INFO	waiting for mplayer to start, count:0
2026-05-24 11:00:02,120	INFO	waiting for mplayer to create the wav file, count:0
2026-05-24 11:00:03,121	INFO	waiting for mplayer to create the wav file, count:1
2026-05-24 11:00:04,122	INFO	waiting for mplayer to create the wav file, count:2
2026-05-24 11:00:05,124	INFO	waiting for mplayer to create the wav file, count:3
2026-05-24 11:00:06,125	INFO	waiting for the wav file to grow, size:0
2026-05-24 11:00:07,127	INFO	waiting for the wav file to grow, size:1835008
2026-05-24 11:00:08,143	INFO	sampling rate is 44100
2026-05-24 11:00:08,143	INFO	Status info: rc is 1  runtime is 0  remtime is 3720   fsize is 2228224
2026-05-24 12:02:11,834	INFO	Show ENS remaining time: 0
2026-05-24 12:02:16,842	INFO	sox cmd: sox /srv/mm/3rrr/work24May/ENS24May26.wav_1.wav /srv/mm/3rrr/work24May/ENS24May26.wav
2026-05-24 12:03:05,435	INFO	sox cmd: sox /srv/mm/3rrr/work24May/ENS24May26.wav -c1 -b16 /srv/mm/3rrr/work24May/Einstein-A-Go-Go-20260524.wav_mon.wav
2026-05-24 12:03:37,587	INFO	sox cmd: sox /srv/mm/3rrr/work24May/Einstein-A-Go-Go-20260524.wav /srv/mm/3rrr/work24May/Einstein-A-Go-Go-20260524.wav_loud.wav compand 0.01,1 -90,-90,-70,-70,-60,-20,0,0 -5
2026-05-24 12:04:05,321	INFO	lame cmd: lame --quiet -b 320 --add-id3v2 --ty 2026 --tt Einstein A Go Go - 24 May 2026 --tc Einstein A Go Go can be heard every Sunday at 11.00am on 3RRR FM 102.7 MHz in Melbourne, Australia (http://www.rrr.org.au). Visit our website for more information (http://www.rrr.org.au/program/einstein-a-go-go/). --tg Podcast --ta Einstein A Go Go --tl Triple R FM /srv/mm/3rrr/work24May/ENS24May26.wav /srv/mm/3rrr/work24May/ENS24May26.mp3
2026-05-24 12:08:10,850	INFO	lame cmd: lame --quiet --preset 64 --add-id3v2 --ty 2026 --tt Einstein A Go Go - 24 May 2026 --tc Einstein A Go Go can be heard every Sunday at 11.00am on 3RRR FM 102.7 MHz in Melbourne, Australia (http://www.rrr.org.au). Visit our website for more information (http://www.rrr.org.au/program/einstein-a-go-go/). --tg Speech --ta Triple R --tl Triple R /srv/mm/3rrr/work24May/Einstein-A-Go-Go-20260524.wav /srv/mm/3rrr/work24May/Einstein-A-Go-Go-20260524.mp3
2026-05-24 12:10:18,923	INFO	Removing stale latest directory /srv/mm/3rrr/latest/ENS/
2026-05-24 12:10:18,929	INFO	Copy the ENS show files to show and latest folders
2026-05-24 12:10:27,975	INFO	Local web server publishing of files started
2026-05-24 12:10:29,404	INFO	Removing old file /var/www/eagg/files/Einstein-A-Go-Go-20260510.mp3
2026-05-24 12:10:29,422	INFO	Removing old file /var/www/eagg/files/ENS10May26.log
2026-05-24 12:10:29,422	INFO	Delete local web server archive file /var/www/eagg/files/archive/Einstein-A-Go-Go-20260329.mp3
2026-05-24 12:10:29,422	INFO	Removing old file /var/www/eagg/files/archive/Einstein-A-Go-Go-20260329.mp3
2026-05-24 12:10:29,448	INFO	Github publishing of files started
