2023-09-24 11:00:04,471	INFO	Start main routine for show ENS24Sep23
2023-09-24 11:00:04,471	INFO	Removing old working directory /srv/mm/3rrr/work17Sep
2023-09-24 11:00:04,477	INFO	Removing old show directory /srv/mm/3rrr/show17Sep
2023-09-24 11:00:04,573	INFO	mplayer cmd: mplayer -endpos 01:02:00 -quiet -nocache -vo null -vc dummy -ao pcm:waveheader:file=/srv/mm/3rrr/work24Sep/ENS24Sep23.wav_1.wav http://realtime.rrr.org.au/p1h
2023-09-24 11:00:04,578	INFO	waiting for mplayer to start, count:0
2023-09-24 11:00:05,590	INFO	waiting for mplayer to create the wav file, count:0
2023-09-24 11:00:06,592	INFO	waiting for the wav file to grow, size:0
2023-09-24 11:00:07,622	INFO	sampling rate is 44100
2023-09-24 11:00:07,622	INFO	Status info: rc is 1  runtime is 0  remtime is 3720   fsize is 1966080
2023-09-24 12:02:11,128	INFO	Show ENS remaining time: 0
2023-09-24 12:02:16,137	INFO	sox cmd: sox /srv/mm/3rrr/work24Sep/ENS24Sep23.wav_1.wav /srv/mm/3rrr/work24Sep/ENS24Sep23.wav
2023-09-24 12:02:22,273	INFO	sox cmd: sox /srv/mm/3rrr/work24Sep/ENS24Sep23.wav -c1 -b16 /srv/mm/3rrr/work24Sep/Einstein-A-Go-Go-20230924.wav_mon.wav
2023-09-24 12:02:33,113	INFO	sox cmd: sox /srv/mm/3rrr/work24Sep/Einstein-A-Go-Go-20230924.wav /srv/mm/3rrr/work24Sep/Einstein-A-Go-Go-20230924.wav_loud.wav compand 0.01,1 -90,-90,-70,-70,-60,-20,0,0 -5
2023-09-24 12:02:54,956	INFO	lame cmd: lame --quiet -b 320 --add-id3v2 --ty 2023 --tt Einstein A Go Go - 24 September 2023 --tc Einstein A Go Go can be heard every Sunday at 11.00am on 3RRR FM 102.7 MHz in Melbourne, Australia (http://www.rrr.org.au). Visit our website for more information (http://www.rrr.org.au/program/einstein-a-go-go/). --tg Podcast --ta Einstein A Go Go --tl Triple R FM /srv/mm/3rrr/work24Sep/ENS24Sep23.wav /srv/mm/3rrr/work24Sep/ENS24Sep23.mp3
2023-09-24 12:04:13,703	INFO	lame cmd: lame --quiet --preset 64 --add-id3v2 --ty 2023 --tt Einstein A Go Go - 24 September 2023 --tc Einstein A Go Go can be heard every Sunday at 11.00am on 3RRR FM 102.7 MHz in Melbourne, Australia (http://www.rrr.org.au). Visit our website for more information (http://www.rrr.org.au/program/einstein-a-go-go/). --tg Speech --ta Triple R --tl Triple R /srv/mm/3rrr/work24Sep/Einstein-A-Go-Go-20230924.wav /srv/mm/3rrr/work24Sep/Einstein-A-Go-Go-20230924.mp3
2023-09-24 12:05:23,185	INFO	Removing stale latest directory /srv/mm/3rrr/latest/ENS/
2023-09-24 12:05:23,189	INFO	Copy the ENS show files to show and latest folders
2023-09-24 12:05:23,842	INFO	Local web server publishing of files started
2023-09-24 12:05:23,920	INFO	Removing old file /var/www/eagg/files/Einstein-A-Go-Go-20230910.mp3
2023-09-24 12:05:23,921	INFO	Removing old file /var/www/eagg/files/ENS10Sep23.log
2023-09-24 12:05:23,921	INFO	Github publishing of files started
