2024-05-26 11:00:15,105	INFO	Start main routine for show ENS26May24
2024-05-26 11:00:15,105	INFO	Removing old working directory /srv/mm/3rrr/work19May
2024-05-26 11:00:15,178	INFO	Removing old show directory /srv/mm/3rrr/show19May
2024-05-26 11:00:15,361	INFO	mplayer cmd: mplayer -endpos 01:02:00 -quiet -nocache -vo null -vc dummy -ao pcm:waveheader:file=/srv/mm/3rrr/work26May/ENS26May24.wav_1.wav http://realtime.rrr.org.au/p1h
2024-05-26 11:00:15,378	INFO	waiting for mplayer to start, count:0
2024-05-26 11:00:16,450	INFO	waiting for mplayer to create the wav file, count:0
2024-05-26 11:00:17,452	INFO	waiting for mplayer to create the wav file, count:1
2024-05-26 11:00:18,453	INFO	waiting for the wav file to grow, size:0
2024-05-26 11:00:19,475	INFO	sampling rate is 44100
2024-05-26 11:00:19,475	INFO	Status info: rc is 1  runtime is 0  remtime is 3720   fsize is 1966080
2024-05-26 12:02:23,200	INFO	Show ENS remaining time: 0
2024-05-26 12:02:28,208	INFO	sox cmd: sox /srv/mm/3rrr/work26May/ENS26May24.wav_1.wav /srv/mm/3rrr/work26May/ENS26May24.wav
2024-05-26 12:03:15,227	INFO	sox cmd: sox /srv/mm/3rrr/work26May/ENS26May24.wav -c1 -b16 /srv/mm/3rrr/work26May/Einstein-A-Go-Go-20240526.wav_mon.wav
2024-05-26 12:03:49,418	INFO	sox cmd: sox /srv/mm/3rrr/work26May/Einstein-A-Go-Go-20240526.wav /srv/mm/3rrr/work26May/Einstein-A-Go-Go-20240526.wav_loud.wav compand 0.01,1 -90,-90,-70,-70,-60,-20,0,0 -5
2024-05-26 12:04:11,306	INFO	lame cmd: lame --quiet -b 320 --add-id3v2 --ty 2024 --tt Einstein A Go Go - 26 May 2024 --tc Einstein A Go Go can be heard every Sunday at 11.00am on 3RRR FM 102.7 MHz in Melbourne, Australia (http://www.rrr.org.au). Visit our website for more information (http://www.rrr.org.au/program/einstein-a-go-go/). --tg Podcast --ta Einstein A Go Go --tl Triple R FM /srv/mm/3rrr/work26May/ENS26May24.wav /srv/mm/3rrr/work26May/ENS26May24.mp3
2024-05-26 12:07:50,684	INFO	lame cmd: lame --quiet --preset 64 --add-id3v2 --ty 2024 --tt Einstein A Go Go - 26 May 2024 --tc Einstein A Go Go can be heard every Sunday at 11.00am on 3RRR FM 102.7 MHz in Melbourne, Australia (http://www.rrr.org.au). Visit our website for more information (http://www.rrr.org.au/program/einstein-a-go-go/). --tg Speech --ta Triple R --tl Triple R /srv/mm/3rrr/work26May/Einstein-A-Go-Go-20240526.wav /srv/mm/3rrr/work26May/Einstein-A-Go-Go-20240526.mp3
2024-05-26 12:09:38,761	INFO	Removing stale latest directory /srv/mm/3rrr/latest/ENS/
2024-05-26 12:09:38,766	INFO	Copy the ENS show files to show and latest folders
2024-05-26 12:09:47,056	INFO	Local web server publishing of files started
2024-05-26 12:09:48,252	INFO	Delete local web server archive file /var/www/eagg/files/archive/Einstein-A-Go-Go-20240331.mp3
2024-05-26 12:09:48,252	INFO	Github publishing of files started
