2024-12-22 11:00:07,772	INFO	Start main routine for show ENS22Dec24
2024-12-22 11:00:07,773	INFO	Removing old working directory /srv/mm/3rrr/work15Dec
2024-12-22 11:00:07,792	INFO	Removing old show directory /srv/mm/3rrr/show15Dec
2024-12-22 11:00:07,975	INFO	mplayer cmd: mplayer -endpos 01:02:00 -quiet -nocache -vo null -vc dummy -ao pcm:waveheader:file=/srv/mm/3rrr/work22Dec/ENS22Dec24.wav_1.wav http://realtime.rrr.org.au/p1h
2024-12-22 11:00:08,046	INFO	waiting for mplayer to start, count:0
2024-12-22 11:00:09,062	INFO	waiting for mplayer to create the wav file, count:0
2024-12-22 11:00:10,063	INFO	waiting for the wav file to grow, size:0
2024-12-22 11:00:11,064	INFO	waiting for the wav file to grow, size:1703936
2024-12-22 11:00:12,086	INFO	sampling rate is 44100
2024-12-22 11:00:12,087	INFO	Status info: rc is 1  runtime is 0  remtime is 3720   fsize is 1966080
2024-12-22 12:02:15,842	INFO	Show ENS remaining time: 0
2024-12-22 12:02:20,849	INFO	sox cmd: sox /srv/mm/3rrr/work22Dec/ENS22Dec24.wav_1.wav /srv/mm/3rrr/work22Dec/ENS22Dec24.wav
2024-12-22 12:03:07,897	INFO	sox cmd: sox /srv/mm/3rrr/work22Dec/ENS22Dec24.wav -c1 -b16 /srv/mm/3rrr/work22Dec/Einstein-A-Go-Go-20241222.wav_mon.wav
2024-12-22 12:03:42,004	INFO	sox cmd: sox /srv/mm/3rrr/work22Dec/Einstein-A-Go-Go-20241222.wav /srv/mm/3rrr/work22Dec/Einstein-A-Go-Go-20241222.wav_loud.wav compand 0.01,1 -90,-90,-70,-70,-60,-20,0,0 -5
2024-12-22 12:04:04,085	INFO	lame cmd: lame --quiet -b 320 --add-id3v2 --ty 2024 --tt Einstein A Go Go - 22 December 2024 --tc Einstein A Go Go can be heard every Sunday at 11.00am on 3RRR FM 102.7 MHz in Melbourne, Australia (http://www.rrr.org.au). Visit our website for more information (http://www.rrr.org.au/program/einstein-a-go-go/). --tg Podcast --ta Einstein A Go Go --tl Triple R FM /srv/mm/3rrr/work22Dec/ENS22Dec24.wav /srv/mm/3rrr/work22Dec/ENS22Dec24.mp3
2024-12-22 12:07:40,959	INFO	lame cmd: lame --quiet --preset 64 --add-id3v2 --ty 2024 --tt Einstein A Go Go - 22 December 2024 --tc Einstein A Go Go can be heard every Sunday at 11.00am on 3RRR FM 102.7 MHz in Melbourne, Australia (http://www.rrr.org.au). Visit our website for more information (http://www.rrr.org.au/program/einstein-a-go-go/). --tg Speech --ta Triple R --tl Triple R /srv/mm/3rrr/work22Dec/Einstein-A-Go-Go-20241222.wav /srv/mm/3rrr/work22Dec/Einstein-A-Go-Go-20241222.mp3
2024-12-22 12:09:31,098	INFO	Removing stale latest directory /srv/mm/3rrr/latest/ENS/
2024-12-22 12:09:31,166	INFO	Copy the ENS show files to show and latest folders
2024-12-22 12:09:39,512	INFO	Local web server publishing of files started
2024-12-22 12:09:40,948	INFO	Removing old file /var/www/eagg/files/Einstein-A-Go-Go-20241208.mp3
2024-12-22 12:09:40,949	INFO	Removing old file /var/www/eagg/files/ENS08Dec24.log
2024-12-22 12:09:41,012	INFO	Delete local web server archive file /var/www/eagg/files/archive/Einstein-A-Go-Go-20241027.mp3
2024-12-22 12:09:41,012	INFO	Removing old file /var/www/eagg/files/archive/Einstein-A-Go-Go-20241027.mp3
2024-12-22 12:09:41,214	INFO	Github publishing of files started
