2025-04-27 11:00:03,114	INFO	Start main routine for show ENS27Apr25
2025-04-27 11:00:03,114	INFO	Removing old working directory /srv/mm/3rrr/work20Apr
2025-04-27 11:00:03,141	INFO	Removing old show directory /srv/mm/3rrr/show20Apr
2025-04-27 11:00:03,327	INFO	mplayer cmd: mplayer -endpos 01:02:00 -quiet -nocache -vo null -vc dummy -ao pcm:waveheader:file=/srv/mm/3rrr/work27Apr/ENS27Apr25.wav_1.wav http://realtime.rrr.org.au/p1h
2025-04-27 11:00:03,404	INFO	waiting for mplayer to start, count:0
2025-04-27 11:00:04,432	INFO	waiting for mplayer to create the wav file, count:0
2025-04-27 11:00:05,433	INFO	waiting for mplayer to create the wav file, count:1
2025-04-27 11:00:06,435	INFO	waiting for the wav file to grow, size:0
2025-04-27 11:00:07,436	INFO	waiting for the wav file to grow, size:1900544
2025-04-27 11:00:08,457	INFO	sampling rate is 44100
2025-04-27 11:00:08,457	INFO	Status info: rc is 1  runtime is 0  remtime is 3720   fsize is 2359296
2025-04-27 12:02:12,213	INFO	Show ENS remaining time: 0
2025-04-27 12:02:17,222	INFO	sox cmd: sox /srv/mm/3rrr/work27Apr/ENS27Apr25.wav_1.wav /srv/mm/3rrr/work27Apr/ENS27Apr25.wav
2025-04-27 12:03:05,175	INFO	sox cmd: sox /srv/mm/3rrr/work27Apr/ENS27Apr25.wav -c1 -b16 /srv/mm/3rrr/work27Apr/Einstein-A-Go-Go-20250427.wav_mon.wav
2025-04-27 12:03:38,259	INFO	sox cmd: sox /srv/mm/3rrr/work27Apr/Einstein-A-Go-Go-20250427.wav /srv/mm/3rrr/work27Apr/Einstein-A-Go-Go-20250427.wav_loud.wav compand 0.01,1 -90,-90,-70,-70,-60,-20,0,0 -5
2025-04-27 12:04:05,815	INFO	lame cmd: lame --quiet -b 320 --add-id3v2 --ty 2025 --tt Einstein A Go Go - 27 April 2025 --tc Einstein A Go Go can be heard every Sunday at 11.00am on 3RRR FM 102.7 MHz in Melbourne, Australia (http://www.rrr.org.au). Visit our website for more information (http://www.rrr.org.au/program/einstein-a-go-go/). --tg Podcast --ta Einstein A Go Go --tl Triple R FM /srv/mm/3rrr/work27Apr/ENS27Apr25.wav /srv/mm/3rrr/work27Apr/ENS27Apr25.mp3
2025-04-27 12:08:11,127	INFO	lame cmd: lame --quiet --preset 64 --add-id3v2 --ty 2025 --tt Einstein A Go Go - 27 April 2025 --tc Einstein A Go Go can be heard every Sunday at 11.00am on 3RRR FM 102.7 MHz in Melbourne, Australia (http://www.rrr.org.au). Visit our website for more information (http://www.rrr.org.au/program/einstein-a-go-go/). --tg Speech --ta Triple R --tl Triple R /srv/mm/3rrr/work27Apr/Einstein-A-Go-Go-20250427.wav /srv/mm/3rrr/work27Apr/Einstein-A-Go-Go-20250427.mp3
2025-04-27 12:10:20,752	INFO	Removing stale latest directory /srv/mm/3rrr/latest/ENS/
2025-04-27 12:10:20,819	INFO	Copy the ENS show files to show and latest folders
2025-04-27 12:10:26,382	INFO	Local web server publishing of files started
2025-04-27 12:10:27,861	INFO	Removing old file /var/www/eagg/files/Einstein-A-Go-Go-20250413.mp3
2025-04-27 12:10:27,862	INFO	Removing old file /var/www/eagg/files/ENS13Apr25.log
2025-04-27 12:10:27,862	INFO	Delete local web server archive file /var/www/eagg/files/archive/Einstein-A-Go-Go-20250302.mp3
2025-04-27 12:10:27,862	INFO	Removing old file /var/www/eagg/files/archive/Einstein-A-Go-Go-20250302.mp3
2025-04-27 12:10:27,927	INFO	Github publishing of files started
