2024-07-28 11:00:17,053	INFO	Start main routine for show ENS28Jul24
2024-07-28 11:00:17,053	INFO	Removing old working directory /srv/mm/3rrr/work21Jul
2024-07-28 11:00:17,074	INFO	Removing old show directory /srv/mm/3rrr/show21Jul
2024-07-28 11:00:17,280	INFO	mplayer cmd: mplayer -endpos 01:02:00 -quiet -nocache -vo null -vc dummy -ao pcm:waveheader:file=/srv/mm/3rrr/work28Jul/ENS28Jul24.wav_1.wav http://realtime.rrr.org.au/p1h
2024-07-28 11:00:17,349	INFO	waiting for mplayer to start, count:0
2024-07-28 11:00:18,361	INFO	waiting for mplayer to create the wav file, count:0
2024-07-28 11:00:19,362	INFO	waiting for mplayer to create the wav file, count:1
2024-07-28 11:00:20,363	INFO	waiting for the wav file to grow, size:0
2024-07-28 11:00:21,384	INFO	sampling rate is 44100
2024-07-28 11:00:21,384	INFO	Status info: rc is 1  runtime is 0  remtime is 3720   fsize is 2097152
2024-07-28 12:02:25,137	INFO	Show ENS remaining time: 0
2024-07-28 12:02:30,146	INFO	sox cmd: sox /srv/mm/3rrr/work28Jul/ENS28Jul24.wav_1.wav /srv/mm/3rrr/work28Jul/ENS28Jul24.wav
2024-07-28 12:03:17,334	INFO	sox cmd: sox /srv/mm/3rrr/work28Jul/ENS28Jul24.wav -c1 -b16 /srv/mm/3rrr/work28Jul/Einstein-A-Go-Go-20240728.wav_mon.wav
2024-07-28 12:03:51,393	INFO	sox cmd: sox /srv/mm/3rrr/work28Jul/Einstein-A-Go-Go-20240728.wav /srv/mm/3rrr/work28Jul/Einstein-A-Go-Go-20240728.wav_loud.wav compand 0.01,1 -90,-90,-70,-70,-60,-20,0,0 -5
2024-07-28 12:04:13,164	INFO	lame cmd: lame --quiet -b 320 --add-id3v2 --ty 2024 --tt Einstein A Go Go - 28 July 2024 --tc Einstein A Go Go can be heard every Sunday at 11.00am on 3RRR FM 102.7 MHz in Melbourne, Australia (http://www.rrr.org.au). Visit our website for more information (http://www.rrr.org.au/program/einstein-a-go-go/). --tg Podcast --ta Einstein A Go Go --tl Triple R FM /srv/mm/3rrr/work28Jul/ENS28Jul24.wav /srv/mm/3rrr/work28Jul/ENS28Jul24.mp3
2024-07-28 12:07:47,192	INFO	lame cmd: lame --quiet --preset 64 --add-id3v2 --ty 2024 --tt Einstein A Go Go - 28 July 2024 --tc Einstein A Go Go can be heard every Sunday at 11.00am on 3RRR FM 102.7 MHz in Melbourne, Australia (http://www.rrr.org.au). Visit our website for more information (http://www.rrr.org.au/program/einstein-a-go-go/). --tg Speech --ta Triple R --tl Triple R /srv/mm/3rrr/work28Jul/Einstein-A-Go-Go-20240728.wav /srv/mm/3rrr/work28Jul/Einstein-A-Go-Go-20240728.mp3
2024-07-28 12:09:39,274	INFO	Removing stale latest directory /srv/mm/3rrr/latest/ENS/
2024-07-28 12:09:39,277	INFO	Copy the ENS show files to show and latest folders
2024-07-28 12:09:46,769	INFO	Local web server publishing of files started
2024-07-28 12:09:48,851	INFO	Removing old file /var/www/eagg/files/Einstein-A-Go-Go-20240714.mp3
2024-07-28 12:09:48,918	INFO	Removing old file /var/www/eagg/files/ENS14Jul24.log
2024-07-28 12:09:48,995	INFO	Delete local web server archive file /var/www/eagg/files/archive/Einstein-A-Go-Go-20240602.mp3
2024-07-28 12:09:48,996	INFO	Removing old file /var/www/eagg/files/archive/Einstein-A-Go-Go-20240602.mp3
2024-07-28 12:09:49,052	INFO	Github publishing of files started
