2024-10-27 11:00:06,703	INFO	Start main routine for show ENS27Oct24
2024-10-27 11:00:06,703	INFO	Removing old working directory /srv/mm/3rrr/work20Oct
2024-10-27 11:00:06,771	INFO	Removing old show directory /srv/mm/3rrr/show20Oct
2024-10-27 11:00:06,950	INFO	mplayer cmd: mplayer -endpos 01:02:00 -quiet -nocache -vo null -vc dummy -ao pcm:waveheader:file=/srv/mm/3rrr/work27Oct/ENS27Oct24.wav_1.wav http://realtime.rrr.org.au/p1h
2024-10-27 11:00:06,962	INFO	waiting for mplayer to start, count:0
2024-10-27 11:00:07,973	INFO	waiting for mplayer to create the wav file, count:0
2024-10-27 11:00:08,974	INFO	waiting for mplayer to create the wav file, count:1
2024-10-27 11:00:09,975	INFO	waiting for the wav file to grow, size:0
2024-10-27 11:00:10,997	INFO	sampling rate is 44100
2024-10-27 11:00:10,997	INFO	Status info: rc is 1  runtime is 0  remtime is 3720   fsize is 1966080
2024-10-27 12:02:14,705	INFO	Show ENS remaining time: 0
2024-10-27 12:02:19,714	INFO	sox cmd: sox /srv/mm/3rrr/work27Oct/ENS27Oct24.wav_1.wav /srv/mm/3rrr/work27Oct/ENS27Oct24.wav
2024-10-27 12:03:07,037	INFO	sox cmd: sox /srv/mm/3rrr/work27Oct/ENS27Oct24.wav -c1 -b16 /srv/mm/3rrr/work27Oct/Einstein-A-Go-Go-20241027.wav_mon.wav
2024-10-27 12:03:40,755	INFO	sox cmd: sox /srv/mm/3rrr/work27Oct/Einstein-A-Go-Go-20241027.wav /srv/mm/3rrr/work27Oct/Einstein-A-Go-Go-20241027.wav_loud.wav compand 0.01,1 -90,-90,-70,-70,-60,-20,0,0 -5
2024-10-27 12:04:02,547	INFO	lame cmd: lame --quiet -b 320 --add-id3v2 --ty 2024 --tt Einstein A Go Go - 27 October 2024 --tc Einstein A Go Go can be heard every Sunday at 11.00am on 3RRR FM 102.7 MHz in Melbourne, Australia (http://www.rrr.org.au). Visit our website for more information (http://www.rrr.org.au/program/einstein-a-go-go/). --tg Podcast --ta Einstein A Go Go --tl Triple R FM /srv/mm/3rrr/work27Oct/ENS27Oct24.wav /srv/mm/3rrr/work27Oct/ENS27Oct24.mp3
2024-10-27 12:07:38,495	INFO	lame cmd: lame --quiet --preset 64 --add-id3v2 --ty 2024 --tt Einstein A Go Go - 27 October 2024 --tc Einstein A Go Go can be heard every Sunday at 11.00am on 3RRR FM 102.7 MHz in Melbourne, Australia (http://www.rrr.org.au). Visit our website for more information (http://www.rrr.org.au/program/einstein-a-go-go/). --tg Speech --ta Triple R --tl Triple R /srv/mm/3rrr/work27Oct/Einstein-A-Go-Go-20241027.wav /srv/mm/3rrr/work27Oct/Einstein-A-Go-Go-20241027.mp3
2024-10-27 12:09:27,645	INFO	Removing stale latest directory /srv/mm/3rrr/latest/ENS/
2024-10-27 12:09:27,651	INFO	Copy the ENS show files to show and latest folders
2024-10-27 12:09:36,748	INFO	Local web server publishing of files started
2024-10-27 12:09:38,079	INFO	Removing old file /var/www/eagg/files/Einstein-A-Go-Go-20241013.mp3
2024-10-27 12:09:38,085	INFO	Removing old file /var/www/eagg/files/ENS13Oct24.log
2024-10-27 12:09:38,085	INFO	Delete local web server archive file /var/www/eagg/files/archive/Einstein-A-Go-Go-20240901.mp3
2024-10-27 12:09:38,085	INFO	Removing old file /var/www/eagg/files/archive/Einstein-A-Go-Go-20240901.mp3
2024-10-27 12:09:38,089	INFO	Github publishing of files started
