2025-09-21 11:00:06,907	INFO	Start main routine for show ENS21Sep25
2025-09-21 11:00:06,907	INFO	Removing old working directory /srv/mm/3rrr/work14Sep
2025-09-21 11:00:06,925	INFO	Removing old show directory /srv/mm/3rrr/show14Sep
2025-09-21 11:00:07,104	INFO	mplayer cmd: mplayer -endpos 01:02:00 -quiet -nocache -vo null -vc dummy -ao pcm:waveheader:file=/srv/mm/3rrr/work21Sep/ENS21Sep25.wav_1.wav http://realtime.rrr.org.au/p1h
2025-09-21 11:00:07,138	INFO	waiting for mplayer to start, count:0
2025-09-21 11:00:08,209	INFO	waiting for mplayer to create the wav file, count:0
2025-09-21 11:00:09,210	INFO	waiting for mplayer to create the wav file, count:1
2025-09-21 11:00:10,212	INFO	waiting for the wav file to grow, size:0
2025-09-21 11:00:11,213	INFO	waiting for the wav file to grow, size:1900544
2025-09-21 11:00:12,235	INFO	sampling rate is 44100
2025-09-21 11:00:12,235	INFO	Status info: rc is 1  runtime is 0  remtime is 3720   fsize is 2293760
2025-09-21 12:02:15,905	INFO	Show ENS remaining time: 0
2025-09-21 12:02:20,916	INFO	sox cmd: sox /srv/mm/3rrr/work21Sep/ENS21Sep25.wav_1.wav /srv/mm/3rrr/work21Sep/ENS21Sep25.wav
2025-09-21 12:03:08,653	INFO	sox cmd: sox /srv/mm/3rrr/work21Sep/ENS21Sep25.wav -c1 -b16 /srv/mm/3rrr/work21Sep/Einstein-A-Go-Go-20250921.wav_mon.wav
2025-09-21 12:03:42,265	INFO	sox cmd: sox /srv/mm/3rrr/work21Sep/Einstein-A-Go-Go-20250921.wav /srv/mm/3rrr/work21Sep/Einstein-A-Go-Go-20250921.wav_loud.wav compand 0.01,1 -90,-90,-70,-70,-60,-20,0,0 -5
2025-09-21 12:04:10,218	INFO	lame cmd: lame --quiet -b 320 --add-id3v2 --ty 2025 --tt Einstein A Go Go - 21 September 2025 --tc Einstein A Go Go can be heard every Sunday at 11.00am on 3RRR FM 102.7 MHz in Melbourne, Australia (http://www.rrr.org.au). Visit our website for more information (http://www.rrr.org.au/program/einstein-a-go-go/). --tg Podcast --ta Einstein A Go Go --tl Triple R FM /srv/mm/3rrr/work21Sep/ENS21Sep25.wav /srv/mm/3rrr/work21Sep/ENS21Sep25.mp3
2025-09-21 12:08:13,551	INFO	lame cmd: lame --quiet --preset 64 --add-id3v2 --ty 2025 --tt Einstein A Go Go - 21 September 2025 --tc Einstein A Go Go can be heard every Sunday at 11.00am on 3RRR FM 102.7 MHz in Melbourne, Australia (http://www.rrr.org.au). Visit our website for more information (http://www.rrr.org.au/program/einstein-a-go-go/). --tg Speech --ta Triple R --tl Triple R /srv/mm/3rrr/work21Sep/Einstein-A-Go-Go-20250921.wav /srv/mm/3rrr/work21Sep/Einstein-A-Go-Go-20250921.mp3
2025-09-21 12:10:26,117	INFO	Removing stale latest directory /srv/mm/3rrr/latest/ENS/
2025-09-21 12:10:26,123	INFO	Copy the ENS show files to show and latest folders
2025-09-21 12:10:35,217	INFO	Local web server publishing of files started
2025-09-21 12:10:36,754	INFO	Removing old file /var/www/eagg/files/Einstein-A-Go-Go-20250907.mp3
2025-09-21 12:10:36,758	INFO	Removing old file /var/www/eagg/files/ENS07Sep25.log
2025-09-21 12:10:36,758	INFO	Delete local web server archive file /var/www/eagg/files/archive/Einstein-A-Go-Go-20250727.mp3
2025-09-21 12:10:36,758	INFO	Removing old file /var/www/eagg/files/archive/Einstein-A-Go-Go-20250727.mp3
2025-09-21 12:10:36,852	INFO	Github publishing of files started
