2025-12-28 11:00:06,958	INFO	Start main routine for show ENS28Dec25
2025-12-28 11:00:06,958	INFO	Removing old working directory /srv/mm/3rrr/work21Dec
2025-12-28 11:00:06,974	INFO	Removing old show directory /srv/mm/3rrr/show21Dec
2025-12-28 11:00:07,162	INFO	mplayer cmd: mplayer -endpos 01:02:00 -quiet -nocache -vo null -vc dummy -ao pcm:waveheader:file=/srv/mm/3rrr/work28Dec/ENS28Dec25.wav_1.wav http://realtime.rrr.org.au/p1h
2025-12-28 11:00:07,225	INFO	waiting for mplayer to start, count:0
2025-12-28 11:00:08,304	INFO	waiting for mplayer to create the wav file, count:0
2025-12-28 11:00:09,305	INFO	waiting for mplayer to create the wav file, count:1
2025-12-28 11:00:10,307	INFO	waiting for the wav file to grow, size:0
2025-12-28 11:00:11,308	INFO	waiting for the wav file to grow, size:1900544
2025-12-28 11:00:12,353	INFO	sampling rate is 44100
2025-12-28 11:00:12,353	INFO	Status info: rc is 1  runtime is 0  remtime is 3720   fsize is 2228224
2025-12-28 12:02:16,034	INFO	Show ENS remaining time: 0
2025-12-28 12:02:21,046	INFO	sox cmd: sox /srv/mm/3rrr/work28Dec/ENS28Dec25.wav_1.wav /srv/mm/3rrr/work28Dec/ENS28Dec25.wav
2025-12-28 12:03:09,272	INFO	sox cmd: sox /srv/mm/3rrr/work28Dec/ENS28Dec25.wav -c1 -b16 /srv/mm/3rrr/work28Dec/Einstein-A-Go-Go-20251228.wav_mon.wav
2025-12-28 12:03:42,211	INFO	sox cmd: sox /srv/mm/3rrr/work28Dec/Einstein-A-Go-Go-20251228.wav /srv/mm/3rrr/work28Dec/Einstein-A-Go-Go-20251228.wav_loud.wav compand 0.01,1 -90,-90,-70,-70,-60,-20,0,0 -5
2025-12-28 12:04:09,806	INFO	lame cmd: lame --quiet -b 320 --add-id3v2 --ty 2025 --tt Einstein A Go Go - 28 December 2025 --tc Einstein A Go Go can be heard every Sunday at 11.00am on 3RRR FM 102.7 MHz in Melbourne, Australia (http://www.rrr.org.au). Visit our website for more information (http://www.rrr.org.au/program/einstein-a-go-go/). --tg Podcast --ta Einstein A Go Go --tl Triple R FM /srv/mm/3rrr/work28Dec/ENS28Dec25.wav /srv/mm/3rrr/work28Dec/ENS28Dec25.mp3
2025-12-28 12:08:18,808	INFO	lame cmd: lame --quiet --preset 64 --add-id3v2 --ty 2025 --tt Einstein A Go Go - 28 December 2025 --tc Einstein A Go Go can be heard every Sunday at 11.00am on 3RRR FM 102.7 MHz in Melbourne, Australia (http://www.rrr.org.au). Visit our website for more information (http://www.rrr.org.au/program/einstein-a-go-go/). --tg Speech --ta Triple R --tl Triple R /srv/mm/3rrr/work28Dec/Einstein-A-Go-Go-20251228.wav /srv/mm/3rrr/work28Dec/Einstein-A-Go-Go-20251228.mp3
2025-12-28 12:10:27,416	INFO	Removing stale latest directory /srv/mm/3rrr/latest/ENS/
2025-12-28 12:10:27,449	INFO	Copy the ENS show files to show and latest folders
2025-12-28 12:10:36,130	INFO	Local web server publishing of files started
2025-12-28 12:10:37,128	INFO	Removing old file /var/www/eagg/files/Einstein-A-Go-Go-20251214.mp3
2025-12-28 12:10:37,403	INFO	Removing old file /var/www/eagg/files/ENS14Dec25.log
2025-12-28 12:10:37,404	INFO	Delete local web server archive file /var/www/eagg/files/archive/Einstein-A-Go-Go-20251102.mp3
2025-12-28 12:10:37,404	INFO	Removing old file /var/www/eagg/files/archive/Einstein-A-Go-Go-20251102.mp3
2025-12-28 12:10:37,740	INFO	Github publishing of files started
