2025-01-26 11:00:18,755	INFO	Start main routine for show ENS26Jan25
2025-01-26 11:00:18,756	INFO	Removing old working directory /srv/mm/3rrr/work19Jan
2025-01-26 11:00:18,786	INFO	Removing old show directory /srv/mm/3rrr/show19Jan
2025-01-26 11:00:18,953	INFO	mplayer cmd: mplayer -endpos 01:02:00 -quiet -nocache -vo null -vc dummy -ao pcm:waveheader:file=/srv/mm/3rrr/work26Jan/ENS26Jan25.wav_1.wav http://realtime.rrr.org.au/p1h
2025-01-26 11:00:18,965	INFO	waiting for mplayer to start, count:0
2025-01-26 11:00:19,980	INFO	waiting for mplayer to create the wav file, count:0
2025-01-26 11:00:20,981	INFO	waiting for the wav file to grow, size:0
2025-01-26 11:00:21,982	INFO	waiting for the wav file to grow, size:1703936
2025-01-26 11:00:23,007	INFO	sampling rate is 44100
2025-01-26 11:00:23,007	INFO	Status info: rc is 1  runtime is 0  remtime is 3720   fsize is 2097152
2025-01-26 11:52:56,168	CRITICAL	ALERT: Wave file is not increasing in size
2025-01-26 11:52:56,182	INFO	Show ENS remaining time: 563
2025-01-26 11:53:01,196	INFO	mplayer cmd: mplayer -endpos 00:09:23 -quiet -nocache -vo null -vc dummy -ao pcm:waveheader:file=/srv/mm/3rrr/work26Jan/ENS26Jan25.wav_2.wav http://realtime.rrr.org.au/p1h
2025-01-26 11:53:01,207	INFO	waiting for mplayer to create the wav file, count:0
2025-01-26 11:53:02,209	INFO	waiting for the wav file to grow, size:0
2025-01-26 11:53:03,210	INFO	waiting for the wav file to grow, size:1703936
2025-01-26 11:53:04,216	INFO	sampling rate is 44100
2025-01-26 11:53:04,217	INFO	Status info: rc is 1  runtime is 0  remtime is 563   fsize is 2162688
2025-01-26 12:02:29,777	INFO	Show ENS remaining time: 0
2025-01-26 12:02:34,782	INFO	sox cmd: sox /srv/mm/3rrr/work26Jan/ENS26Jan25.wav_1.wav /srv/mm/3rrr/work26Jan/ENS26Jan25.wav_2.wav /srv/mm/3rrr/work26Jan/ENS26Jan25.wav
2025-01-26 12:03:22,218	INFO	sox cmd: sox /srv/mm/3rrr/work26Jan/ENS26Jan25.wav -c1 -b16 /srv/mm/3rrr/work26Jan/Einstein-A-Go-Go-20250126.wav_mon.wav
2025-01-26 12:03:55,763	INFO	sox cmd: sox /srv/mm/3rrr/work26Jan/Einstein-A-Go-Go-20250126.wav /srv/mm/3rrr/work26Jan/Einstein-A-Go-Go-20250126.wav_loud.wav compand 0.01,1 -90,-90,-70,-70,-60,-20,0,0 -5
2025-01-26 12:04:17,968	INFO	lame cmd: lame --quiet -b 320 --add-id3v2 --ty 2025 --tt Einstein A Go Go - 26 January 2025 --tc Einstein A Go Go can be heard every Sunday at 11.00am on 3RRR FM 102.7 MHz in Melbourne, Australia (http://www.rrr.org.au). Visit our website for more information (http://www.rrr.org.au/program/einstein-a-go-go/). --tg Podcast --ta Einstein A Go Go --tl Triple R FM /srv/mm/3rrr/work26Jan/ENS26Jan25.wav /srv/mm/3rrr/work26Jan/ENS26Jan25.mp3
2025-01-26 12:07:57,089	INFO	lame cmd: lame --quiet --preset 64 --add-id3v2 --ty 2025 --tt Einstein A Go Go - 26 January 2025 --tc Einstein A Go Go can be heard every Sunday at 11.00am on 3RRR FM 102.7 MHz in Melbourne, Australia (http://www.rrr.org.au). Visit our website for more information (http://www.rrr.org.au/program/einstein-a-go-go/). --tg Speech --ta Triple R --tl Triple R /srv/mm/3rrr/work26Jan/Einstein-A-Go-Go-20250126.wav /srv/mm/3rrr/work26Jan/Einstein-A-Go-Go-20250126.mp3
2025-01-26 12:09:51,263	INFO	Removing stale latest directory /srv/mm/3rrr/latest/ENS/
2025-01-26 12:09:51,275	INFO	Copy the ENS show files to show and latest folders
2025-01-26 12:09:56,800	INFO	Local web server publishing of files started
2025-01-26 12:09:58,160	INFO	Removing old file /var/www/eagg/files/Einstein-A-Go-Go-20250112.mp3
2025-01-26 12:09:58,160	INFO	Removing old file /var/www/eagg/files/ENS12Jan25.log
2025-01-26 12:09:58,222	INFO	Delete local web server archive file /var/www/eagg/files/archive/Einstein-A-Go-Go-20241201.mp3
2025-01-26 12:09:58,223	INFO	Removing old file /var/www/eagg/files/archive/Einstein-A-Go-Go-20241201.mp3
2025-01-26 12:09:58,639	INFO	Github publishing of files started
