2025-03-30 11:00:01,205	INFO	Start main routine for show ENS30Mar25
2025-03-30 11:00:01,206	INFO	Removing old working directory /srv/mm/3rrr/work23Mar
2025-03-30 11:00:01,279	INFO	Removing old show directory /srv/mm/3rrr/show23Mar
2025-03-30 11:00:01,457	INFO	mplayer cmd: mplayer -endpos 01:02:00 -quiet -nocache -vo null -vc dummy -ao pcm:waveheader:file=/srv/mm/3rrr/work30Mar/ENS30Mar25.wav_1.wav http://realtime.rrr.org.au/p1h
2025-03-30 11:00:01,478	INFO	waiting for mplayer to start, count:0
2025-03-30 11:00:02,566	INFO	waiting for mplayer to create the wav file, count:0
2025-03-30 11:00:03,568	INFO	waiting for mplayer to create the wav file, count:1
2025-03-30 11:00:04,569	INFO	waiting for the wav file to grow, size:0
2025-03-30 11:00:05,592	INFO	sampling rate is 44100
2025-03-30 11:00:05,592	INFO	Status info: rc is 1  runtime is 0  remtime is 3720   fsize is 2031616
2025-03-30 12:02:09,350	INFO	Show ENS remaining time: 0
2025-03-30 12:02:14,358	INFO	sox cmd: sox /srv/mm/3rrr/work30Mar/ENS30Mar25.wav_1.wav /srv/mm/3rrr/work30Mar/ENS30Mar25.wav
2025-03-30 12:03:02,052	INFO	sox cmd: sox /srv/mm/3rrr/work30Mar/ENS30Mar25.wav -c1 -b16 /srv/mm/3rrr/work30Mar/Einstein-A-Go-Go-20250330.wav_mon.wav
2025-03-30 12:03:35,716	INFO	sox cmd: sox /srv/mm/3rrr/work30Mar/Einstein-A-Go-Go-20250330.wav /srv/mm/3rrr/work30Mar/Einstein-A-Go-Go-20250330.wav_loud.wav compand 0.01,1 -90,-90,-70,-70,-60,-20,0,0 -5
2025-03-30 12:03:57,867	INFO	lame cmd: lame --quiet -b 320 --add-id3v2 --ty 2025 --tt Einstein A Go Go - 30 March 2025 --tc Einstein A Go Go can be heard every Sunday at 11.00am on 3RRR FM 102.7 MHz in Melbourne, Australia (http://www.rrr.org.au). Visit our website for more information (http://www.rrr.org.au/program/einstein-a-go-go/). --tg Podcast --ta Einstein A Go Go --tl Triple R FM /srv/mm/3rrr/work30Mar/ENS30Mar25.wav /srv/mm/3rrr/work30Mar/ENS30Mar25.mp3
2025-03-30 12:07:39,967	INFO	lame cmd: lame --quiet --preset 64 --add-id3v2 --ty 2025 --tt Einstein A Go Go - 30 March 2025 --tc Einstein A Go Go can be heard every Sunday at 11.00am on 3RRR FM 102.7 MHz in Melbourne, Australia (http://www.rrr.org.au). Visit our website for more information (http://www.rrr.org.au/program/einstein-a-go-go/). --tg Speech --ta Triple R --tl Triple R /srv/mm/3rrr/work30Mar/Einstein-A-Go-Go-20250330.wav /srv/mm/3rrr/work30Mar/Einstein-A-Go-Go-20250330.mp3
2025-03-30 12:09:31,896	INFO	Removing stale latest directory /srv/mm/3rrr/latest/ENS/
2025-03-30 12:09:31,950	INFO	Copy the ENS show files to show and latest folders
2025-03-30 12:09:40,115	INFO	Local web server publishing of files started
2025-03-30 12:09:41,952	INFO	Removing old file /var/www/eagg/files/Einstein-A-Go-Go-20250316.mp3
2025-03-30 12:09:41,973	INFO	Removing old file /var/www/eagg/files/ENS16Mar25.log
2025-03-30 12:09:42,018	INFO	Delete local web server archive file /var/www/eagg/files/archive/Einstein-A-Go-Go-20250202.mp3
2025-03-30 12:09:42,018	INFO	Removing old file /var/www/eagg/files/archive/Einstein-A-Go-Go-20250202.mp3
2025-03-30 12:09:42,018	INFO	Github publishing of files started
