2026-05-31 11:00:06,924	INFO	Start main routine for show ENS31May26
2026-05-31 11:00:06,924	INFO	Removing old working directory /srv/mm/3rrr/work24May
2026-05-31 11:00:06,942	INFO	Removing old show directory /srv/mm/3rrr/show24May
2026-05-31 11:00:07,110	INFO	mplayer cmd: mplayer -endpos 01:02:00 -quiet -nocache -vo null -vc dummy -ao pcm:waveheader:file=/srv/mm/3rrr/work31May/ENS31May26.wav_1.wav http://realtime.rrr.org.au/p1h
2026-05-31 11:00:07,124	INFO	waiting for mplayer to start, count:0
2026-05-31 11:00:08,134	INFO	waiting for mplayer to create the wav file, count:0
2026-05-31 11:00:09,136	INFO	waiting for mplayer to create the wav file, count:1
2026-05-31 11:00:10,137	INFO	waiting for the wav file to grow, size:0
2026-05-31 11:00:11,157	INFO	sampling rate is 44100
2026-05-31 11:00:11,158	INFO	Status info: rc is 1  runtime is 0  remtime is 3720   fsize is 1966080
2026-05-31 12:02:14,950	INFO	Show ENS remaining time: 0
2026-05-31 12:02:19,956	INFO	sox cmd: sox /srv/mm/3rrr/work31May/ENS31May26.wav_1.wav /srv/mm/3rrr/work31May/ENS31May26.wav
2026-05-31 12:03:08,337	INFO	sox cmd: sox /srv/mm/3rrr/work31May/ENS31May26.wav -c1 -b16 /srv/mm/3rrr/work31May/Einstein-A-Go-Go-20260531.wav_mon.wav
2026-05-31 12:03:41,314	INFO	sox cmd: sox /srv/mm/3rrr/work31May/Einstein-A-Go-Go-20260531.wav /srv/mm/3rrr/work31May/Einstein-A-Go-Go-20260531.wav_loud.wav compand 0.01,1 -90,-90,-70,-70,-60,-20,0,0 -5
2026-05-31 12:04:08,738	INFO	lame cmd: lame --quiet -b 320 --add-id3v2 --ty 2026 --tt Einstein A Go Go - 31 May 2026 --tc Einstein A Go Go can be heard every Sunday at 11.00am on 3RRR FM 102.7 MHz in Melbourne, Australia (http://www.rrr.org.au). Visit our website for more information (http://www.rrr.org.au/program/einstein-a-go-go/). --tg Podcast --ta Einstein A Go Go --tl Triple R FM /srv/mm/3rrr/work31May/ENS31May26.wav /srv/mm/3rrr/work31May/ENS31May26.mp3
2026-05-31 12:08:12,613	INFO	lame cmd: lame --quiet --preset 64 --add-id3v2 --ty 2026 --tt Einstein A Go Go - 31 May 2026 --tc Einstein A Go Go can be heard every Sunday at 11.00am on 3RRR FM 102.7 MHz in Melbourne, Australia (http://www.rrr.org.au). Visit our website for more information (http://www.rrr.org.au/program/einstein-a-go-go/). --tg Speech --ta Triple R --tl Triple R /srv/mm/3rrr/work31May/Einstein-A-Go-Go-20260531.wav /srv/mm/3rrr/work31May/Einstein-A-Go-Go-20260531.mp3
2026-05-31 12:10:19,452	INFO	Removing stale latest directory /srv/mm/3rrr/latest/ENS/
2026-05-31 12:10:19,458	INFO	Copy the ENS show files to show and latest folders
2026-05-31 12:10:25,174	INFO	Local web server publishing of files started
2026-05-31 12:10:26,372	INFO	Removing old file /var/www/eagg/files/Einstein-A-Go-Go-20260517.mp3
2026-05-31 12:10:26,415	INFO	Removing old file /var/www/eagg/files/ENS17May26.log
2026-05-31 12:10:26,432	INFO	Delete local web server archive file /var/www/eagg/files/archive/Einstein-A-Go-Go-20260405.mp3
2026-05-31 12:10:26,462	INFO	Removing old file /var/www/eagg/files/archive/Einstein-A-Go-Go-20260405.mp3
2026-05-31 12:10:26,491	INFO	Github publishing of files started
