2023-12-31 11:00:07,961	INFO	Start main routine for show ENS31Dec23
2023-12-31 11:00:07,962	INFO	Removing old working directory /srv/mm/3rrr/work24Dec
2023-12-31 11:00:08,004	INFO	Removing old show directory /srv/mm/3rrr/show24Dec
2023-12-31 11:00:08,096	INFO	mplayer cmd: mplayer -endpos 01:02:00 -quiet -nocache -vo null -vc dummy -ao pcm:waveheader:file=/srv/mm/3rrr/work31Dec/ENS31Dec23.wav_1.wav http://realtime.rrr.org.au/p1h
2023-12-31 11:00:08,100	INFO	waiting for mplayer to start, count:0
2023-12-31 11:00:09,106	INFO	waiting for the wav file to grow, size:0
2023-12-31 11:00:10,107	INFO	waiting for the wav file to grow, size:1638400
2023-12-31 11:00:11,140	INFO	sampling rate is 44100
2023-12-31 11:00:11,141	INFO	Status info: rc is 1  runtime is 0  remtime is 3720   fsize is 1966080
2023-12-31 12:02:14,659	INFO	Show ENS remaining time: 0
2023-12-31 12:02:19,669	INFO	sox cmd: sox /srv/mm/3rrr/work31Dec/ENS31Dec23.wav_1.wav /srv/mm/3rrr/work31Dec/ENS31Dec23.wav
2023-12-31 12:02:27,203	INFO	sox cmd: sox /srv/mm/3rrr/work31Dec/ENS31Dec23.wav -c1 -b16 /srv/mm/3rrr/work31Dec/Einstein-A-Go-Go-20231231.wav_mon.wav
2023-12-31 12:02:52,544	INFO	sox cmd: sox /srv/mm/3rrr/work31Dec/Einstein-A-Go-Go-20231231.wav /srv/mm/3rrr/work31Dec/Einstein-A-Go-Go-20231231.wav_loud.wav compand 0.01,1 -90,-90,-70,-70,-60,-20,0,0 -5
2023-12-31 12:03:03,609	INFO	lame cmd: lame --quiet -b 320 --add-id3v2 --ty 2023 --tt Einstein A Go Go - 31 December 2023 --tc Einstein A Go Go can be heard every Sunday at 11.00am on 3RRR FM 102.7 MHz in Melbourne, Australia (http://www.rrr.org.au). Visit our website for more information (http://www.rrr.org.au/program/einstein-a-go-go/). --tg Podcast --ta Einstein A Go Go --tl Triple R FM /srv/mm/3rrr/work31Dec/ENS31Dec23.wav /srv/mm/3rrr/work31Dec/ENS31Dec23.mp3
2023-12-31 12:04:32,824	INFO	lame cmd: lame --quiet --preset 64 --add-id3v2 --ty 2023 --tt Einstein A Go Go - 31 December 2023 --tc Einstein A Go Go can be heard every Sunday at 11.00am on 3RRR FM 102.7 MHz in Melbourne, Australia (http://www.rrr.org.au). Visit our website for more information (http://www.rrr.org.au/program/einstein-a-go-go/). --tg Speech --ta Triple R --tl Triple R /srv/mm/3rrr/work31Dec/Einstein-A-Go-Go-20231231.wav /srv/mm/3rrr/work31Dec/Einstein-A-Go-Go-20231231.mp3
2023-12-31 12:05:31,052	INFO	Removing stale latest directory /srv/mm/3rrr/latest/ENS/
2023-12-31 12:05:31,063	INFO	Copy the ENS show files to show and latest folders
2023-12-31 12:05:31,579	INFO	Local web server publishing of files started
2023-12-31 12:05:31,629	INFO	Removing old file /var/www/eagg/files/Einstein-A-Go-Go-20231217.mp3
2023-12-31 12:05:31,630	INFO	Removing old file /var/www/eagg/files/ENS17Dec23.log
2023-12-31 12:05:31,630	INFO	Github publishing of files started
