2024-03-31 11:00:01,710	INFO	Start main routine for show ENS31Mar24
2024-03-31 11:00:01,710	INFO	Removing old working directory /srv/mm/3rrr/work24Mar
2024-03-31 11:00:01,762	INFO	Removing old show directory /srv/mm/3rrr/show24Mar
2024-03-31 11:00:01,849	INFO	mplayer cmd: mplayer -endpos 01:02:00 -quiet -nocache -vo null -vc dummy -ao pcm:waveheader:file=/srv/mm/3rrr/work31Mar/ENS31Mar24.wav_1.wav http://realtime.rrr.org.au/p1h
2024-03-31 11:00:01,852	INFO	waiting for mplayer to start, count:0
2024-03-31 11:00:02,858	INFO	waiting for the wav file to grow, size:0
2024-03-31 11:00:03,860	INFO	waiting for the wav file to grow, size:1703936
2024-03-31 11:00:04,892	INFO	sampling rate is 44100
2024-03-31 11:00:04,892	INFO	Status info: rc is 1  runtime is 0  remtime is 3720   fsize is 2097152
2024-03-31 12:02:08,384	INFO	Show ENS remaining time: 0
2024-03-31 12:02:13,394	INFO	sox cmd: sox /srv/mm/3rrr/work31Mar/ENS31Mar24.wav_1.wav /srv/mm/3rrr/work31Mar/ENS31Mar24.wav
2024-03-31 12:02:24,047	INFO	sox cmd: sox /srv/mm/3rrr/work31Mar/ENS31Mar24.wav -c1 -b16 /srv/mm/3rrr/work31Mar/Einstein-A-Go-Go-20240331.wav_mon.wav
2024-03-31 12:02:31,755	INFO	sox cmd: sox /srv/mm/3rrr/work31Mar/Einstein-A-Go-Go-20240331.wav /srv/mm/3rrr/work31Mar/Einstein-A-Go-Go-20240331.wav_loud.wav compand 0.01,1 -90,-90,-70,-70,-60,-20,0,0 -5
2024-03-31 12:02:43,064	INFO	lame cmd: lame --quiet -b 320 --add-id3v2 --ty 2024 --tt Einstein A Go Go - 31 March 2024 --tc Einstein A Go Go can be heard every Sunday at 11.00am on 3RRR FM 102.7 MHz in Melbourne, Australia (http://www.rrr.org.au). Visit our website for more information (http://www.rrr.org.au/program/einstein-a-go-go/). --tg Podcast --ta Einstein A Go Go --tl Triple R FM /srv/mm/3rrr/work31Mar/ENS31Mar24.wav /srv/mm/3rrr/work31Mar/ENS31Mar24.mp3
2024-03-31 12:04:12,563	INFO	lame cmd: lame --quiet --preset 64 --add-id3v2 --ty 2024 --tt Einstein A Go Go - 31 March 2024 --tc Einstein A Go Go can be heard every Sunday at 11.00am on 3RRR FM 102.7 MHz in Melbourne, Australia (http://www.rrr.org.au). Visit our website for more information (http://www.rrr.org.au/program/einstein-a-go-go/). --tg Speech --ta Triple R --tl Triple R /srv/mm/3rrr/work31Mar/Einstein-A-Go-Go-20240331.wav /srv/mm/3rrr/work31Mar/Einstein-A-Go-Go-20240331.mp3
2024-03-31 12:05:20,865	INFO	Removing stale latest directory /srv/mm/3rrr/latest/ENS/
2024-03-31 12:05:20,877	INFO	Copy the ENS show files to show and latest folders
2024-03-31 12:05:21,463	INFO	Local web server publishing of files started
2024-03-31 12:05:21,628	INFO	Removing old file /var/www/eagg/files/Einstein-A-Go-Go-20240317.mp3
2024-03-31 12:05:21,649	INFO	Removing old file /var/www/eagg/files/ENS17Mar24.log
2024-03-31 12:05:21,650	INFO	Github publishing of files started
