2024-06-30 11:00:17,062	INFO	Start main routine for show ENS30Jun24
2024-06-30 11:00:17,063	INFO	Removing old working directory /srv/mm/3rrr/work23Jun
2024-06-30 11:00:17,088	INFO	Removing old show directory /srv/mm/3rrr/show23Jun
2024-06-30 11:00:17,282	INFO	mplayer cmd: mplayer -endpos 01:02:00 -quiet -nocache -vo null -vc dummy -ao pcm:waveheader:file=/srv/mm/3rrr/work30Jun/ENS30Jun24.wav_1.wav http://realtime.rrr.org.au/p1h
2024-06-30 11:00:17,353	INFO	waiting for mplayer to start, count:0
2024-06-30 11:00:18,367	INFO	waiting for mplayer to create the wav file, count:0
2024-06-30 11:00:19,368	INFO	waiting for the wav file to grow, size:0
2024-06-30 11:00:20,369	INFO	waiting for the wav file to grow, size:1703936
2024-06-30 11:00:21,390	INFO	sampling rate is 44100
2024-06-30 11:00:21,390	INFO	Status info: rc is 1  runtime is 0  remtime is 3720   fsize is 2097152
2024-06-30 12:02:25,201	INFO	Show ENS remaining time: 0
2024-06-30 12:02:30,210	INFO	sox cmd: sox /srv/mm/3rrr/work30Jun/ENS30Jun24.wav_1.wav /srv/mm/3rrr/work30Jun/ENS30Jun24.wav
2024-06-30 12:03:17,618	INFO	sox cmd: sox /srv/mm/3rrr/work30Jun/ENS30Jun24.wav -c1 -b16 /srv/mm/3rrr/work30Jun/Einstein-A-Go-Go-20240630.wav_mon.wav
2024-06-30 12:03:51,290	INFO	sox cmd: sox /srv/mm/3rrr/work30Jun/Einstein-A-Go-Go-20240630.wav /srv/mm/3rrr/work30Jun/Einstein-A-Go-Go-20240630.wav_loud.wav compand 0.01,1 -90,-90,-70,-70,-60,-20,0,0 -5
2024-06-30 12:04:13,230	INFO	lame cmd: lame --quiet -b 320 --add-id3v2 --ty 2024 --tt Einstein A Go Go - 30 June 2024 --tc Einstein A Go Go can be heard every Sunday at 11.00am on 3RRR FM 102.7 MHz in Melbourne, Australia (http://www.rrr.org.au). Visit our website for more information (http://www.rrr.org.au/program/einstein-a-go-go/). --tg Podcast --ta Einstein A Go Go --tl Triple R FM /srv/mm/3rrr/work30Jun/ENS30Jun24.wav /srv/mm/3rrr/work30Jun/ENS30Jun24.mp3
2024-06-30 12:07:46,989	INFO	lame cmd: lame --quiet --preset 64 --add-id3v2 --ty 2024 --tt Einstein A Go Go - 30 June 2024 --tc Einstein A Go Go can be heard every Sunday at 11.00am on 3RRR FM 102.7 MHz in Melbourne, Australia (http://www.rrr.org.au). Visit our website for more information (http://www.rrr.org.au/program/einstein-a-go-go/). --tg Speech --ta Triple R --tl Triple R /srv/mm/3rrr/work30Jun/Einstein-A-Go-Go-20240630.wav /srv/mm/3rrr/work30Jun/Einstein-A-Go-Go-20240630.mp3
2024-06-30 12:09:53,353	INFO	Removing stale latest directory /srv/mm/3rrr/latest/ENS/
2024-06-30 12:09:53,358	INFO	Copy the ENS show files to show and latest folders
2024-06-30 12:10:02,727	INFO	Local web server publishing of files started
2024-06-30 12:10:04,903	INFO	Removing old file /var/www/eagg/files/Einstein-A-Go-Go-20240616.mp3
2024-06-30 12:10:04,904	INFO	Removing old file /var/www/eagg/files/ENS16Jun24.log
2024-06-30 12:10:04,904	INFO	Delete local web server archive file /var/www/eagg/files/archive/Einstein-A-Go-Go-20240505.mp3
2024-06-30 12:10:04,904	INFO	Github publishing of files started
